CRITICAL - 2022-04-02 17:42:38 --> Use of undefined constant ADMIN_UPDATE_PROJECT_STATUS - assumed 'ADMIN_UPDATE_PROJECT_STATUS' (this will throw an Error in a future version of PHP)
#0 C:\xampp\htdocs\saputaratourism\app\Views\admin\common\footer.php(124): CodeIgniter\Debug\Exceptions->errorHandler(2, 'Use of undefine...', 'C:\\xampp\\htdocs...', 124, Array)
#1 C:\xampp\htdocs\saputaratourism\system\View\View.php(220): include('C:\\xampp\\htdocs...')
#2 C:\xampp\htdocs\saputaratourism\system\View\View.php(222): CodeIgniter\View\View->CodeIgniter\View\{closure}()
#3 C:\xampp\htdocs\saputaratourism\system\Common.php(1217): CodeIgniter\View\View->render('admin/common/fo...', Array, true)
#4 C:\xampp\htdocs\saputaratourism\system\Common.php(1262): view('admin/common/fo...', Array)
#5 C:\xampp\htdocs\saputaratourism\app\Controllers\Categories_c.php(39): admin_view('admin/view_cate...', Array)
#6 C:\xampp\htdocs\saputaratourism\system\CodeIgniter.php(936): App\Controllers\Categories_c->view()
#7 C:\xampp\htdocs\saputaratourism\system\CodeIgniter.php(432): CodeIgniter\CodeIgniter->runController(Object(App\Controllers\Categories_c))
#8 C:\xampp\htdocs\saputaratourism\system\CodeIgniter.php(333): CodeIgniter\CodeIgniter->handleRequest(NULL, Object(Config\Cache), false)
#9 C:\xampp\htdocs\saputaratourism\index.php(65): CodeIgniter\CodeIgniter->run()
#10 {main}
ERROR - 2022-04-02 17:43:19 --> mysqli_sql_exception: Table 'saputara.saputara_home_slider' doesn't exist in C:\xampp\htdocs\saputaratourism\system\Database\MySQLi\Connection.php:314
Stack trace:
#0 C:\xampp\htdocs\saputaratourism\system\Database\MySQLi\Connection.php(314): mysqli->query('SELECT *\r\n     ...')
#1 C:\xampp\htdocs\saputaratourism\system\Database\BaseConnection.php(713): CodeIgniter\Database\MySQLi\Connection->execute('SELECT *\r\n     ...')
#2 C:\xampp\htdocs\saputaratourism\system\Database\BaseConnection.php(641): CodeIgniter\Database\BaseConnection->simpleQuery('SELECT *\r\n     ...')
#3 C:\xampp\htdocs\saputaratourism\app\Models\Home_model.php(47): CodeIgniter\Database\BaseConnection->query('SELECT *\r\n     ...')
#4 C:\xampp\htdocs\saputaratourism\app\Controllers\Home_c.php(17): App\Models\Home_model->get_home_slider()
#5 C:\xampp\htdocs\saputaratourism\system\CodeIgniter.php(936): App\Controllers\Home_c->index()
#6 C:\xampp\htdocs\saputaratourism\system\CodeIgniter.php(432): CodeIgniter\CodeIgniter->runController(Object(App\Controllers\Home_c))
#7 C:\xampp\htdocs\saputaratourism\system\CodeIgniter.php(333): CodeIgniter\CodeIgniter->handleRequest(NULL, Object(Config\Cache), false)
#8 C:\xampp\htdocs\saputaratourism\index.php(65): CodeIgniter\CodeIgniter->run()
#9 {main}
ERROR - 2022-04-02 17:43:19 --> mysqli_sql_exception: Table 'saputara.saputara_about' doesn't exist in C:\xampp\htdocs\saputaratourism\system\Database\MySQLi\Connection.php:314
Stack trace:
#0 C:\xampp\htdocs\saputaratourism\system\Database\MySQLi\Connection.php(314): mysqli->query('SELECT *\r\n     ...')
#1 C:\xampp\htdocs\saputaratourism\system\Database\BaseConnection.php(713): CodeIgniter\Database\MySQLi\Connection->execute('SELECT *\r\n     ...')
#2 C:\xampp\htdocs\saputaratourism\system\Database\BaseConnection.php(641): CodeIgniter\Database\BaseConnection->simpleQuery('SELECT *\r\n     ...')
#3 C:\xampp\htdocs\saputaratourism\app\Models\Home_model.php(55): CodeIgniter\Database\BaseConnection->query('SELECT *\r\n     ...')
#4 C:\xampp\htdocs\saputaratourism\app\Controllers\Home_c.php(19): App\Models\Home_model->get_saputara_about()
#5 C:\xampp\htdocs\saputaratourism\system\CodeIgniter.php(936): App\Controllers\Home_c->index()
#6 C:\xampp\htdocs\saputaratourism\system\CodeIgniter.php(432): CodeIgniter\CodeIgniter->runController(Object(App\Controllers\Home_c))
#7 C:\xampp\htdocs\saputaratourism\system\CodeIgniter.php(333): CodeIgniter\CodeIgniter->handleRequest(NULL, Object(Config\Cache), false)
#8 C:\xampp\htdocs\saputaratourism\index.php(65): CodeIgniter\CodeIgniter->run()
#9 {main}
