ERROR - 2022-04-13 17:14:58 --> mysqli_sql_exception: Table 'saputara.saputara_home_slider' doesn't exist in C:\xampp\htdocs\saputaratourism\system\Database\MySQLi\Connection.php:314
Stack trace:
#0 C:\xampp\htdocs\saputaratourism\system\Database\MySQLi\Connection.php(314): mysqli->query('SELECT *\r\n     ...')
#1 C:\xampp\htdocs\saputaratourism\system\Database\BaseConnection.php(713): CodeIgniter\Database\MySQLi\Connection->execute('SELECT *\r\n     ...')
#2 C:\xampp\htdocs\saputaratourism\system\Database\BaseConnection.php(641): CodeIgniter\Database\BaseConnection->simpleQuery('SELECT *\r\n     ...')
#3 C:\xampp\htdocs\saputaratourism\app\Models\Home_model.php(47): CodeIgniter\Database\BaseConnection->query('SELECT *\r\n     ...')
#4 C:\xampp\htdocs\saputaratourism\app\Controllers\Home_c.php(17): App\Models\Home_model->get_home_slider()
#5 C:\xampp\htdocs\saputaratourism\system\CodeIgniter.php(936): App\Controllers\Home_c->index()
#6 C:\xampp\htdocs\saputaratourism\system\CodeIgniter.php(432): CodeIgniter\CodeIgniter->runController(Object(App\Controllers\Home_c))
#7 C:\xampp\htdocs\saputaratourism\system\CodeIgniter.php(333): CodeIgniter\CodeIgniter->handleRequest(NULL, Object(Config\Cache), false)
#8 C:\xampp\htdocs\saputaratourism\index.php(65): CodeIgniter\CodeIgniter->run()
#9 {main}
ERROR - 2022-04-13 17:14:59 --> mysqli_sql_exception: Table 'saputara.saputara_about' doesn't exist in C:\xampp\htdocs\saputaratourism\system\Database\MySQLi\Connection.php:314
Stack trace:
#0 C:\xampp\htdocs\saputaratourism\system\Database\MySQLi\Connection.php(314): mysqli->query('SELECT *\r\n     ...')
#1 C:\xampp\htdocs\saputaratourism\system\Database\BaseConnection.php(713): CodeIgniter\Database\MySQLi\Connection->execute('SELECT *\r\n     ...')
#2 C:\xampp\htdocs\saputaratourism\system\Database\BaseConnection.php(641): CodeIgniter\Database\BaseConnection->simpleQuery('SELECT *\r\n     ...')
#3 C:\xampp\htdocs\saputaratourism\app\Models\Home_model.php(55): CodeIgniter\Database\BaseConnection->query('SELECT *\r\n     ...')
#4 C:\xampp\htdocs\saputaratourism\app\Controllers\Home_c.php(19): App\Models\Home_model->get_saputara_about()
#5 C:\xampp\htdocs\saputaratourism\system\CodeIgniter.php(936): App\Controllers\Home_c->index()
#6 C:\xampp\htdocs\saputaratourism\system\CodeIgniter.php(432): CodeIgniter\CodeIgniter->runController(Object(App\Controllers\Home_c))
#7 C:\xampp\htdocs\saputaratourism\system\CodeIgniter.php(333): CodeIgniter\CodeIgniter->handleRequest(NULL, Object(Config\Cache), false)
#8 C:\xampp\htdocs\saputaratourism\index.php(65): CodeIgniter\CodeIgniter->run()
#9 {main}
ERROR - 2022-04-13 17:52:50 --> mysqli_sql_exception: Table 'saputara.saputara_facility' doesn't exist in C:\xampp\htdocs\saputaratourism\system\Database\MySQLi\Connection.php:314
Stack trace:
#0 C:\xampp\htdocs\saputaratourism\system\Database\MySQLi\Connection.php(314): mysqli->query('SELECT *\r\n     ...')
#1 C:\xampp\htdocs\saputaratourism\system\Database\BaseConnection.php(713): CodeIgniter\Database\MySQLi\Connection->execute('SELECT *\r\n     ...')
#2 C:\xampp\htdocs\saputaratourism\system\Database\BaseConnection.php(641): CodeIgniter\Database\BaseConnection->simpleQuery('SELECT *\r\n     ...')
#3 C:\xampp\htdocs\saputaratourism\app\Models\Home_model.php(40): CodeIgniter\Database\BaseConnection->query('SELECT *\r\n     ...')
#4 C:\xampp\htdocs\saputaratourism\app\Controllers\Home_c.php(32): App\Models\Home_model->get_facilities(0)
#5 C:\xampp\htdocs\saputaratourism\system\CodeIgniter.php(936): App\Controllers\Home_c->listing(0)
#6 C:\xampp\htdocs\saputaratourism\system\CodeIgniter.php(432): CodeIgniter\CodeIgniter->runController(Object(App\Controllers\Home_c))
#7 C:\xampp\htdocs\saputaratourism\system\CodeIgniter.php(333): CodeIgniter\CodeIgniter->handleRequest(NULL, Object(Config\Cache), false)
#8 C:\xampp\htdocs\saputaratourism\index.php(65): CodeIgniter\CodeIgniter->run()
#9 {main}
ERROR - 2022-04-13 17:56:35 --> mysqli_sql_exception: Table 'saputara.saputara_facility' doesn't exist in C:\xampp\htdocs\saputaratourism\system\Database\MySQLi\Connection.php:314
Stack trace:
#0 C:\xampp\htdocs\saputaratourism\system\Database\MySQLi\Connection.php(314): mysqli->query('SELECT *\r\n     ...')
#1 C:\xampp\htdocs\saputaratourism\system\Database\BaseConnection.php(713): CodeIgniter\Database\MySQLi\Connection->execute('SELECT *\r\n     ...')
#2 C:\xampp\htdocs\saputaratourism\system\Database\BaseConnection.php(641): CodeIgniter\Database\BaseConnection->simpleQuery('SELECT *\r\n     ...')
#3 C:\xampp\htdocs\saputaratourism\app\Models\Home_model.php(40): CodeIgniter\Database\BaseConnection->query('SELECT *\r\n     ...')
#4 C:\xampp\htdocs\saputaratourism\app\Controllers\Home_c.php(32): App\Models\Home_model->get_facilities(0)
#5 C:\xampp\htdocs\saputaratourism\system\CodeIgniter.php(936): App\Controllers\Home_c->listing(0)
#6 C:\xampp\htdocs\saputaratourism\system\CodeIgniter.php(432): CodeIgniter\CodeIgniter->runController(Object(App\Controllers\Home_c))
#7 C:\xampp\htdocs\saputaratourism\system\CodeIgniter.php(333): CodeIgniter\CodeIgniter->handleRequest(NULL, Object(Config\Cache), false)
#8 C:\xampp\htdocs\saputaratourism\index.php(65): CodeIgniter\CodeIgniter->run()
#9 {main}
ERROR - 2022-04-13 18:19:02 --> mysqli_sql_exception: Table 'saputara.saputara_facility' doesn't exist in C:\xampp\htdocs\saputaratourism\system\Database\MySQLi\Connection.php:314
Stack trace:
#0 C:\xampp\htdocs\saputaratourism\system\Database\MySQLi\Connection.php(314): mysqli->query('SELECT *\r\n     ...')
#1 C:\xampp\htdocs\saputaratourism\system\Database\BaseConnection.php(713): CodeIgniter\Database\MySQLi\Connection->execute('SELECT *\r\n     ...')
#2 C:\xampp\htdocs\saputaratourism\system\Database\BaseConnection.php(641): CodeIgniter\Database\BaseConnection->simpleQuery('SELECT *\r\n     ...')
#3 C:\xampp\htdocs\saputaratourism\app\Models\Home_model.php(40): CodeIgniter\Database\BaseConnection->query('SELECT *\r\n     ...')
#4 C:\xampp\htdocs\saputaratourism\app\Controllers\Home_c.php(28): App\Models\Home_model->get_facilities(1)
#5 C:\xampp\htdocs\saputaratourism\system\CodeIgniter.php(936): App\Controllers\Home_c->hotel_listing(1)
#6 C:\xampp\htdocs\saputaratourism\system\CodeIgniter.php(432): CodeIgniter\CodeIgniter->runController(Object(App\Controllers\Home_c))
#7 C:\xampp\htdocs\saputaratourism\system\CodeIgniter.php(333): CodeIgniter\CodeIgniter->handleRequest(NULL, Object(Config\Cache), false)
#8 C:\xampp\htdocs\saputaratourism\index.php(65): CodeIgniter\CodeIgniter->run()
#9 {main}
CRITICAL - 2022-04-13 18:51:21 --> syntax error, unexpected '}'
#0 C:\xampp\htdocs\saputaratourism\system\View\View.php(222): CodeIgniter\View\View->CodeIgniter\View\{closure}()
#1 C:\xampp\htdocs\saputaratourism\system\Common.php(1217): CodeIgniter\View\View->render('hotel_details', Array, true)
#2 C:\xampp\htdocs\saputaratourism\system\Common.php(1282): view('hotel_details', Array)
#3 C:\xampp\htdocs\saputaratourism\app\Controllers\Home_c.php(37): front_view('hotel_details', Array)
#4 C:\xampp\htdocs\saputaratourism\system\CodeIgniter.php(936): App\Controllers\Home_c->hotel_details(16)
#5 C:\xampp\htdocs\saputaratourism\system\CodeIgniter.php(432): CodeIgniter\CodeIgniter->runController(Object(App\Controllers\Home_c))
#6 C:\xampp\htdocs\saputaratourism\system\CodeIgniter.php(333): CodeIgniter\CodeIgniter->handleRequest(NULL, Object(Config\Cache), false)
#7 C:\xampp\htdocs\saputaratourism\index.php(65): CodeIgniter\CodeIgniter->run()
#8 {main}
