CRITICAL - 2021-05-22 20:31:01 --> Use of undefined constant MASTER_ADMIN_ORDER_LIST_LINK - assumed 'MASTER_ADMIN_ORDER_LIST_LINK' (this will throw an Error in a future version of PHP)
#0 C:\xampp745\htdocs\powernum\app\Views\masteradmin\common\sidebar.php(35): CodeIgniter\Debug\Exceptions->errorHandler(2, 'Use of undefine...', 'C:\\xampp745\\htd...', 35, Array)
#1 C:\xampp745\htdocs\powernum\system\View\View.php(220): include('C:\\xampp745\\htd...')
#2 C:\xampp745\htdocs\powernum\system\View\View.php(222): CodeIgniter\View\View->CodeIgniter\View\{closure}()
#3 C:\xampp745\htdocs\powernum\system\Common.php(1217): CodeIgniter\View\View->render('masteradmin/com...', Array, true)
#4 C:\xampp745\htdocs\powernum\system\Common.php(1248): view('masteradmin/com...', Array)
#5 C:\xampp745\htdocs\powernum\app\Controllers\Masteradmin_c.php(21): master_admin_view('masteradmin/das...', Array)
#6 C:\xampp745\htdocs\powernum\system\CodeIgniter.php(936): App\Controllers\Masteradmin_c->dashboard()
#7 C:\xampp745\htdocs\powernum\system\CodeIgniter.php(432): CodeIgniter\CodeIgniter->runController(Object(App\Controllers\Masteradmin_c))
#8 C:\xampp745\htdocs\powernum\system\CodeIgniter.php(333): CodeIgniter\CodeIgniter->handleRequest(NULL, Object(Config\Cache), false)
#9 C:\xampp745\htdocs\powernum\index.php(62): CodeIgniter\CodeIgniter->run()
#10 {main}
CRITICAL - 2021-05-22 20:31:34 --> Use of undefined constant MASTER_ADMIN_ORDER_LIST_LINK - assumed 'MASTER_ADMIN_ORDER_LIST_LINK' (this will throw an Error in a future version of PHP)
#0 C:\xampp745\htdocs\powernum\app\Views\masteradmin\common\sidebar.php(35): CodeIgniter\Debug\Exceptions->errorHandler(2, 'Use of undefine...', 'C:\\xampp745\\htd...', 35, Array)
#1 C:\xampp745\htdocs\powernum\system\View\View.php(220): include('C:\\xampp745\\htd...')
#2 C:\xampp745\htdocs\powernum\system\View\View.php(222): CodeIgniter\View\View->CodeIgniter\View\{closure}()
#3 C:\xampp745\htdocs\powernum\system\Common.php(1217): CodeIgniter\View\View->render('masteradmin/com...', Array, true)
#4 C:\xampp745\htdocs\powernum\system\Common.php(1248): view('masteradmin/com...', Array)
#5 C:\xampp745\htdocs\powernum\app\Controllers\Masteradmin_c.php(21): master_admin_view('masteradmin/das...', Array)
#6 C:\xampp745\htdocs\powernum\system\CodeIgniter.php(936): App\Controllers\Masteradmin_c->dashboard()
#7 C:\xampp745\htdocs\powernum\system\CodeIgniter.php(432): CodeIgniter\CodeIgniter->runController(Object(App\Controllers\Masteradmin_c))
#8 C:\xampp745\htdocs\powernum\system\CodeIgniter.php(333): CodeIgniter\CodeIgniter->handleRequest(NULL, Object(Config\Cache), false)
#9 C:\xampp745\htdocs\powernum\index.php(62): CodeIgniter\CodeIgniter->run()
#10 {main}
CRITICAL - 2021-05-22 20:42:52 --> Undefined index: admin
#0 C:\xampp745\htdocs\powernum\app\Views\masteradmin\common\topnavigation.php(236): CodeIgniter\Debug\Exceptions->errorHandler(8, 'Undefined index...', 'C:\\xampp745\\htd...', 236, Array)
#1 C:\xampp745\htdocs\powernum\system\View\View.php(220): include('C:\\xampp745\\htd...')
#2 C:\xampp745\htdocs\powernum\system\View\View.php(222): CodeIgniter\View\View->CodeIgniter\View\{closure}()
#3 C:\xampp745\htdocs\powernum\system\Common.php(1217): CodeIgniter\View\View->render('masteradmin/com...', Array, true)
#4 C:\xampp745\htdocs\powernum\system\Common.php(1249): view('masteradmin/com...', Array)
#5 C:\xampp745\htdocs\powernum\app\Controllers\Masteradmin_c.php(21): master_admin_view('masteradmin/das...', Array)
#6 C:\xampp745\htdocs\powernum\system\CodeIgniter.php(936): App\Controllers\Masteradmin_c->dashboard()
#7 C:\xampp745\htdocs\powernum\system\CodeIgniter.php(432): CodeIgniter\CodeIgniter->runController(Object(App\Controllers\Masteradmin_c))
#8 C:\xampp745\htdocs\powernum\system\CodeIgniter.php(333): CodeIgniter\CodeIgniter->handleRequest(NULL, Object(Config\Cache), false)
#9 C:\xampp745\htdocs\powernum\index.php(62): CodeIgniter\CodeIgniter->run()
#10 {main}
CRITICAL - 2021-05-22 20:42:54 --> Undefined index: admin
#0 C:\xampp745\htdocs\powernum\app\Views\masteradmin\common\topnavigation.php(236): CodeIgniter\Debug\Exceptions->errorHandler(8, 'Undefined index...', 'C:\\xampp745\\htd...', 236, Array)
#1 C:\xampp745\htdocs\powernum\system\View\View.php(220): include('C:\\xampp745\\htd...')
#2 C:\xampp745\htdocs\powernum\system\View\View.php(222): CodeIgniter\View\View->CodeIgniter\View\{closure}()
#3 C:\xampp745\htdocs\powernum\system\Common.php(1217): CodeIgniter\View\View->render('masteradmin/com...', Array, true)
#4 C:\xampp745\htdocs\powernum\system\Common.php(1249): view('masteradmin/com...', Array)
#5 C:\xampp745\htdocs\powernum\app\Controllers\Masteradmin_c.php(21): master_admin_view('masteradmin/das...', Array)
#6 C:\xampp745\htdocs\powernum\system\CodeIgniter.php(936): App\Controllers\Masteradmin_c->dashboard()
#7 C:\xampp745\htdocs\powernum\system\CodeIgniter.php(432): CodeIgniter\CodeIgniter->runController(Object(App\Controllers\Masteradmin_c))
#8 C:\xampp745\htdocs\powernum\system\CodeIgniter.php(333): CodeIgniter\CodeIgniter->handleRequest(NULL, Object(Config\Cache), false)
#9 C:\xampp745\htdocs\powernum\index.php(62): CodeIgniter\CodeIgniter->run()
#10 {main}
ERROR - 2021-05-22 20:47:48 --> mysqli_sql_exception: Table 'powernum.tbl_token' doesn't exist in C:\xampp745\htdocs\powernum\system\Database\MySQLi\Connection.php:314
Stack trace:
#0 C:\xampp745\htdocs\powernum\system\Database\MySQLi\Connection.php(314): mysqli->query('SELECT COUNT(re...')
#1 C:\xampp745\htdocs\powernum\system\Database\BaseConnection.php(713): CodeIgniter\Database\MySQLi\Connection->execute('SELECT COUNT(re...')
#2 C:\xampp745\htdocs\powernum\system\Database\BaseConnection.php(641): CodeIgniter\Database\BaseConnection->simpleQuery('SELECT COUNT(re...')
#3 C:\xampp745\htdocs\powernum\app\Models\Madmin\Followup_m.php(39): CodeIgniter\Database\BaseConnection->query('SELECT COUNT(re...')
#4 C:\xampp745\htdocs\powernum\app\Controllers\Followup_cm.php(70): App\Models\Madmin\Followup_m->load_time()
#5 C:\xampp745\htdocs\powernum\system\CodeIgniter.php(936): App\Controllers\Followup_cm->add_followup()
#6 C:\xampp745\htdocs\powernum\system\CodeIgniter.php(432): CodeIgniter\CodeIgniter->runController(Object(App\Controllers\Followup_cm))
#7 C:\xampp745\htdocs\powernum\system\CodeIgniter.php(333): CodeIgniter\CodeIgniter->handleRequest(NULL, Object(Config\Cache), false)
#8 C:\xampp745\htdocs\powernum\index.php(62): CodeIgniter\CodeIgniter->run()
#9 {main}
CRITICAL - 2021-05-22 20:47:48 --> Table 'powernum.tbl_token' doesn't exist
#0 C:\xampp745\htdocs\powernum\system\Database\MySQLi\Connection.php(314): mysqli->query('SELECT COUNT(re...')
#1 C:\xampp745\htdocs\powernum\system\Database\BaseConnection.php(713): CodeIgniter\Database\MySQLi\Connection->execute('SELECT COUNT(re...')
#2 C:\xampp745\htdocs\powernum\system\Database\BaseConnection.php(641): CodeIgniter\Database\BaseConnection->simpleQuery('SELECT COUNT(re...')
#3 C:\xampp745\htdocs\powernum\app\Models\Madmin\Followup_m.php(39): CodeIgniter\Database\BaseConnection->query('SELECT COUNT(re...')
#4 C:\xampp745\htdocs\powernum\app\Controllers\Followup_cm.php(70): App\Models\Madmin\Followup_m->load_time()
#5 C:\xampp745\htdocs\powernum\system\CodeIgniter.php(936): App\Controllers\Followup_cm->add_followup()
#6 C:\xampp745\htdocs\powernum\system\CodeIgniter.php(432): CodeIgniter\CodeIgniter->runController(Object(App\Controllers\Followup_cm))
#7 C:\xampp745\htdocs\powernum\system\CodeIgniter.php(333): CodeIgniter\CodeIgniter->handleRequest(NULL, Object(Config\Cache), false)
#8 C:\xampp745\htdocs\powernum\index.php(62): CodeIgniter\CodeIgniter->run()
#9 {main}
CRITICAL - 2021-05-22 20:48:10 --> Undefined index: admin
#0 C:\xampp745\htdocs\powernum\app\Views\masteradmin\common\topnavigation.php(236): CodeIgniter\Debug\Exceptions->errorHandler(8, 'Undefined index...', 'C:\\xampp745\\htd...', 236, Array)
#1 C:\xampp745\htdocs\powernum\system\View\View.php(220): include('C:\\xampp745\\htd...')
#2 C:\xampp745\htdocs\powernum\system\View\View.php(222): CodeIgniter\View\View->CodeIgniter\View\{closure}()
#3 C:\xampp745\htdocs\powernum\system\Common.php(1217): CodeIgniter\View\View->render('masteradmin/com...', Array, true)
#4 C:\xampp745\htdocs\powernum\system\Common.php(1249): view('masteradmin/com...', Array)
#5 C:\xampp745\htdocs\powernum\app\Controllers\Followup_cm.php(25): master_admin_view('masteradmin/fol...', Array)
#6 C:\xampp745\htdocs\powernum\system\CodeIgniter.php(936): App\Controllers\Followup_cm->index()
#7 C:\xampp745\htdocs\powernum\system\CodeIgniter.php(432): CodeIgniter\CodeIgniter->runController(Object(App\Controllers\Followup_cm))
#8 C:\xampp745\htdocs\powernum\system\CodeIgniter.php(333): CodeIgniter\CodeIgniter->handleRequest(NULL, Object(Config\Cache), false)
#9 C:\xampp745\htdocs\powernum\index.php(62): CodeIgniter\CodeIgniter->run()
#10 {main}
ERROR - 2021-05-22 21:19:08 --> mysqli_sql_exception: Table 'powernum.tbl_token' doesn't exist in C:\xampp745\htdocs\powernum\system\Database\MySQLi\Connection.php:314
Stack trace:
#0 C:\xampp745\htdocs\powernum\system\Database\MySQLi\Connection.php(314): mysqli->query('SELECT COUNT(re...')
#1 C:\xampp745\htdocs\powernum\system\Database\BaseConnection.php(713): CodeIgniter\Database\MySQLi\Connection->execute('SELECT COUNT(re...')
#2 C:\xampp745\htdocs\powernum\system\Database\BaseConnection.php(641): CodeIgniter\Database\BaseConnection->simpleQuery('SELECT COUNT(re...')
#3 C:\xampp745\htdocs\powernum\app\Models\Madmin\Followup_m.php(39): CodeIgniter\Database\BaseConnection->query('SELECT COUNT(re...')
#4 C:\xampp745\htdocs\powernum\app\Controllers\Followup_cm.php(70): App\Models\Madmin\Followup_m->load_time()
#5 C:\xampp745\htdocs\powernum\system\CodeIgniter.php(936): App\Controllers\Followup_cm->add_followup()
#6 C:\xampp745\htdocs\powernum\system\CodeIgniter.php(432): CodeIgniter\CodeIgniter->runController(Object(App\Controllers\Followup_cm))
#7 C:\xampp745\htdocs\powernum\system\CodeIgniter.php(333): CodeIgniter\CodeIgniter->handleRequest(NULL, Object(Config\Cache), false)
#8 C:\xampp745\htdocs\powernum\index.php(62): CodeIgniter\CodeIgniter->run()
#9 {main}
CRITICAL - 2021-05-22 21:19:08 --> Table 'powernum.tbl_token' doesn't exist
#0 C:\xampp745\htdocs\powernum\system\Database\MySQLi\Connection.php(314): mysqli->query('SELECT COUNT(re...')
#1 C:\xampp745\htdocs\powernum\system\Database\BaseConnection.php(713): CodeIgniter\Database\MySQLi\Connection->execute('SELECT COUNT(re...')
#2 C:\xampp745\htdocs\powernum\system\Database\BaseConnection.php(641): CodeIgniter\Database\BaseConnection->simpleQuery('SELECT COUNT(re...')
#3 C:\xampp745\htdocs\powernum\app\Models\Madmin\Followup_m.php(39): CodeIgniter\Database\BaseConnection->query('SELECT COUNT(re...')
#4 C:\xampp745\htdocs\powernum\app\Controllers\Followup_cm.php(70): App\Models\Madmin\Followup_m->load_time()
#5 C:\xampp745\htdocs\powernum\system\CodeIgniter.php(936): App\Controllers\Followup_cm->add_followup()
#6 C:\xampp745\htdocs\powernum\system\CodeIgniter.php(432): CodeIgniter\CodeIgniter->runController(Object(App\Controllers\Followup_cm))
#7 C:\xampp745\htdocs\powernum\system\CodeIgniter.php(333): CodeIgniter\CodeIgniter->handleRequest(NULL, Object(Config\Cache), false)
#8 C:\xampp745\htdocs\powernum\index.php(62): CodeIgniter\CodeIgniter->run()
#9 {main}
CRITICAL - 2021-05-22 21:28:59 --> You must set the database table to be used with your query.
#0 C:\xampp745\htdocs\powernum\system\Model.php(615): CodeIgniter\Database\BaseConnection->table(NULL)
#1 C:\xampp745\htdocs\powernum\system\Model.php(834): CodeIgniter\Model->builder()
#2 C:\xampp745\htdocs\powernum\app\Controllers\Followup_cm.php(46): CodeIgniter\Model->__call('load_time', Array)
#3 C:\xampp745\htdocs\powernum\system\CodeIgniter.php(936): App\Controllers\Followup_cm->add_followup()
#4 C:\xampp745\htdocs\powernum\system\CodeIgniter.php(432): CodeIgniter\CodeIgniter->runController(Object(App\Controllers\Followup_cm))
#5 C:\xampp745\htdocs\powernum\system\CodeIgniter.php(333): CodeIgniter\CodeIgniter->handleRequest(NULL, Object(Config\Cache), false)
#6 C:\xampp745\htdocs\powernum\index.php(62): CodeIgniter\CodeIgniter->run()
#7 {main}
CRITICAL - 2021-05-22 21:29:02 --> You must set the database table to be used with your query.
#0 C:\xampp745\htdocs\powernum\system\Model.php(615): CodeIgniter\Database\BaseConnection->table(NULL)
#1 C:\xampp745\htdocs\powernum\system\Model.php(834): CodeIgniter\Model->builder()
#2 C:\xampp745\htdocs\powernum\app\Controllers\Followup_cm.php(46): CodeIgniter\Model->__call('load_time', Array)
#3 C:\xampp745\htdocs\powernum\system\CodeIgniter.php(936): App\Controllers\Followup_cm->add_followup()
#4 C:\xampp745\htdocs\powernum\system\CodeIgniter.php(432): CodeIgniter\CodeIgniter->runController(Object(App\Controllers\Followup_cm))
#5 C:\xampp745\htdocs\powernum\system\CodeIgniter.php(333): CodeIgniter\CodeIgniter->handleRequest(NULL, Object(Config\Cache), false)
#6 C:\xampp745\htdocs\powernum\index.php(62): CodeIgniter\CodeIgniter->run()
#7 {main}
CRITICAL - 2021-05-22 21:34:47 --> Class 'App\Models\Madmin\Followup_m' not found
#0 C:\xampp745\htdocs\powernum\system\CodeIgniter.php(908): App\Controllers\Ticket_cm->__construct()
#1 C:\xampp745\htdocs\powernum\system\CodeIgniter.php(422): CodeIgniter\CodeIgniter->createController()
#2 C:\xampp745\htdocs\powernum\system\CodeIgniter.php(333): CodeIgniter\CodeIgniter->handleRequest(NULL, Object(Config\Cache), false)
#3 C:\xampp745\htdocs\powernum\index.php(62): CodeIgniter\CodeIgniter->run()
#4 {main}
CRITICAL - 2021-05-22 21:38:00 --> Use of undefined constant MASTER_ADMIN_FOLLOWUP_LIST_TITLE - assumed 'MASTER_ADMIN_FOLLOWUP_LIST_TITLE' (this will throw an Error in a future version of PHP)
#0 C:\xampp745\htdocs\powernum\app\Controllers\Ticket_cm.php(24): CodeIgniter\Debug\Exceptions->errorHandler(2, 'Use of undefine...', 'C:\\xampp745\\htd...', 24, Array)
#1 C:\xampp745\htdocs\powernum\system\CodeIgniter.php(936): App\Controllers\Ticket_cm->index()
#2 C:\xampp745\htdocs\powernum\system\CodeIgniter.php(432): CodeIgniter\CodeIgniter->runController(Object(App\Controllers\Ticket_cm))
#3 C:\xampp745\htdocs\powernum\system\CodeIgniter.php(333): CodeIgniter\CodeIgniter->handleRequest(NULL, Object(Config\Cache), false)
#4 C:\xampp745\htdocs\powernum\index.php(62): CodeIgniter\CodeIgniter->run()
#5 {main}
CRITICAL - 2021-05-22 21:38:19 --> Use of undefined constant MASTER_ADMIN_FOLLOWUP_LIST_TITLE - assumed 'MASTER_ADMIN_FOLLOWUP_LIST_TITLE' (this will throw an Error in a future version of PHP)
#0 C:\xampp745\htdocs\powernum\app\Controllers\Ticket_cm.php(24): CodeIgniter\Debug\Exceptions->errorHandler(2, 'Use of undefine...', 'C:\\xampp745\\htd...', 24, Array)
#1 C:\xampp745\htdocs\powernum\system\CodeIgniter.php(936): App\Controllers\Ticket_cm->index()
#2 C:\xampp745\htdocs\powernum\system\CodeIgniter.php(432): CodeIgniter\CodeIgniter->runController(Object(App\Controllers\Ticket_cm))
#3 C:\xampp745\htdocs\powernum\system\CodeIgniter.php(333): CodeIgniter\CodeIgniter->handleRequest(NULL, Object(Config\Cache), false)
#4 C:\xampp745\htdocs\powernum\index.php(62): CodeIgniter\CodeIgniter->run()
#5 {main}
CRITICAL - 2021-05-22 21:38:27 --> Use of undefined constant MASTER_ADMIN_FOLLOWUP_LIST_TITLE - assumed 'MASTER_ADMIN_FOLLOWUP_LIST_TITLE' (this will throw an Error in a future version of PHP)
#0 C:\xampp745\htdocs\powernum\app\Controllers\Ticket_cm.php(24): CodeIgniter\Debug\Exceptions->errorHandler(2, 'Use of undefine...', 'C:\\xampp745\\htd...', 24, Array)
#1 C:\xampp745\htdocs\powernum\system\CodeIgniter.php(936): App\Controllers\Ticket_cm->index()
#2 C:\xampp745\htdocs\powernum\system\CodeIgniter.php(432): CodeIgniter\CodeIgniter->runController(Object(App\Controllers\Ticket_cm))
#3 C:\xampp745\htdocs\powernum\system\CodeIgniter.php(333): CodeIgniter\CodeIgniter->handleRequest(NULL, Object(Config\Cache), false)
#4 C:\xampp745\htdocs\powernum\index.php(62): CodeIgniter\CodeIgniter->run()
#5 {main}
CRITICAL - 2021-05-22 21:38:44 --> Use of undefined constant MASTER_ADMIN_FOLLOWUP_LIST_LINK - assumed 'MASTER_ADMIN_FOLLOWUP_LIST_LINK' (this will throw an Error in a future version of PHP)
#0 C:\xampp745\htdocs\powernum\app\Views\masteradmin\common\sidebar.php(27): CodeIgniter\Debug\Exceptions->errorHandler(2, 'Use of undefine...', 'C:\\xampp745\\htd...', 27, Array)
#1 C:\xampp745\htdocs\powernum\system\View\View.php(220): include('C:\\xampp745\\htd...')
#2 C:\xampp745\htdocs\powernum\system\View\View.php(222): CodeIgniter\View\View->CodeIgniter\View\{closure}()
#3 C:\xampp745\htdocs\powernum\system\Common.php(1217): CodeIgniter\View\View->render('masteradmin/com...', Array, true)
#4 C:\xampp745\htdocs\powernum\system\Common.php(1248): view('masteradmin/com...', Array)
#5 C:\xampp745\htdocs\powernum\app\Controllers\Ticket_cm.php(25): master_admin_view('masteradmin/tic...', Array)
#6 C:\xampp745\htdocs\powernum\system\CodeIgniter.php(936): App\Controllers\Ticket_cm->index()
#7 C:\xampp745\htdocs\powernum\system\CodeIgniter.php(432): CodeIgniter\CodeIgniter->runController(Object(App\Controllers\Ticket_cm))
#8 C:\xampp745\htdocs\powernum\system\CodeIgniter.php(333): CodeIgniter\CodeIgniter->handleRequest(NULL, Object(Config\Cache), false)
#9 C:\xampp745\htdocs\powernum\index.php(62): CodeIgniter\CodeIgniter->run()
#10 {main}
CRITICAL - 2021-05-22 21:38:59 --> Use of undefined constant MASTER_ADMIN_ADD_FOLLOWUP_LINK - assumed 'MASTER_ADMIN_ADD_FOLLOWUP_LINK' (this will throw an Error in a future version of PHP)
#0 C:\xampp745\htdocs\powernum\app\Views\masteradmin\ticket_list.php(16): CodeIgniter\Debug\Exceptions->errorHandler(2, 'Use of undefine...', 'C:\\xampp745\\htd...', 16, Array)
#1 C:\xampp745\htdocs\powernum\system\View\View.php(220): include('C:\\xampp745\\htd...')
#2 C:\xampp745\htdocs\powernum\system\View\View.php(222): CodeIgniter\View\View->CodeIgniter\View\{closure}()
#3 C:\xampp745\htdocs\powernum\system\Common.php(1217): CodeIgniter\View\View->render('masteradmin/tic...', Array, true)
#4 C:\xampp745\htdocs\powernum\system\Common.php(1250): view('masteradmin/tic...', Array)
#5 C:\xampp745\htdocs\powernum\app\Controllers\Ticket_cm.php(25): master_admin_view('masteradmin/tic...', Array)
#6 C:\xampp745\htdocs\powernum\system\CodeIgniter.php(936): App\Controllers\Ticket_cm->index()
#7 C:\xampp745\htdocs\powernum\system\CodeIgniter.php(432): CodeIgniter\CodeIgniter->runController(Object(App\Controllers\Ticket_cm))
#8 C:\xampp745\htdocs\powernum\system\CodeIgniter.php(333): CodeIgniter\CodeIgniter->handleRequest(NULL, Object(Config\Cache), false)
#9 C:\xampp745\htdocs\powernum\index.php(62): CodeIgniter\CodeIgniter->run()
#10 {main}
CRITICAL - 2021-05-22 21:39:05 --> Use of undefined constant MASTER_ADMIN_ADD_FOLLOWUP_LINK - assumed 'MASTER_ADMIN_ADD_FOLLOWUP_LINK' (this will throw an Error in a future version of PHP)
#0 C:\xampp745\htdocs\powernum\app\Views\masteradmin\ticket_list.php(16): CodeIgniter\Debug\Exceptions->errorHandler(2, 'Use of undefine...', 'C:\\xampp745\\htd...', 16, Array)
#1 C:\xampp745\htdocs\powernum\system\View\View.php(220): include('C:\\xampp745\\htd...')
#2 C:\xampp745\htdocs\powernum\system\View\View.php(222): CodeIgniter\View\View->CodeIgniter\View\{closure}()
#3 C:\xampp745\htdocs\powernum\system\Common.php(1217): CodeIgniter\View\View->render('masteradmin/tic...', Array, true)
#4 C:\xampp745\htdocs\powernum\system\Common.php(1250): view('masteradmin/tic...', Array)
#5 C:\xampp745\htdocs\powernum\app\Controllers\Ticket_cm.php(25): master_admin_view('masteradmin/tic...', Array)
#6 C:\xampp745\htdocs\powernum\system\CodeIgniter.php(936): App\Controllers\Ticket_cm->index()
#7 C:\xampp745\htdocs\powernum\system\CodeIgniter.php(432): CodeIgniter\CodeIgniter->runController(Object(App\Controllers\Ticket_cm))
#8 C:\xampp745\htdocs\powernum\system\CodeIgniter.php(333): CodeIgniter\CodeIgniter->handleRequest(NULL, Object(Config\Cache), false)
#9 C:\xampp745\htdocs\powernum\index.php(62): CodeIgniter\CodeIgniter->run()
#10 {main}
CRITICAL - 2021-05-22 21:39:45 --> Use of undefined constant MASTER_ADMIN_ADD_FOLLOWUP_LINK - assumed 'MASTER_ADMIN_ADD_FOLLOWUP_LINK' (this will throw an Error in a future version of PHP)
#0 C:\xampp745\htdocs\powernum\app\Views\masteradmin\ticket_list.php(16): CodeIgniter\Debug\Exceptions->errorHandler(2, 'Use of undefine...', 'C:\\xampp745\\htd...', 16, Array)
#1 C:\xampp745\htdocs\powernum\system\View\View.php(220): include('C:\\xampp745\\htd...')
#2 C:\xampp745\htdocs\powernum\system\View\View.php(222): CodeIgniter\View\View->CodeIgniter\View\{closure}()
#3 C:\xampp745\htdocs\powernum\system\Common.php(1217): CodeIgniter\View\View->render('masteradmin/tic...', Array, true)
#4 C:\xampp745\htdocs\powernum\system\Common.php(1250): view('masteradmin/tic...', Array)
#5 C:\xampp745\htdocs\powernum\app\Controllers\Ticket_cm.php(25): master_admin_view('masteradmin/tic...', Array)
#6 C:\xampp745\htdocs\powernum\system\CodeIgniter.php(936): App\Controllers\Ticket_cm->index()
#7 C:\xampp745\htdocs\powernum\system\CodeIgniter.php(432): CodeIgniter\CodeIgniter->runController(Object(App\Controllers\Ticket_cm))
#8 C:\xampp745\htdocs\powernum\system\CodeIgniter.php(333): CodeIgniter\CodeIgniter->handleRequest(NULL, Object(Config\Cache), false)
#9 C:\xampp745\htdocs\powernum\index.php(62): CodeIgniter\CodeIgniter->run()
#10 {main}
CRITICAL - 2021-05-22 21:40:11 --> Use of undefined constant MASTER_ADMIN_FOLLOWUP_LIST_TITLE - assumed 'MASTER_ADMIN_FOLLOWUP_LIST_TITLE' (this will throw an Error in a future version of PHP)
#0 C:\xampp745\htdocs\powernum\app\Views\masteradmin\ticketlistjs.php(1): CodeIgniter\Debug\Exceptions->errorHandler(2, 'Use of undefine...', 'C:\\xampp745\\htd...', 1, Array)
#1 C:\xampp745\htdocs\powernum\app\Views\masteradmin\common\footer.php(168): include('C:\\xampp745\\htd...')
#2 C:\xampp745\htdocs\powernum\system\View\View.php(220): include('C:\\xampp745\\htd...')
#3 C:\xampp745\htdocs\powernum\system\View\View.php(222): CodeIgniter\View\View->CodeIgniter\View\{closure}()
#4 C:\xampp745\htdocs\powernum\system\Common.php(1217): CodeIgniter\View\View->render('masteradmin/com...', Array, true)
#5 C:\xampp745\htdocs\powernum\system\Common.php(1251): view('masteradmin/com...', Array)
#6 C:\xampp745\htdocs\powernum\app\Controllers\Ticket_cm.php(25): master_admin_view('masteradmin/tic...', Array)
#7 C:\xampp745\htdocs\powernum\system\CodeIgniter.php(936): App\Controllers\Ticket_cm->index()
#8 C:\xampp745\htdocs\powernum\system\CodeIgniter.php(432): CodeIgniter\CodeIgniter->runController(Object(App\Controllers\Ticket_cm))
#9 C:\xampp745\htdocs\powernum\system\CodeIgniter.php(333): CodeIgniter\CodeIgniter->handleRequest(NULL, Object(Config\Cache), false)
#10 C:\xampp745\htdocs\powernum\index.php(62): CodeIgniter\CodeIgniter->run()
#11 {main}
CRITICAL - 2021-05-22 21:40:34 --> Use of undefined constant MASTER_ADMIN_FOLLOWUP_LIST_TITLE - assumed 'MASTER_ADMIN_FOLLOWUP_LIST_TITLE' (this will throw an Error in a future version of PHP)
#0 C:\xampp745\htdocs\powernum\app\Views\masteradmin\ticketlistjs.php(1): CodeIgniter\Debug\Exceptions->errorHandler(2, 'Use of undefine...', 'C:\\xampp745\\htd...', 1, Array)
#1 C:\xampp745\htdocs\powernum\app\Views\masteradmin\common\footer.php(168): include('C:\\xampp745\\htd...')
#2 C:\xampp745\htdocs\powernum\system\View\View.php(220): include('C:\\xampp745\\htd...')
#3 C:\xampp745\htdocs\powernum\system\View\View.php(222): CodeIgniter\View\View->CodeIgniter\View\{closure}()
#4 C:\xampp745\htdocs\powernum\system\Common.php(1217): CodeIgniter\View\View->render('masteradmin/com...', Array, true)
#5 C:\xampp745\htdocs\powernum\system\Common.php(1251): view('masteradmin/com...', Array)
#6 C:\xampp745\htdocs\powernum\app\Controllers\Ticket_cm.php(25): master_admin_view('masteradmin/tic...', Array)
#7 C:\xampp745\htdocs\powernum\system\CodeIgniter.php(936): App\Controllers\Ticket_cm->index()
#8 C:\xampp745\htdocs\powernum\system\CodeIgniter.php(432): CodeIgniter\CodeIgniter->runController(Object(App\Controllers\Ticket_cm))
#9 C:\xampp745\htdocs\powernum\system\CodeIgniter.php(333): CodeIgniter\CodeIgniter->handleRequest(NULL, Object(Config\Cache), false)
#10 C:\xampp745\htdocs\powernum\index.php(62): CodeIgniter\CodeIgniter->run()
#11 {main}
CRITICAL - 2021-05-22 21:42:52 --> Use of undefined constant MASTER_ADMIN_FOLLOWUP_LIST_TITLE - assumed 'MASTER_ADMIN_FOLLOWUP_LIST_TITLE' (this will throw an Error in a future version of PHP)
#0 C:\xampp745\htdocs\powernum\app\Views\masteradmin\ticketlistjs.php(1): CodeIgniter\Debug\Exceptions->errorHandler(2, 'Use of undefine...', 'C:\\xampp745\\htd...', 1, Array)
#1 C:\xampp745\htdocs\powernum\app\Views\masteradmin\common\footer.php(168): include('C:\\xampp745\\htd...')
#2 C:\xampp745\htdocs\powernum\system\View\View.php(220): include('C:\\xampp745\\htd...')
#3 C:\xampp745\htdocs\powernum\system\View\View.php(222): CodeIgniter\View\View->CodeIgniter\View\{closure}()
#4 C:\xampp745\htdocs\powernum\system\Common.php(1217): CodeIgniter\View\View->render('masteradmin/com...', Array, true)
#5 C:\xampp745\htdocs\powernum\system\Common.php(1251): view('masteradmin/com...', Array)
#6 C:\xampp745\htdocs\powernum\app\Controllers\Ticket_cm.php(25): master_admin_view('masteradmin/tic...', Array)
#7 C:\xampp745\htdocs\powernum\system\CodeIgniter.php(936): App\Controllers\Ticket_cm->index()
#8 C:\xampp745\htdocs\powernum\system\CodeIgniter.php(432): CodeIgniter\CodeIgniter->runController(Object(App\Controllers\Ticket_cm))
#9 C:\xampp745\htdocs\powernum\system\CodeIgniter.php(333): CodeIgniter\CodeIgniter->handleRequest(NULL, Object(Config\Cache), false)
#10 C:\xampp745\htdocs\powernum\index.php(62): CodeIgniter\CodeIgniter->run()
#11 {main}
