CRITICAL - 2021-06-05 11:53:03 --> Undefined property: stdClass::$paidAmount
#0 C:\xampp745\htdocs\powernum\app\Controllers\Agent_c.php(68): CodeIgniter\Debug\Exceptions->errorHandler(8, 'Undefined prope...', 'C:\\xampp745\\htd...', 68, Array)
#1 C:\xampp745\htdocs\powernum\system\CodeIgniter.php(936): App\Controllers\Agent_c->withdraw_history_list_ajax()
#2 C:\xampp745\htdocs\powernum\system\CodeIgniter.php(432): CodeIgniter\CodeIgniter->runController(Object(App\Controllers\Agent_c))
#3 C:\xampp745\htdocs\powernum\system\CodeIgniter.php(333): CodeIgniter\CodeIgniter->handleRequest(NULL, Object(Config\Cache), false)
#4 C:\xampp745\htdocs\powernum\index.php(62): CodeIgniter\CodeIgniter->run()
#5 {main}
CRITICAL - 2021-06-05 11:57:45 --> Argument 1 passed to CodeIgniter\Database\BaseBuilder::orderBy() must be of the type string, null given, called in C:\xampp745\htdocs\powernum\app\Models\Madmin\Withdraw_m.php on line 40
#0 C:\xampp745\htdocs\powernum\app\Models\Madmin\Withdraw_m.php(40): CodeIgniter\Database\BaseBuilder->orderBy(NULL, 'desc')
#1 C:\xampp745\htdocs\powernum\app\Models\Madmin\Withdraw_m.php(50): App\Models\Madmin\Withdraw_m->_get_datatables_query(Object(CodeIgniter\Database\MySQLi\Builder))
#2 C:\xampp745\htdocs\powernum\app\Controllers\Agent_c.php(60): App\Models\Madmin\Withdraw_m->get_datatables('2')
#3 C:\xampp745\htdocs\powernum\system\CodeIgniter.php(936): App\Controllers\Agent_c->withdraw_history_list_ajax()
#4 C:\xampp745\htdocs\powernum\system\CodeIgniter.php(432): CodeIgniter\CodeIgniter->runController(Object(App\Controllers\Agent_c))
#5 C:\xampp745\htdocs\powernum\system\CodeIgniter.php(333): CodeIgniter\CodeIgniter->handleRequest(NULL, Object(Config\Cache), false)
#6 C:\xampp745\htdocs\powernum\index.php(62): CodeIgniter\CodeIgniter->run()
#7 {main}
CRITICAL - 2021-06-05 11:59:32 --> Argument 1 passed to CodeIgniter\Database\BaseBuilder::orderBy() must be of the type string, null given, called in C:\xampp745\htdocs\powernum\app\Models\Madmin\Withdraw_m.php on line 40
#0 C:\xampp745\htdocs\powernum\app\Models\Madmin\Withdraw_m.php(40): CodeIgniter\Database\BaseBuilder->orderBy(NULL, 'desc')
#1 C:\xampp745\htdocs\powernum\app\Models\Madmin\Withdraw_m.php(50): App\Models\Madmin\Withdraw_m->_get_datatables_query(Object(CodeIgniter\Database\MySQLi\Builder))
#2 C:\xampp745\htdocs\powernum\app\Controllers\Agent_c.php(60): App\Models\Madmin\Withdraw_m->get_datatables('2')
#3 C:\xampp745\htdocs\powernum\system\CodeIgniter.php(936): App\Controllers\Agent_c->withdraw_history_list_ajax()
#4 C:\xampp745\htdocs\powernum\system\CodeIgniter.php(432): CodeIgniter\CodeIgniter->runController(Object(App\Controllers\Agent_c))
#5 C:\xampp745\htdocs\powernum\system\CodeIgniter.php(333): CodeIgniter\CodeIgniter->handleRequest(NULL, Object(Config\Cache), false)
#6 C:\xampp745\htdocs\powernum\index.php(62): CodeIgniter\CodeIgniter->run()
#7 {main}
CRITICAL - 2021-06-05 12:01:59 --> Argument 1 passed to CodeIgniter\Database\BaseBuilder::orderBy() must be of the type string, null given, called in C:\xampp745\htdocs\powernum\app\Models\Madmin\Withdraw_m.php on line 40
#0 C:\xampp745\htdocs\powernum\app\Models\Madmin\Withdraw_m.php(40): CodeIgniter\Database\BaseBuilder->orderBy(NULL, 'desc')
#1 C:\xampp745\htdocs\powernum\app\Models\Madmin\Withdraw_m.php(50): App\Models\Madmin\Withdraw_m->_get_datatables_query(Object(CodeIgniter\Database\MySQLi\Builder))
#2 C:\xampp745\htdocs\powernum\app\Controllers\Agent_c.php(60): App\Models\Madmin\Withdraw_m->get_datatables('2')
#3 C:\xampp745\htdocs\powernum\system\CodeIgniter.php(936): App\Controllers\Agent_c->withdraw_history_list_ajax()
#4 C:\xampp745\htdocs\powernum\system\CodeIgniter.php(432): CodeIgniter\CodeIgniter->runController(Object(App\Controllers\Agent_c))
#5 C:\xampp745\htdocs\powernum\system\CodeIgniter.php(333): CodeIgniter\CodeIgniter->handleRequest(NULL, Object(Config\Cache), false)
#6 C:\xampp745\htdocs\powernum\index.php(62): CodeIgniter\CodeIgniter->run()
#7 {main}
CRITICAL - 2021-06-05 12:02:06 --> Argument 1 passed to CodeIgniter\Database\BaseBuilder::orderBy() must be of the type string, null given, called in C:\xampp745\htdocs\powernum\app\Models\Madmin\Withdraw_m.php on line 40
#0 C:\xampp745\htdocs\powernum\app\Models\Madmin\Withdraw_m.php(40): CodeIgniter\Database\BaseBuilder->orderBy(NULL, 'desc')
#1 C:\xampp745\htdocs\powernum\app\Models\Madmin\Withdraw_m.php(50): App\Models\Madmin\Withdraw_m->_get_datatables_query(Object(CodeIgniter\Database\MySQLi\Builder))
#2 C:\xampp745\htdocs\powernum\app\Controllers\Agent_c.php(60): App\Models\Madmin\Withdraw_m->get_datatables('2')
#3 C:\xampp745\htdocs\powernum\system\CodeIgniter.php(936): App\Controllers\Agent_c->withdraw_history_list_ajax()
#4 C:\xampp745\htdocs\powernum\system\CodeIgniter.php(432): CodeIgniter\CodeIgniter->runController(Object(App\Controllers\Agent_c))
#5 C:\xampp745\htdocs\powernum\system\CodeIgniter.php(333): CodeIgniter\CodeIgniter->handleRequest(NULL, Object(Config\Cache), false)
#6 C:\xampp745\htdocs\powernum\index.php(62): CodeIgniter\CodeIgniter->run()
#7 {main}
CRITICAL - 2021-06-05 12:03:57 --> Argument 1 passed to CodeIgniter\Database\BaseBuilder::orderBy() must be of the type string, null given, called in C:\xampp745\htdocs\powernum\app\Models\Madmin\Withdraw_m.php on line 40
#0 C:\xampp745\htdocs\powernum\app\Models\Madmin\Withdraw_m.php(40): CodeIgniter\Database\BaseBuilder->orderBy(NULL, 'asc')
#1 C:\xampp745\htdocs\powernum\app\Models\Madmin\Withdraw_m.php(50): App\Models\Madmin\Withdraw_m->_get_datatables_query(Object(CodeIgniter\Database\MySQLi\Builder))
#2 C:\xampp745\htdocs\powernum\app\Controllers\Agent_c.php(60): App\Models\Madmin\Withdraw_m->get_datatables('2')
#3 C:\xampp745\htdocs\powernum\system\CodeIgniter.php(936): App\Controllers\Agent_c->withdraw_history_list_ajax()
#4 C:\xampp745\htdocs\powernum\system\CodeIgniter.php(432): CodeIgniter\CodeIgniter->runController(Object(App\Controllers\Agent_c))
#5 C:\xampp745\htdocs\powernum\system\CodeIgniter.php(333): CodeIgniter\CodeIgniter->handleRequest(NULL, Object(Config\Cache), false)
#6 C:\xampp745\htdocs\powernum\index.php(62): CodeIgniter\CodeIgniter->run()
#7 {main}
CRITICAL - 2021-06-05 12:04:00 --> Argument 1 passed to CodeIgniter\Database\BaseBuilder::orderBy() must be of the type string, null given, called in C:\xampp745\htdocs\powernum\app\Models\Madmin\Withdraw_m.php on line 40
#0 C:\xampp745\htdocs\powernum\app\Models\Madmin\Withdraw_m.php(40): CodeIgniter\Database\BaseBuilder->orderBy(NULL, 'desc')
#1 C:\xampp745\htdocs\powernum\app\Models\Madmin\Withdraw_m.php(50): App\Models\Madmin\Withdraw_m->_get_datatables_query(Object(CodeIgniter\Database\MySQLi\Builder))
#2 C:\xampp745\htdocs\powernum\app\Controllers\Agent_c.php(60): App\Models\Madmin\Withdraw_m->get_datatables('2')
#3 C:\xampp745\htdocs\powernum\system\CodeIgniter.php(936): App\Controllers\Agent_c->withdraw_history_list_ajax()
#4 C:\xampp745\htdocs\powernum\system\CodeIgniter.php(432): CodeIgniter\CodeIgniter->runController(Object(App\Controllers\Agent_c))
#5 C:\xampp745\htdocs\powernum\system\CodeIgniter.php(333): CodeIgniter\CodeIgniter->handleRequest(NULL, Object(Config\Cache), false)
#6 C:\xampp745\htdocs\powernum\index.php(62): CodeIgniter\CodeIgniter->run()
#7 {main}
CRITICAL - 2021-06-05 12:04:31 --> Undefined offset: 4
#0 C:\xampp745\htdocs\powernum\app\Models\Madmin\Withdraw_m.php(40): CodeIgniter\Debug\Exceptions->errorHandler(8, 'Undefined offse...', 'C:\\xampp745\\htd...', 40, Array)
#1 C:\xampp745\htdocs\powernum\app\Models\Madmin\Withdraw_m.php(50): App\Models\Madmin\Withdraw_m->_get_datatables_query(Object(CodeIgniter\Database\MySQLi\Builder))
#2 C:\xampp745\htdocs\powernum\app\Controllers\Agent_c.php(60): App\Models\Madmin\Withdraw_m->get_datatables('2')
#3 C:\xampp745\htdocs\powernum\system\CodeIgniter.php(936): App\Controllers\Agent_c->withdraw_history_list_ajax()
#4 C:\xampp745\htdocs\powernum\system\CodeIgniter.php(432): CodeIgniter\CodeIgniter->runController(Object(App\Controllers\Agent_c))
#5 C:\xampp745\htdocs\powernum\system\CodeIgniter.php(333): CodeIgniter\CodeIgniter->handleRequest(NULL, Object(Config\Cache), false)
#6 C:\xampp745\htdocs\powernum\index.php(62): CodeIgniter\CodeIgniter->run()
#7 {main}
CRITICAL - 2021-06-05 12:05:03 --> Undefined offset: 4
#0 C:\xampp745\htdocs\powernum\app\Models\Madmin\Withdraw_m.php(40): CodeIgniter\Debug\Exceptions->errorHandler(8, 'Undefined offse...', 'C:\\xampp745\\htd...', 40, Array)
#1 C:\xampp745\htdocs\powernum\app\Models\Madmin\Withdraw_m.php(50): App\Models\Madmin\Withdraw_m->_get_datatables_query(Object(CodeIgniter\Database\MySQLi\Builder))
#2 C:\xampp745\htdocs\powernum\app\Controllers\Agent_c.php(60): App\Models\Madmin\Withdraw_m->get_datatables('2')
#3 C:\xampp745\htdocs\powernum\system\CodeIgniter.php(936): App\Controllers\Agent_c->withdraw_history_list_ajax()
#4 C:\xampp745\htdocs\powernum\system\CodeIgniter.php(432): CodeIgniter\CodeIgniter->runController(Object(App\Controllers\Agent_c))
#5 C:\xampp745\htdocs\powernum\system\CodeIgniter.php(333): CodeIgniter\CodeIgniter->handleRequest(NULL, Object(Config\Cache), false)
#6 C:\xampp745\htdocs\powernum\index.php(62): CodeIgniter\CodeIgniter->run()
#7 {main}
ERROR - 2021-06-05 15:04:44 --> mysqli_sql_exception: Unknown column 'refAgent_id' in 'field list' in C:\xampp745\htdocs\powernum\system\Database\MySQLi\Connection.php:314
Stack trace:
#0 C:\xampp745\htdocs\powernum\system\Database\MySQLi\Connection.php(314): mysqli->query('INSERT INTO `us...')
#1 C:\xampp745\htdocs\powernum\system\Database\BaseConnection.php(713): CodeIgniter\Database\MySQLi\Connection->execute('INSERT INTO `us...')
#2 C:\xampp745\htdocs\powernum\system\Database\BaseConnection.php(641): CodeIgniter\Database\BaseConnection->simpleQuery('INSERT INTO `us...')
#3 C:\xampp745\htdocs\powernum\system\Database\BaseBuilder.php(2263): CodeIgniter\Database\BaseConnection->query('INSERT INTO `us...', Array, false)
#4 C:\xampp745\htdocs\powernum\app\Models\Madmin\Agent_m.php(82): CodeIgniter\Database\BaseBuilder->insert(Array)
#5 C:\xampp745\htdocs\powernum\app\Controllers\User_c.php(50): App\Models\Madmin\Agent_m->add_withdraw_request_user(Array)
#6 C:\xampp745\htdocs\powernum\system\CodeIgniter.php(936): App\Controllers\User_c->withdraw_req()
#7 C:\xampp745\htdocs\powernum\system\CodeIgniter.php(432): CodeIgniter\CodeIgniter->runController(Object(App\Controllers\User_c))
#8 C:\xampp745\htdocs\powernum\system\CodeIgniter.php(333): CodeIgniter\CodeIgniter->handleRequest(NULL, Object(Config\Cache), false)
#9 C:\xampp745\htdocs\powernum\index.php(62): CodeIgniter\CodeIgniter->run()
#10 {main}
CRITICAL - 2021-06-05 15:04:44 --> Unknown column 'refAgent_id' in 'field list'
#0 C:\xampp745\htdocs\powernum\system\Database\MySQLi\Connection.php(314): mysqli->query('INSERT INTO `us...')
#1 C:\xampp745\htdocs\powernum\system\Database\BaseConnection.php(713): CodeIgniter\Database\MySQLi\Connection->execute('INSERT INTO `us...')
#2 C:\xampp745\htdocs\powernum\system\Database\BaseConnection.php(641): CodeIgniter\Database\BaseConnection->simpleQuery('INSERT INTO `us...')
#3 C:\xampp745\htdocs\powernum\system\Database\BaseBuilder.php(2263): CodeIgniter\Database\BaseConnection->query('INSERT INTO `us...', Array, false)
#4 C:\xampp745\htdocs\powernum\app\Models\Madmin\Agent_m.php(82): CodeIgniter\Database\BaseBuilder->insert(Array)
#5 C:\xampp745\htdocs\powernum\app\Controllers\User_c.php(50): App\Models\Madmin\Agent_m->add_withdraw_request_user(Array)
#6 C:\xampp745\htdocs\powernum\system\CodeIgniter.php(936): App\Controllers\User_c->withdraw_req()
#7 C:\xampp745\htdocs\powernum\system\CodeIgniter.php(432): CodeIgniter\CodeIgniter->runController(Object(App\Controllers\User_c))
#8 C:\xampp745\htdocs\powernum\system\CodeIgniter.php(333): CodeIgniter\CodeIgniter->handleRequest(NULL, Object(Config\Cache), false)
#9 C:\xampp745\htdocs\powernum\index.php(62): CodeIgniter\CodeIgniter->run()
#10 {main}
CRITICAL - 2021-06-05 15:12:29 --> Undefined property: stdClass::$agent_wallet_id
#0 C:\xampp745\htdocs\powernum\app\Controllers\User_c.php(80): CodeIgniter\Debug\Exceptions->errorHandler(8, 'Undefined prope...', 'C:\\xampp745\\htd...', 80, Array)
#1 C:\xampp745\htdocs\powernum\system\CodeIgniter.php(936): App\Controllers\User_c->withdraw_history_list_ajax()
#2 C:\xampp745\htdocs\powernum\system\CodeIgniter.php(432): CodeIgniter\CodeIgniter->runController(Object(App\Controllers\User_c))
#3 C:\xampp745\htdocs\powernum\system\CodeIgniter.php(333): CodeIgniter\CodeIgniter->handleRequest(NULL, Object(Config\Cache), false)
#4 C:\xampp745\htdocs\powernum\index.php(62): CodeIgniter\CodeIgniter->run()
#5 {main}
CRITICAL - 2021-06-05 15:18:59 --> Undefined offset: 3
#0 C:\xampp745\htdocs\powernum\app\Models\Madmin\Winner_m.php(61): CodeIgniter\Debug\Exceptions->errorHandler(8, 'Undefined offse...', 'C:\\xampp745\\htd...', 61, Array)
#1 C:\xampp745\htdocs\powernum\app\Models\Madmin\Winner_m.php(83): App\Models\Madmin\Winner_m->_get_datatables_query(Object(CodeIgniter\Database\MySQLi\Builder))
#2 C:\xampp745\htdocs\powernum\app\Controllers\Common_c.php(55): App\Models\Madmin\Winner_m->get_datatables('1')
#3 C:\xampp745\htdocs\powernum\system\CodeIgniter.php(936): App\Controllers\Common_c->winner_list_ajax()
#4 C:\xampp745\htdocs\powernum\system\CodeIgniter.php(432): CodeIgniter\CodeIgniter->runController(Object(App\Controllers\Common_c))
#5 C:\xampp745\htdocs\powernum\system\CodeIgniter.php(333): CodeIgniter\CodeIgniter->handleRequest(NULL, Object(Config\Cache), false)
#6 C:\xampp745\htdocs\powernum\index.php(62): CodeIgniter\CodeIgniter->run()
#7 {main}
CRITICAL - 2021-06-05 16:04:25 --> Undefined property: App\Controllers\Agent_c::$Withdraw_user_m
#0 C:\xampp745\htdocs\powernum\app\Controllers\Agent_c.php(88): CodeIgniter\Debug\Exceptions->errorHandler(8, 'Undefined prope...', 'C:\\xampp745\\htd...', 88, Array)
#1 C:\xampp745\htdocs\powernum\system\CodeIgniter.php(936): App\Controllers\Agent_c->withdraw_history_agent_user_list_ajax()
#2 C:\xampp745\htdocs\powernum\system\CodeIgniter.php(432): CodeIgniter\CodeIgniter->runController(Object(App\Controllers\Agent_c))
#3 C:\xampp745\htdocs\powernum\system\CodeIgniter.php(333): CodeIgniter\CodeIgniter->handleRequest(NULL, Object(Config\Cache), false)
#4 C:\xampp745\htdocs\powernum\index.php(62): CodeIgniter\CodeIgniter->run()
#5 {main}
CRITICAL - 2021-06-05 16:04:37 --> Undefined property: App\Controllers\Agent_c::$Withdraw_user_m
#0 C:\xampp745\htdocs\powernum\app\Controllers\Agent_c.php(88): CodeIgniter\Debug\Exceptions->errorHandler(8, 'Undefined prope...', 'C:\\xampp745\\htd...', 88, Array)
#1 C:\xampp745\htdocs\powernum\system\CodeIgniter.php(936): App\Controllers\Agent_c->withdraw_history_agent_user_list_ajax()
#2 C:\xampp745\htdocs\powernum\system\CodeIgniter.php(432): CodeIgniter\CodeIgniter->runController(Object(App\Controllers\Agent_c))
#3 C:\xampp745\htdocs\powernum\system\CodeIgniter.php(333): CodeIgniter\CodeIgniter->handleRequest(NULL, Object(Config\Cache), false)
#4 C:\xampp745\htdocs\powernum\index.php(62): CodeIgniter\CodeIgniter->run()
#5 {main}
CRITICAL - 2021-06-05 16:05:32 --> Undefined property: App\Controllers\Agent_c::$Withdraw_user_m
#0 C:\xampp745\htdocs\powernum\app\Controllers\Agent_c.php(88): CodeIgniter\Debug\Exceptions->errorHandler(8, 'Undefined prope...', 'C:\\xampp745\\htd...', 88, Array)
#1 C:\xampp745\htdocs\powernum\system\CodeIgniter.php(936): App\Controllers\Agent_c->withdraw_history_agent_user_list_ajax()
#2 C:\xampp745\htdocs\powernum\system\CodeIgniter.php(432): CodeIgniter\CodeIgniter->runController(Object(App\Controllers\Agent_c))
#3 C:\xampp745\htdocs\powernum\system\CodeIgniter.php(333): CodeIgniter\CodeIgniter->handleRequest(NULL, Object(Config\Cache), false)
#4 C:\xampp745\htdocs\powernum\index.php(62): CodeIgniter\CodeIgniter->run()
#5 {main}
CRITICAL - 2021-06-05 16:15:47 --> Undefined property: App\Controllers\Agent_c::$Withdraw_user_m
#0 C:\xampp745\htdocs\powernum\app\Controllers\Agent_c.php(88): CodeIgniter\Debug\Exceptions->errorHandler(8, 'Undefined prope...', 'C:\\xampp745\\htd...', 88, Array)
#1 C:\xampp745\htdocs\powernum\system\CodeIgniter.php(936): App\Controllers\Agent_c->withdraw_history_list_agent_user_ajax()
#2 C:\xampp745\htdocs\powernum\system\CodeIgniter.php(432): CodeIgniter\CodeIgniter->runController(Object(App\Controllers\Agent_c))
#3 C:\xampp745\htdocs\powernum\system\CodeIgniter.php(333): CodeIgniter\CodeIgniter->handleRequest(NULL, Object(Config\Cache), false)
#4 C:\xampp745\htdocs\powernum\index.php(62): CodeIgniter\CodeIgniter->run()
#5 {main}
CRITICAL - 2021-06-05 17:37:08 --> Cannot modify header information - headers already sent by (output started at C:\xampp745\htdocs\powernum\app\Config\Events.php:35)
#0 [internal function]: CodeIgniter\Debug\Exceptions->errorHandler(2, 'Cannot modify h...', 'C:\\xampp745\\htd...', 490, Array)
#1 C:\xampp745\htdocs\powernum\system\Security\Security.php(490): setcookie('csrf_cookie_nam...', '74d74e62badbc15...', Array)
#2 C:\xampp745\htdocs\powernum\system\Security\Security.php(204): CodeIgniter\Security\Security->sendCookie(Object(CodeIgniter\HTTP\IncomingRequest))
#3 C:\xampp745\htdocs\powernum\system\Filters\CSRF.php(57): CodeIgniter\Security\Security->verify(Object(CodeIgniter\HTTP\IncomingRequest))
#4 C:\xampp745\htdocs\powernum\system\Filters\Filters.php(181): CodeIgniter\Filters\CSRF->before(Object(CodeIgniter\HTTP\IncomingRequest), NULL)
#5 C:\xampp745\htdocs\powernum\system\CodeIgniter.php(403): CodeIgniter\Filters\Filters->run('withdrawal-req', 'before')
#6 C:\xampp745\htdocs\powernum\system\CodeIgniter.php(333): CodeIgniter\CodeIgniter->handleRequest(NULL, Object(Config\Cache), false)
#7 C:\xampp745\htdocs\powernum\index.php(62): CodeIgniter\CodeIgniter->run()
#8 {main}
CRITICAL - 2021-06-05 17:37:09 --> Uncaught ErrorException: Cannot modify header information - headers already sent by (output started at C:\xampp745\htdocs\powernum\app\Config\Events.php:35) in C:\xampp745\htdocs\powernum\system\Debug\Exceptions.php:137
Stack trace:
#0 [internal function]: CodeIgniter\Debug\Exceptions->errorHandler(2, 'Cannot modify h...', 'C:\\xampp745\\htd...', 137, Array)
#1 C:\xampp745\htdocs\powernum\system\Debug\Exceptions.php(137): header('HTTP/1.1 500 In...', true, 500)
#2 [internal function]: CodeIgniter\Debug\Exceptions->exceptionHandler(Object(ErrorException))
#3 {main}
  thrown
#0 [internal function]: CodeIgniter\Debug\Exceptions->shutdownHandler()
#1 {main}
CRITICAL - 2021-06-05 17:38:22 --> The action you requested is not allowed.
#0 C:\xampp745\htdocs\powernum\system\Security\Security.php(231): CodeIgniter\Security\Exceptions\SecurityException::forDisallowedAction()
#1 C:\xampp745\htdocs\powernum\system\Filters\CSRF.php(57): CodeIgniter\Security\Security->verify(Object(CodeIgniter\HTTP\IncomingRequest))
#2 C:\xampp745\htdocs\powernum\system\Filters\Filters.php(181): CodeIgniter\Filters\CSRF->before(Object(CodeIgniter\HTTP\IncomingRequest), NULL)
#3 C:\xampp745\htdocs\powernum\system\CodeIgniter.php(403): CodeIgniter\Filters\Filters->run('approve-status', 'before')
#4 C:\xampp745\htdocs\powernum\system\CodeIgniter.php(333): CodeIgniter\CodeIgniter->handleRequest(NULL, Object(Config\Cache), false)
#5 C:\xampp745\htdocs\powernum\index.php(62): CodeIgniter\CodeIgniter->run()
#6 {main}
CRITICAL - 2021-06-05 17:38:43 --> The action you requested is not allowed.
#0 C:\xampp745\htdocs\powernum\system\Security\Security.php(231): CodeIgniter\Security\Exceptions\SecurityException::forDisallowedAction()
#1 C:\xampp745\htdocs\powernum\system\Filters\CSRF.php(57): CodeIgniter\Security\Security->verify(Object(CodeIgniter\HTTP\IncomingRequest))
#2 C:\xampp745\htdocs\powernum\system\Filters\Filters.php(181): CodeIgniter\Filters\CSRF->before(Object(CodeIgniter\HTTP\IncomingRequest), NULL)
#3 C:\xampp745\htdocs\powernum\system\CodeIgniter.php(403): CodeIgniter\Filters\Filters->run('approve-status', 'before')
#4 C:\xampp745\htdocs\powernum\system\CodeIgniter.php(333): CodeIgniter\CodeIgniter->handleRequest(NULL, Object(Config\Cache), false)
#5 C:\xampp745\htdocs\powernum\index.php(62): CodeIgniter\CodeIgniter->run()
#6 {main}
CRITICAL - 2021-06-05 17:39:19 --> The action you requested is not allowed.
#0 C:\xampp745\htdocs\powernum\system\Security\Security.php(231): CodeIgniter\Security\Exceptions\SecurityException::forDisallowedAction()
#1 C:\xampp745\htdocs\powernum\system\Filters\CSRF.php(57): CodeIgniter\Security\Security->verify(Object(CodeIgniter\HTTP\IncomingRequest))
#2 C:\xampp745\htdocs\powernum\system\Filters\Filters.php(181): CodeIgniter\Filters\CSRF->before(Object(CodeIgniter\HTTP\IncomingRequest), NULL)
#3 C:\xampp745\htdocs\powernum\system\CodeIgniter.php(403): CodeIgniter\Filters\Filters->run('approve-status', 'before')
#4 C:\xampp745\htdocs\powernum\system\CodeIgniter.php(333): CodeIgniter\CodeIgniter->handleRequest(NULL, Object(Config\Cache), false)
#5 C:\xampp745\htdocs\powernum\index.php(62): CodeIgniter\CodeIgniter->run()
#6 {main}
CRITICAL - 2021-06-05 17:50:22 --> Undefined variable: status
#0 C:\xampp745\htdocs\powernum\app\Controllers\Agent_c.php(124): CodeIgniter\Debug\Exceptions->errorHandler(8, 'Undefined varia...', 'C:\\xampp745\\htd...', 124, Array)
#1 C:\xampp745\htdocs\powernum\system\CodeIgniter.php(936): App\Controllers\Agent_c->withdraw_history_list_agent_user_ajax()
#2 C:\xampp745\htdocs\powernum\system\CodeIgniter.php(432): CodeIgniter\CodeIgniter->runController(Object(App\Controllers\Agent_c))
#3 C:\xampp745\htdocs\powernum\system\CodeIgniter.php(333): CodeIgniter\CodeIgniter->handleRequest(NULL, Object(Config\Cache), false)
#4 C:\xampp745\htdocs\powernum\index.php(62): CodeIgniter\CodeIgniter->run()
#5 {main}
CRITICAL - 2021-06-05 17:50:41 --> Undefined variable: status
#0 C:\xampp745\htdocs\powernum\app\Controllers\Agent_c.php(124): CodeIgniter\Debug\Exceptions->errorHandler(8, 'Undefined varia...', 'C:\\xampp745\\htd...', 124, Array)
#1 C:\xampp745\htdocs\powernum\system\CodeIgniter.php(936): App\Controllers\Agent_c->withdraw_history_list_agent_user_ajax()
#2 C:\xampp745\htdocs\powernum\system\CodeIgniter.php(432): CodeIgniter\CodeIgniter->runController(Object(App\Controllers\Agent_c))
#3 C:\xampp745\htdocs\powernum\system\CodeIgniter.php(333): CodeIgniter\CodeIgniter->handleRequest(NULL, Object(Config\Cache), false)
#4 C:\xampp745\htdocs\powernum\index.php(62): CodeIgniter\CodeIgniter->run()
#5 {main}
CRITICAL - 2021-06-05 17:50:51 --> Undefined variable: status
#0 C:\xampp745\htdocs\powernum\app\Controllers\Agent_c.php(124): CodeIgniter\Debug\Exceptions->errorHandler(8, 'Undefined varia...', 'C:\\xampp745\\htd...', 124, Array)
#1 C:\xampp745\htdocs\powernum\system\CodeIgniter.php(936): App\Controllers\Agent_c->withdraw_history_list_agent_user_ajax()
#2 C:\xampp745\htdocs\powernum\system\CodeIgniter.php(432): CodeIgniter\CodeIgniter->runController(Object(App\Controllers\Agent_c))
#3 C:\xampp745\htdocs\powernum\system\CodeIgniter.php(333): CodeIgniter\CodeIgniter->handleRequest(NULL, Object(Config\Cache), false)
#4 C:\xampp745\htdocs\powernum\index.php(62): CodeIgniter\CodeIgniter->run()
#5 {main}
CRITICAL - 2021-06-05 18:29:30 --> Undefined property: App\Controllers\Admin_c::$Withdraw_agent_user_m
#0 C:\xampp745\htdocs\powernum\app\Controllers\Admin_c.php(55): CodeIgniter\Debug\Exceptions->errorHandler(8, 'Undefined prope...', 'C:\\xampp745\\htd...', 55, Array)
#1 C:\xampp745\htdocs\powernum\system\CodeIgniter.php(936): App\Controllers\Admin_c->withdraw_history_list_agent_ajax()
#2 C:\xampp745\htdocs\powernum\system\CodeIgniter.php(432): CodeIgniter\CodeIgniter->runController(Object(App\Controllers\Admin_c))
#3 C:\xampp745\htdocs\powernum\system\CodeIgniter.php(333): CodeIgniter\CodeIgniter->handleRequest(NULL, Object(Config\Cache), false)
#4 C:\xampp745\htdocs\powernum\index.php(62): CodeIgniter\CodeIgniter->run()
#5 {main}
CRITICAL - 2021-06-05 18:29:35 --> Undefined property: App\Controllers\Admin_c::$Withdraw_agent_user_m
#0 C:\xampp745\htdocs\powernum\app\Controllers\Admin_c.php(55): CodeIgniter\Debug\Exceptions->errorHandler(8, 'Undefined prope...', 'C:\\xampp745\\htd...', 55, Array)
#1 C:\xampp745\htdocs\powernum\system\CodeIgniter.php(936): App\Controllers\Admin_c->withdraw_history_list_agent_ajax()
#2 C:\xampp745\htdocs\powernum\system\CodeIgniter.php(432): CodeIgniter\CodeIgniter->runController(Object(App\Controllers\Admin_c))
#3 C:\xampp745\htdocs\powernum\system\CodeIgniter.php(333): CodeIgniter\CodeIgniter->handleRequest(NULL, Object(Config\Cache), false)
#4 C:\xampp745\htdocs\powernum\index.php(62): CodeIgniter\CodeIgniter->run()
#5 {main}
CRITICAL - 2021-06-05 18:33:26 --> Undefined property: stdClass::$user_wallet_id
#0 C:\xampp745\htdocs\powernum\app\Controllers\Admin_c.php(69): CodeIgniter\Debug\Exceptions->errorHandler(8, 'Undefined prope...', 'C:\\xampp745\\htd...', 69, Array)
#1 C:\xampp745\htdocs\powernum\system\CodeIgniter.php(936): App\Controllers\Admin_c->withdraw_history_list_agent_ajax()
#2 C:\xampp745\htdocs\powernum\system\CodeIgniter.php(432): CodeIgniter\CodeIgniter->runController(Object(App\Controllers\Admin_c))
#3 C:\xampp745\htdocs\powernum\system\CodeIgniter.php(333): CodeIgniter\CodeIgniter->handleRequest(NULL, Object(Config\Cache), false)
#4 C:\xampp745\htdocs\powernum\index.php(62): CodeIgniter\CodeIgniter->run()
#5 {main}
CRITICAL - 2021-06-05 21:54:57 --> Undefined index: ticket_type_id
#0 C:\xampp745\htdocs\powernum\app\Controllers\Common_c.php(49): CodeIgniter\Debug\Exceptions->errorHandler(8, 'Undefined index...', 'C:\\xampp745\\htd...', 49, Array)
#1 C:\xampp745\htdocs\powernum\system\CodeIgniter.php(936): App\Controllers\Common_c->winner_list('1')
#2 C:\xampp745\htdocs\powernum\system\CodeIgniter.php(432): CodeIgniter\CodeIgniter->runController(Object(App\Controllers\Common_c))
#3 C:\xampp745\htdocs\powernum\system\CodeIgniter.php(333): CodeIgniter\CodeIgniter->handleRequest(NULL, Object(Config\Cache), false)
#4 C:\xampp745\htdocs\powernum\index.php(62): CodeIgniter\CodeIgniter->run()
#5 {main}
CRITICAL - 2021-06-05 22:32:20 --> Undefined property: App\Controllers\Common_c::$Agent_m
#0 C:\xampp745\htdocs\powernum\app\Controllers\Common_c.php(75): CodeIgniter\Debug\Exceptions->errorHandler(8, 'Undefined prope...', 'C:\\xampp745\\htd...', 75, Array)
#1 C:\xampp745\htdocs\powernum\system\CodeIgniter.php(936): App\Controllers\Common_c->agent_claim_amount('1', '802.5')
#2 C:\xampp745\htdocs\powernum\system\CodeIgniter.php(432): CodeIgniter\CodeIgniter->runController(Object(App\Controllers\Common_c))
#3 C:\xampp745\htdocs\powernum\system\CodeIgniter.php(333): CodeIgniter\CodeIgniter->handleRequest(NULL, Object(Config\Cache), false)
#4 C:\xampp745\htdocs\powernum\index.php(62): CodeIgniter\CodeIgniter->run()
#5 {main}
CRITICAL - 2021-06-05 23:05:14 --> Call to undefined function App\Controllers\form_open()
#0 C:\xampp745\htdocs\powernum\system\CodeIgniter.php(936): App\Controllers\Common_c->winner_list_ajax()
#1 C:\xampp745\htdocs\powernum\system\CodeIgniter.php(432): CodeIgniter\CodeIgniter->runController(Object(App\Controllers\Common_c))
#2 C:\xampp745\htdocs\powernum\system\CodeIgniter.php(333): CodeIgniter\CodeIgniter->handleRequest(NULL, Object(Config\Cache), false)
#3 C:\xampp745\htdocs\powernum\index.php(62): CodeIgniter\CodeIgniter->run()
#4 {main}
CRITICAL - 2021-06-05 23:06:07 --> Call to undefined function App\Controllers\form_open()
#0 C:\xampp745\htdocs\powernum\system\CodeIgniter.php(936): App\Controllers\Common_c->winner_list_ajax()
#1 C:\xampp745\htdocs\powernum\system\CodeIgniter.php(432): CodeIgniter\CodeIgniter->runController(Object(App\Controllers\Common_c))
#2 C:\xampp745\htdocs\powernum\system\CodeIgniter.php(333): CodeIgniter\CodeIgniter->handleRequest(NULL, Object(Config\Cache), false)
#3 C:\xampp745\htdocs\powernum\index.php(62): CodeIgniter\CodeIgniter->run()
#4 {main}
