CRITICAL - 2021-07-02 17:09:39 --> Undefined property: App\Controllers\Admin_c::$Digit_m
#0 C:\xampp745\htdocs\natraj\app\Controllers\Admin_c.php(195): CodeIgniter\Debug\Exceptions->errorHandler(8, 'Undefined prope...', 'C:\\xampp745\\htd...', 195, Array)
#1 C:\xampp745\htdocs\natraj\system\CodeIgniter.php(936): App\Controllers\Admin_c->vepar_list_ajax()
#2 C:\xampp745\htdocs\natraj\system\CodeIgniter.php(432): CodeIgniter\CodeIgniter->runController(Object(App\Controllers\Admin_c))
#3 C:\xampp745\htdocs\natraj\system\CodeIgniter.php(333): CodeIgniter\CodeIgniter->handleRequest(NULL, Object(Config\Cache), false)
#4 C:\xampp745\htdocs\natraj\index.php(62): CodeIgniter\CodeIgniter->run()
#5 {main}
CRITICAL - 2021-07-02 17:11:23 --> Undefined property: App\Controllers\Admin_c::$Digit_m
#0 C:\xampp745\htdocs\natraj\app\Controllers\Admin_c.php(195): CodeIgniter\Debug\Exceptions->errorHandler(8, 'Undefined prope...', 'C:\\xampp745\\htd...', 195, Array)
#1 C:\xampp745\htdocs\natraj\system\CodeIgniter.php(936): App\Controllers\Admin_c->vepar_list_ajax()
#2 C:\xampp745\htdocs\natraj\system\CodeIgniter.php(432): CodeIgniter\CodeIgniter->runController(Object(App\Controllers\Admin_c))
#3 C:\xampp745\htdocs\natraj\system\CodeIgniter.php(333): CodeIgniter\CodeIgniter->handleRequest(NULL, Object(Config\Cache), false)
#4 C:\xampp745\htdocs\natraj\index.php(62): CodeIgniter\CodeIgniter->run()
#5 {main}
CRITICAL - 2021-07-02 17:12:11 --> Call to a member function get_datatables() on null
#0 C:\xampp745\htdocs\natraj\system\CodeIgniter.php(936): App\Controllers\Admin_c->vepar_list_ajax()
#1 C:\xampp745\htdocs\natraj\system\CodeIgniter.php(432): CodeIgniter\CodeIgniter->runController(Object(App\Controllers\Admin_c))
#2 C:\xampp745\htdocs\natraj\system\CodeIgniter.php(333): CodeIgniter\CodeIgniter->handleRequest(NULL, Object(Config\Cache), false)
#3 C:\xampp745\htdocs\natraj\index.php(62): CodeIgniter\CodeIgniter->run()
#4 {main}
CRITICAL - 2021-07-02 17:14:47 --> Undefined variable: refAgent_id
#0 C:\xampp745\htdocs\natraj\app\Models\Madmin\Digit_m.php(65): CodeIgniter\Debug\Exceptions->errorHandler(8, 'Undefined varia...', 'C:\\xampp745\\htd...', 65, Array)
#1 C:\xampp745\htdocs\natraj\app\Controllers\Admin_c.php(212): App\Models\Madmin\Digit_m->count_all('2021-07-01', '14')
#2 C:\xampp745\htdocs\natraj\system\CodeIgniter.php(936): App\Controllers\Admin_c->vepar_list_ajax()
#3 C:\xampp745\htdocs\natraj\system\CodeIgniter.php(432): CodeIgniter\CodeIgniter->runController(Object(App\Controllers\Admin_c))
#4 C:\xampp745\htdocs\natraj\system\CodeIgniter.php(333): CodeIgniter\CodeIgniter->handleRequest(NULL, Object(Config\Cache), false)
#5 C:\xampp745\htdocs\natraj\index.php(62): CodeIgniter\CodeIgniter->run()
#6 {main}
CRITICAL - 2021-07-02 17:16:28 --> Undefined variable: refAgent_id
#0 C:\xampp745\htdocs\natraj\app\Models\Madmin\Digit_m.php(65): CodeIgniter\Debug\Exceptions->errorHandler(8, 'Undefined varia...', 'C:\\xampp745\\htd...', 65, Array)
#1 C:\xampp745\htdocs\natraj\app\Controllers\Admin_c.php(212): App\Models\Madmin\Digit_m->count_all('2021-07-02', '14')
#2 C:\xampp745\htdocs\natraj\system\CodeIgniter.php(936): App\Controllers\Admin_c->vepar_list_ajax()
#3 C:\xampp745\htdocs\natraj\system\CodeIgniter.php(432): CodeIgniter\CodeIgniter->runController(Object(App\Controllers\Admin_c))
#4 C:\xampp745\htdocs\natraj\system\CodeIgniter.php(333): CodeIgniter\CodeIgniter->handleRequest(NULL, Object(Config\Cache), false)
#5 C:\xampp745\htdocs\natraj\index.php(62): CodeIgniter\CodeIgniter->run()
#6 {main}
CRITICAL - 2021-07-02 17:34:09 --> The action you requested is not allowed.
#0 C:\xampp745\htdocs\natraj\system\Security\Security.php(231): CodeIgniter\Security\Exceptions\SecurityException::forDisallowedAction()
#1 C:\xampp745\htdocs\natraj\system\Filters\CSRF.php(57): CodeIgniter\Security\Security->verify(Object(CodeIgniter\HTTP\IncomingRequest))
#2 C:\xampp745\htdocs\natraj\system\Filters\Filters.php(181): CodeIgniter\Filters\CSRF->before(Object(CodeIgniter\HTTP\IncomingRequest), NULL)
#3 C:\xampp745\htdocs\natraj\system\CodeIgniter.php(403): CodeIgniter\Filters\Filters->run('vepar-list-digi...', 'before')
#4 C:\xampp745\htdocs\natraj\system\CodeIgniter.php(333): CodeIgniter\CodeIgniter->handleRequest(NULL, Object(Config\Cache), false)
#5 C:\xampp745\htdocs\natraj\index.php(62): CodeIgniter\CodeIgniter->run()
#6 {main}
CRITICAL - 2021-07-02 17:34:09 --> The action you requested is not allowed.
#0 C:\xampp745\htdocs\natraj\system\Security\Security.php(231): CodeIgniter\Security\Exceptions\SecurityException::forDisallowedAction()
#1 C:\xampp745\htdocs\natraj\system\Filters\CSRF.php(57): CodeIgniter\Security\Security->verify(Object(CodeIgniter\HTTP\IncomingRequest))
#2 C:\xampp745\htdocs\natraj\system\Filters\Filters.php(181): CodeIgniter\Filters\CSRF->before(Object(CodeIgniter\HTTP\IncomingRequest), NULL)
#3 C:\xampp745\htdocs\natraj\system\CodeIgniter.php(403): CodeIgniter\Filters\Filters->run('vepar-list-pana...', 'before')
#4 C:\xampp745\htdocs\natraj\system\CodeIgniter.php(333): CodeIgniter\CodeIgniter->handleRequest(NULL, Object(Config\Cache), false)
#5 C:\xampp745\htdocs\natraj\index.php(62): CodeIgniter\CodeIgniter->run()
#6 {main}
CRITICAL - 2021-07-02 17:34:21 --> The action you requested is not allowed.
#0 C:\xampp745\htdocs\natraj\system\Security\Security.php(231): CodeIgniter\Security\Exceptions\SecurityException::forDisallowedAction()
#1 C:\xampp745\htdocs\natraj\system\Filters\CSRF.php(57): CodeIgniter\Security\Security->verify(Object(CodeIgniter\HTTP\IncomingRequest))
#2 C:\xampp745\htdocs\natraj\system\Filters\Filters.php(181): CodeIgniter\Filters\CSRF->before(Object(CodeIgniter\HTTP\IncomingRequest), NULL)
#3 C:\xampp745\htdocs\natraj\system\CodeIgniter.php(403): CodeIgniter\Filters\Filters->run('vepar-list-digi...', 'before')
#4 C:\xampp745\htdocs\natraj\system\CodeIgniter.php(333): CodeIgniter\CodeIgniter->handleRequest(NULL, Object(Config\Cache), false)
#5 C:\xampp745\htdocs\natraj\index.php(62): CodeIgniter\CodeIgniter->run()
#6 {main}
CRITICAL - 2021-07-02 17:34:21 --> The action you requested is not allowed.
#0 C:\xampp745\htdocs\natraj\system\Security\Security.php(231): CodeIgniter\Security\Exceptions\SecurityException::forDisallowedAction()
#1 C:\xampp745\htdocs\natraj\system\Filters\CSRF.php(57): CodeIgniter\Security\Security->verify(Object(CodeIgniter\HTTP\IncomingRequest))
#2 C:\xampp745\htdocs\natraj\system\Filters\Filters.php(181): CodeIgniter\Filters\CSRF->before(Object(CodeIgniter\HTTP\IncomingRequest), NULL)
#3 C:\xampp745\htdocs\natraj\system\CodeIgniter.php(403): CodeIgniter\Filters\Filters->run('vepar-list-pana...', 'before')
#4 C:\xampp745\htdocs\natraj\system\CodeIgniter.php(333): CodeIgniter\CodeIgniter->handleRequest(NULL, Object(Config\Cache), false)
#5 C:\xampp745\htdocs\natraj\index.php(62): CodeIgniter\CodeIgniter->run()
#6 {main}
CRITICAL - 2021-07-02 17:35:00 --> Undefined property: stdClass::$digit_entry_type
#0 C:\xampp745\htdocs\natraj\app\Controllers\Admin_c.php(231): CodeIgniter\Debug\Exceptions->errorHandler(8, 'Undefined prope...', 'C:\\xampp745\\htd...', 231, Array)
#1 C:\xampp745\htdocs\natraj\system\CodeIgniter.php(936): App\Controllers\Admin_c->vepar_list_pana_ajax()
#2 C:\xampp745\htdocs\natraj\system\CodeIgniter.php(432): CodeIgniter\CodeIgniter->runController(Object(App\Controllers\Admin_c))
#3 C:\xampp745\htdocs\natraj\system\CodeIgniter.php(333): CodeIgniter\CodeIgniter->handleRequest(NULL, Object(Config\Cache), false)
#4 C:\xampp745\htdocs\natraj\index.php(62): CodeIgniter\CodeIgniter->run()
#5 {main}
CRITICAL - 2021-07-02 17:59:59 --> Undefined property: App\Controllers\Admin_c::$Halfsangam_m
#0 C:\xampp745\htdocs\natraj\app\Controllers\Admin_c.php(273): CodeIgniter\Debug\Exceptions->errorHandler(8, 'Undefined prope...', 'C:\\xampp745\\htd...', 273, Array)
#1 C:\xampp745\htdocs\natraj\system\CodeIgniter.php(936): App\Controllers\Admin_c->vepar_list_half_sangam_ajax()
#2 C:\xampp745\htdocs\natraj\system\CodeIgniter.php(432): CodeIgniter\CodeIgniter->runController(Object(App\Controllers\Admin_c))
#3 C:\xampp745\htdocs\natraj\system\CodeIgniter.php(333): CodeIgniter\CodeIgniter->handleRequest(NULL, Object(Config\Cache), false)
#4 C:\xampp745\htdocs\natraj\index.php(62): CodeIgniter\CodeIgniter->run()
#5 {main}
CRITICAL - 2021-07-02 18:01:27 --> Class 'App\Models\Madmin\Fullsangam_m' not found
#0 C:\xampp745\htdocs\natraj\system\CodeIgniter.php(908): App\Controllers\Admin_c->__construct()
#1 C:\xampp745\htdocs\natraj\system\CodeIgniter.php(422): CodeIgniter\CodeIgniter->createController()
#2 C:\xampp745\htdocs\natraj\system\CodeIgniter.php(333): CodeIgniter\CodeIgniter->handleRequest(NULL, Object(Config\Cache), false)
#3 C:\xampp745\htdocs\natraj\index.php(62): CodeIgniter\CodeIgniter->run()
#4 {main}
CRITICAL - 2021-07-02 18:01:27 --> Class 'App\Models\Madmin\Fullsangam_m' not found
#0 C:\xampp745\htdocs\natraj\system\CodeIgniter.php(908): App\Controllers\Admin_c->__construct()
#1 C:\xampp745\htdocs\natraj\system\CodeIgniter.php(422): CodeIgniter\CodeIgniter->createController()
#2 C:\xampp745\htdocs\natraj\system\CodeIgniter.php(333): CodeIgniter\CodeIgniter->handleRequest(NULL, Object(Config\Cache), false)
#3 C:\xampp745\htdocs\natraj\index.php(62): CodeIgniter\CodeIgniter->run()
#4 {main}
CRITICAL - 2021-07-02 18:01:27 --> Class 'App\Models\Madmin\Fullsangam_m' not found
#0 C:\xampp745\htdocs\natraj\system\CodeIgniter.php(908): App\Controllers\Admin_c->__construct()
#1 C:\xampp745\htdocs\natraj\system\CodeIgniter.php(422): CodeIgniter\CodeIgniter->createController()
#2 C:\xampp745\htdocs\natraj\system\CodeIgniter.php(333): CodeIgniter\CodeIgniter->handleRequest(NULL, Object(Config\Cache), false)
#3 C:\xampp745\htdocs\natraj\index.php(62): CodeIgniter\CodeIgniter->run()
#4 {main}
CRITICAL - 2021-07-02 18:01:27 --> Class 'App\Models\Madmin\Fullsangam_m' not found
#0 C:\xampp745\htdocs\natraj\system\CodeIgniter.php(908): App\Controllers\Admin_c->__construct()
#1 C:\xampp745\htdocs\natraj\system\CodeIgniter.php(422): CodeIgniter\CodeIgniter->createController()
#2 C:\xampp745\htdocs\natraj\system\CodeIgniter.php(333): CodeIgniter\CodeIgniter->handleRequest(NULL, Object(Config\Cache), false)
#3 C:\xampp745\htdocs\natraj\index.php(62): CodeIgniter\CodeIgniter->run()
#4 {main}
CRITICAL - 2021-07-02 18:02:04 --> Undefined variable: datarow
#0 C:\xampp745\htdocs\natraj\app\Controllers\Admin_c.php(284): CodeIgniter\Debug\Exceptions->errorHandler(8, 'Undefined varia...', 'C:\\xampp745\\htd...', 284, Array)
#1 C:\xampp745\htdocs\natraj\system\CodeIgniter.php(936): App\Controllers\Admin_c->vepar_list_half_sangam_ajax()
#2 C:\xampp745\htdocs\natraj\system\CodeIgniter.php(432): CodeIgniter\CodeIgniter->runController(Object(App\Controllers\Admin_c))
#3 C:\xampp745\htdocs\natraj\system\CodeIgniter.php(333): CodeIgniter\CodeIgniter->handleRequest(NULL, Object(Config\Cache), false)
#4 C:\xampp745\htdocs\natraj\index.php(62): CodeIgniter\CodeIgniter->run()
#5 {main}
CRITICAL - 2021-07-02 18:02:30 --> Undefined property: stdClass::$jodi_entry_type
#0 C:\xampp745\htdocs\natraj\app\Controllers\Admin_c.php(288): CodeIgniter\Debug\Exceptions->errorHandler(8, 'Undefined prope...', 'C:\\xampp745\\htd...', 288, Array)
#1 C:\xampp745\htdocs\natraj\system\CodeIgniter.php(936): App\Controllers\Admin_c->vepar_list_half_sangam_ajax()
#2 C:\xampp745\htdocs\natraj\system\CodeIgniter.php(432): CodeIgniter\CodeIgniter->runController(Object(App\Controllers\Admin_c))
#3 C:\xampp745\htdocs\natraj\system\CodeIgniter.php(333): CodeIgniter\CodeIgniter->handleRequest(NULL, Object(Config\Cache), false)
#4 C:\xampp745\htdocs\natraj\index.php(62): CodeIgniter\CodeIgniter->run()
#5 {main}
