CRITICAL - 2021-07-18 22:58:00 --> Maximum execution time of 400 seconds exceeded
#0 [internal function]: CodeIgniter\Debug\Exceptions->shutdownHandler()
#1 {main}
CRITICAL - 2021-07-18 23:19:38 --> file_get_contents(C:\xampp745\htdocs\natraj\writable\debugbar/debugbar_1626534373.json): failed to open stream: No such file or directory
#0 [internal function]: CodeIgniter\Debug\Exceptions->errorHandler(2, 'file_get_conten...', 'C:\\xampp745\\htd...', 83, Array)
#1 C:\xampp745\htdocs\natraj\system\Debug\Toolbar\Collectors\History.php(83): file_get_contents('C:\\xampp745\\htd...')
#2 C:\xampp745\htdocs\natraj\system\Debug\Toolbar.php(441): CodeIgniter\Debug\Toolbar\Collectors\History->setFiles(1626630546, 20)
#3 C:\xampp745\htdocs\natraj\system\Debug\Toolbar.php(413): CodeIgniter\Debug\Toolbar->format(Array, 'html')
#4 C:\xampp745\htdocs\natraj\app\Config\Events.php(52): CodeIgniter\Debug\Toolbar->respond()
#5 [internal function]: CodeIgniter\Events\Events::Config\{closure}()
#6 C:\xampp745\htdocs\natraj\system\Events\Events.php(166): call_user_func(Object(Closure))
#7 C:\xampp745\htdocs\natraj\system\CodeIgniter.php(314): CodeIgniter\Events\Events::trigger('pre_system')
#8 C:\xampp745\htdocs\natraj\index.php(65): CodeIgniter\CodeIgniter->run()
#9 {main}
CRITICAL - 2021-07-18 23:19:38 --> file_get_contents(C:\xampp745\htdocs\natraj\writable\debugbar/debugbar_1626534373.json): failed to open stream: No such file or directory
#0 [internal function]: CodeIgniter\Debug\Exceptions->errorHandler(2, 'file_get_conten...', 'C:\\xampp745\\htd...', 83, Array)
#1 C:\xampp745\htdocs\natraj\system\Debug\Toolbar\Collectors\History.php(83): file_get_contents('C:\\xampp745\\htd...')
#2 C:\xampp745\htdocs\natraj\system\Debug\Toolbar.php(441): CodeIgniter\Debug\Toolbar\Collectors\History->setFiles(1626630553, 20)
#3 C:\xampp745\htdocs\natraj\system\Debug\Toolbar.php(413): CodeIgniter\Debug\Toolbar->format(Array, 'html')
#4 C:\xampp745\htdocs\natraj\app\Config\Events.php(52): CodeIgniter\Debug\Toolbar->respond()
#5 [internal function]: CodeIgniter\Events\Events::Config\{closure}()
#6 C:\xampp745\htdocs\natraj\system\Events\Events.php(166): call_user_func(Object(Closure))
#7 C:\xampp745\htdocs\natraj\system\CodeIgniter.php(314): CodeIgniter\Events\Events::trigger('pre_system')
#8 C:\xampp745\htdocs\natraj\index.php(65): CodeIgniter\CodeIgniter->run()
#9 {main}
CRITICAL - 2021-07-18 23:35:29 --> Maximum execution time of 400 seconds exceeded
#0 [internal function]: CodeIgniter\Debug\Exceptions->shutdownHandler()
#1 {main}
