ERROR - 2022-04-05 19:28:14 --> mysqli_sql_exception: Unknown column 'created_at' in 'field list' in C:\xampp\htdocs\saputaratourism\system\Database\MySQLi\Connection.php:314
Stack trace:
#0 C:\xampp\htdocs\saputaratourism\system\Database\MySQLi\Connection.php(314): mysqli->query('INSERT INTO `sa...')
#1 C:\xampp\htdocs\saputaratourism\system\Database\BaseConnection.php(713): CodeIgniter\Database\MySQLi\Connection->execute('INSERT INTO `sa...')
#2 C:\xampp\htdocs\saputaratourism\system\Database\BaseConnection.php(641): CodeIgniter\Database\BaseConnection->simpleQuery('INSERT INTO `sa...')
#3 C:\xampp\htdocs\saputaratourism\system\Database\BaseBuilder.php(2263): CodeIgniter\Database\BaseConnection->query('INSERT INTO `sa...', Array, false)
#4 C:\xampp\htdocs\saputaratourism\app\Models\admin\HotelFacility_m.php(37): CodeIgniter\Database\BaseBuilder->insert(Array)
#5 C:\xampp\htdocs\saputaratourism\app\Controllers\HotelFacility_c.php(62): App\Models\admin\HotelFacility_m->create_facility(Array)
#6 C:\xampp\htdocs\saputaratourism\system\CodeIgniter.php(936): App\Controllers\HotelFacility_c->add()
#7 C:\xampp\htdocs\saputaratourism\system\CodeIgniter.php(432): CodeIgniter\CodeIgniter->runController(Object(App\Controllers\HotelFacility_c))
#8 C:\xampp\htdocs\saputaratourism\system\CodeIgniter.php(333): CodeIgniter\CodeIgniter->handleRequest(NULL, Object(Config\Cache), false)
#9 C:\xampp\htdocs\saputaratourism\index.php(65): CodeIgniter\CodeIgniter->run()
#10 {main}
ERROR - 2022-04-05 19:28:26 --> mysqli_sql_exception: Unknown column 'created_at' in 'field list' in C:\xampp\htdocs\saputaratourism\system\Database\MySQLi\Connection.php:314
Stack trace:
#0 C:\xampp\htdocs\saputaratourism\system\Database\MySQLi\Connection.php(314): mysqli->query('INSERT INTO `sa...')
#1 C:\xampp\htdocs\saputaratourism\system\Database\BaseConnection.php(713): CodeIgniter\Database\MySQLi\Connection->execute('INSERT INTO `sa...')
#2 C:\xampp\htdocs\saputaratourism\system\Database\BaseConnection.php(641): CodeIgniter\Database\BaseConnection->simpleQuery('INSERT INTO `sa...')
#3 C:\xampp\htdocs\saputaratourism\system\Database\BaseBuilder.php(2263): CodeIgniter\Database\BaseConnection->query('INSERT INTO `sa...', Array, false)
#4 C:\xampp\htdocs\saputaratourism\app\Models\admin\HotelFacility_m.php(37): CodeIgniter\Database\BaseBuilder->insert(Array)
#5 C:\xampp\htdocs\saputaratourism\app\Controllers\HotelFacility_c.php(62): App\Models\admin\HotelFacility_m->create_facility(Array)
#6 C:\xampp\htdocs\saputaratourism\system\CodeIgniter.php(936): App\Controllers\HotelFacility_c->add()
#7 C:\xampp\htdocs\saputaratourism\system\CodeIgniter.php(432): CodeIgniter\CodeIgniter->runController(Object(App\Controllers\HotelFacility_c))
#8 C:\xampp\htdocs\saputaratourism\system\CodeIgniter.php(333): CodeIgniter\CodeIgniter->handleRequest(NULL, Object(Config\Cache), false)
#9 C:\xampp\htdocs\saputaratourism\index.php(65): CodeIgniter\CodeIgniter->run()
#10 {main}
ERROR - 2022-04-05 19:28:29 --> mysqli_sql_exception: Unknown column 'created_at' in 'field list' in C:\xampp\htdocs\saputaratourism\system\Database\MySQLi\Connection.php:314
Stack trace:
#0 C:\xampp\htdocs\saputaratourism\system\Database\MySQLi\Connection.php(314): mysqli->query('INSERT INTO `sa...')
#1 C:\xampp\htdocs\saputaratourism\system\Database\BaseConnection.php(713): CodeIgniter\Database\MySQLi\Connection->execute('INSERT INTO `sa...')
#2 C:\xampp\htdocs\saputaratourism\system\Database\BaseConnection.php(641): CodeIgniter\Database\BaseConnection->simpleQuery('INSERT INTO `sa...')
#3 C:\xampp\htdocs\saputaratourism\system\Database\BaseBuilder.php(2263): CodeIgniter\Database\BaseConnection->query('INSERT INTO `sa...', Array, false)
#4 C:\xampp\htdocs\saputaratourism\app\Models\admin\HotelFacility_m.php(37): CodeIgniter\Database\BaseBuilder->insert(Array)
#5 C:\xampp\htdocs\saputaratourism\app\Controllers\HotelFacility_c.php(62): App\Models\admin\HotelFacility_m->create_facility(Array)
#6 C:\xampp\htdocs\saputaratourism\system\CodeIgniter.php(936): App\Controllers\HotelFacility_c->add()
#7 C:\xampp\htdocs\saputaratourism\system\CodeIgniter.php(432): CodeIgniter\CodeIgniter->runController(Object(App\Controllers\HotelFacility_c))
#8 C:\xampp\htdocs\saputaratourism\system\CodeIgniter.php(333): CodeIgniter\CodeIgniter->handleRequest(NULL, Object(Config\Cache), false)
#9 C:\xampp\htdocs\saputaratourism\index.php(65): CodeIgniter\CodeIgniter->run()
#10 {main}
ERROR - 2022-04-05 19:28:48 --> mysqli_sql_exception: Unknown column 'created_at' in 'field list' in C:\xampp\htdocs\saputaratourism\system\Database\MySQLi\Connection.php:314
Stack trace:
#0 C:\xampp\htdocs\saputaratourism\system\Database\MySQLi\Connection.php(314): mysqli->query('INSERT INTO `sa...')
#1 C:\xampp\htdocs\saputaratourism\system\Database\BaseConnection.php(713): CodeIgniter\Database\MySQLi\Connection->execute('INSERT INTO `sa...')
#2 C:\xampp\htdocs\saputaratourism\system\Database\BaseConnection.php(641): CodeIgniter\Database\BaseConnection->simpleQuery('INSERT INTO `sa...')
#3 C:\xampp\htdocs\saputaratourism\system\Database\BaseBuilder.php(2263): CodeIgniter\Database\BaseConnection->query('INSERT INTO `sa...', Array, false)
#4 C:\xampp\htdocs\saputaratourism\app\Models\admin\HotelFacility_m.php(37): CodeIgniter\Database\BaseBuilder->insert(Array)
#5 C:\xampp\htdocs\saputaratourism\app\Controllers\HotelFacility_c.php(62): App\Models\admin\HotelFacility_m->create_facility(Array)
#6 C:\xampp\htdocs\saputaratourism\system\CodeIgniter.php(936): App\Controllers\HotelFacility_c->add()
#7 C:\xampp\htdocs\saputaratourism\system\CodeIgniter.php(432): CodeIgniter\CodeIgniter->runController(Object(App\Controllers\HotelFacility_c))
#8 C:\xampp\htdocs\saputaratourism\system\CodeIgniter.php(333): CodeIgniter\CodeIgniter->handleRequest(NULL, Object(Config\Cache), false)
#9 C:\xampp\htdocs\saputaratourism\index.php(65): CodeIgniter\CodeIgniter->run()
#10 {main}
ERROR - 2022-04-05 19:31:47 --> mysqli_sql_exception: Unknown column 'created_at' in 'field list' in C:\xampp\htdocs\saputaratourism\system\Database\MySQLi\Connection.php:314
Stack trace:
#0 C:\xampp\htdocs\saputaratourism\system\Database\MySQLi\Connection.php(314): mysqli->query('INSERT INTO `sa...')
#1 C:\xampp\htdocs\saputaratourism\system\Database\BaseConnection.php(713): CodeIgniter\Database\MySQLi\Connection->execute('INSERT INTO `sa...')
#2 C:\xampp\htdocs\saputaratourism\system\Database\BaseConnection.php(641): CodeIgniter\Database\BaseConnection->simpleQuery('INSERT INTO `sa...')
#3 C:\xampp\htdocs\saputaratourism\system\Database\BaseBuilder.php(2263): CodeIgniter\Database\BaseConnection->query('INSERT INTO `sa...', Array, false)
#4 C:\xampp\htdocs\saputaratourism\app\Models\admin\HotelFacility_m.php(37): CodeIgniter\Database\BaseBuilder->insert(Array)
#5 C:\xampp\htdocs\saputaratourism\app\Controllers\HotelFacility_c.php(64): App\Models\admin\HotelFacility_m->create_facility(Array)
#6 C:\xampp\htdocs\saputaratourism\system\CodeIgniter.php(936): App\Controllers\HotelFacility_c->add()
#7 C:\xampp\htdocs\saputaratourism\system\CodeIgniter.php(432): CodeIgniter\CodeIgniter->runController(Object(App\Controllers\HotelFacility_c))
#8 C:\xampp\htdocs\saputaratourism\system\CodeIgniter.php(333): CodeIgniter\CodeIgniter->handleRequest(NULL, Object(Config\Cache), false)
#9 C:\xampp\htdocs\saputaratourism\index.php(65): CodeIgniter\CodeIgniter->run()
#10 {main}
