CRITICAL - 2021-06-12 19:51:18 --> Call to undefined method CodeIgniter\Database\MySQLi\Connection::insert_batch()
#0 C:\xampp745\htdocs\powernum\app\Controllers\Masterlogin_c.php(21): App\Models\Madmin\Login_m->login('abc', '123')
#1 C:\xampp745\htdocs\powernum\system\CodeIgniter.php(936): App\Controllers\Masterlogin_c->index()
#2 C:\xampp745\htdocs\powernum\system\CodeIgniter.php(432): CodeIgniter\CodeIgniter->runController(Object(App\Controllers\Masterlogin_c))
#3 C:\xampp745\htdocs\powernum\system\CodeIgniter.php(333): CodeIgniter\CodeIgniter->handleRequest(NULL, Object(Config\Cache), false)
#4 C:\xampp745\htdocs\powernum\index.php(62): CodeIgniter\CodeIgniter->run()
#5 {main}
CRITICAL - 2021-06-12 19:54:05 --> Call to undefined method CodeIgniter\Database\MySQLi\Connection::insert_batch()
#0 C:\xampp745\htdocs\powernum\app\Controllers\Masterlogin_c.php(21): App\Models\Madmin\Login_m->login('a', 'a')
#1 C:\xampp745\htdocs\powernum\system\CodeIgniter.php(936): App\Controllers\Masterlogin_c->index()
#2 C:\xampp745\htdocs\powernum\system\CodeIgniter.php(432): CodeIgniter\CodeIgniter->runController(Object(App\Controllers\Masterlogin_c))
#3 C:\xampp745\htdocs\powernum\system\CodeIgniter.php(333): CodeIgniter\CodeIgniter->handleRequest(NULL, Object(Config\Cache), false)
#4 C:\xampp745\htdocs\powernum\index.php(62): CodeIgniter\CodeIgniter->run()
#5 {main}
CRITICAL - 2021-06-12 19:59:48 --> Only variables should be passed by reference
#0 C:\xampp745\htdocs\powernum\app\Models\Madmin\Login_m.php(18): CodeIgniter\Debug\Exceptions->errorHandler(8, 'Only variables ...', 'C:\\xampp745\\htd...', 18, Array)
#1 C:\xampp745\htdocs\powernum\app\Controllers\Masterlogin_c.php(21): App\Models\Madmin\Login_m->login('a', 'a')
#2 C:\xampp745\htdocs\powernum\system\CodeIgniter.php(936): App\Controllers\Masterlogin_c->index()
#3 C:\xampp745\htdocs\powernum\system\CodeIgniter.php(432): CodeIgniter\CodeIgniter->runController(Object(App\Controllers\Masterlogin_c))
#4 C:\xampp745\htdocs\powernum\system\CodeIgniter.php(333): CodeIgniter\CodeIgniter->handleRequest(NULL, Object(Config\Cache), false)
#5 C:\xampp745\htdocs\powernum\index.php(62): CodeIgniter\CodeIgniter->run()
#6 {main}
CRITICAL - 2021-06-12 20:00:38 --> syntax error, unexpected 'sort' (T_STRING)
#0 C:\xampp745\htdocs\powernum\system\Autoloader\Autoloader.php(265): CodeIgniter\Autoloader\Autoloader->includeFile('C:\\xampp745\\htd...')
#1 C:\xampp745\htdocs\powernum\system\Autoloader\Autoloader.php(228): CodeIgniter\Autoloader\Autoloader->loadInNamespace('App\\Models\\Madm...')
#2 [internal function]: CodeIgniter\Autoloader\Autoloader->loadClass('App\\Models\\Madm...')
#3 C:\xampp745\htdocs\powernum\app\Controllers\Masterlogin_c.php(16): spl_autoload_call('App\\Models\\Madm...')
#4 C:\xampp745\htdocs\powernum\system\CodeIgniter.php(908): App\Controllers\Masterlogin_c->__construct()
#5 C:\xampp745\htdocs\powernum\system\CodeIgniter.php(422): CodeIgniter\CodeIgniter->createController()
#6 C:\xampp745\htdocs\powernum\system\CodeIgniter.php(333): CodeIgniter\CodeIgniter->handleRequest(NULL, Object(Config\Cache), false)
#7 C:\xampp745\htdocs\powernum\index.php(62): CodeIgniter\CodeIgniter->run()
#8 {main}
CRITICAL - 2021-06-12 20:02:25 --> syntax error, unexpected 'echo' (T_ECHO)
#0 C:\xampp745\htdocs\powernum\system\Autoloader\Autoloader.php(265): CodeIgniter\Autoloader\Autoloader->includeFile('C:\\xampp745\\htd...')
#1 C:\xampp745\htdocs\powernum\system\Autoloader\Autoloader.php(228): CodeIgniter\Autoloader\Autoloader->loadInNamespace('App\\Models\\Madm...')
#2 [internal function]: CodeIgniter\Autoloader\Autoloader->loadClass('App\\Models\\Madm...')
#3 C:\xampp745\htdocs\powernum\app\Controllers\Masterlogin_c.php(16): spl_autoload_call('App\\Models\\Madm...')
#4 C:\xampp745\htdocs\powernum\system\CodeIgniter.php(908): App\Controllers\Masterlogin_c->__construct()
#5 C:\xampp745\htdocs\powernum\system\CodeIgniter.php(422): CodeIgniter\CodeIgniter->createController()
#6 C:\xampp745\htdocs\powernum\system\CodeIgniter.php(333): CodeIgniter\CodeIgniter->handleRequest(NULL, Object(Config\Cache), false)
#7 C:\xampp745\htdocs\powernum\index.php(62): CodeIgniter\CodeIgniter->run()
#8 {main}
CRITICAL - 2021-06-12 20:02:59 --> Call to undefined method CodeIgniter\Database\MySQLi\Connection::insert_batch()
#0 C:\xampp745\htdocs\powernum\app\Controllers\Masterlogin_c.php(21): App\Models\Madmin\Login_m->login('a', 'a')
#1 C:\xampp745\htdocs\powernum\system\CodeIgniter.php(936): App\Controllers\Masterlogin_c->index()
#2 C:\xampp745\htdocs\powernum\system\CodeIgniter.php(432): CodeIgniter\CodeIgniter->runController(Object(App\Controllers\Masterlogin_c))
#3 C:\xampp745\htdocs\powernum\system\CodeIgniter.php(333): CodeIgniter\CodeIgniter->handleRequest(NULL, Object(Config\Cache), false)
#4 C:\xampp745\htdocs\powernum\index.php(62): CodeIgniter\CodeIgniter->run()
#5 {main}
CRITICAL - 2021-06-12 20:08:41 --> Call to undefined method CodeIgniter\Database\MySQLi\Connection::insert()
#0 C:\xampp745\htdocs\powernum\app\Controllers\Masterlogin_c.php(21): App\Models\Madmin\Login_m->login('a', 'a')
#1 C:\xampp745\htdocs\powernum\system\CodeIgniter.php(936): App\Controllers\Masterlogin_c->index()
#2 C:\xampp745\htdocs\powernum\system\CodeIgniter.php(432): CodeIgniter\CodeIgniter->runController(Object(App\Controllers\Masterlogin_c))
#3 C:\xampp745\htdocs\powernum\system\CodeIgniter.php(333): CodeIgniter\CodeIgniter->handleRequest(NULL, Object(Config\Cache), false)
#4 C:\xampp745\htdocs\powernum\index.php(62): CodeIgniter\CodeIgniter->run()
#5 {main}
ERROR - 2021-06-12 20:11:00 --> mysqli_sql_exception: Table 'powernum.pana_details' doesn't exist in C:\xampp745\htdocs\powernum\system\Database\MySQLi\Connection.php:314
Stack trace:
#0 C:\xampp745\htdocs\powernum\system\Database\MySQLi\Connection.php(314): mysqli->query('INSERT INTO pan...')
#1 C:\xampp745\htdocs\powernum\system\Database\BaseConnection.php(713): CodeIgniter\Database\MySQLi\Connection->execute('INSERT INTO pan...')
#2 C:\xampp745\htdocs\powernum\system\Database\BaseConnection.php(641): CodeIgniter\Database\BaseConnection->simpleQuery('INSERT INTO pan...')
#3 C:\xampp745\htdocs\powernum\app\Models\Madmin\Login_m.php(22): CodeIgniter\Database\BaseConnection->query('INSERT INTO pan...')
#4 C:\xampp745\htdocs\powernum\app\Controllers\Masterlogin_c.php(21): App\Models\Madmin\Login_m->login('a', 'a')
#5 C:\xampp745\htdocs\powernum\system\CodeIgniter.php(936): App\Controllers\Masterlogin_c->index()
#6 C:\xampp745\htdocs\powernum\system\CodeIgniter.php(432): CodeIgniter\CodeIgniter->runController(Object(App\Controllers\Masterlogin_c))
#7 C:\xampp745\htdocs\powernum\system\CodeIgniter.php(333): CodeIgniter\CodeIgniter->handleRequest(NULL, Object(Config\Cache), false)
#8 C:\xampp745\htdocs\powernum\index.php(62): CodeIgniter\CodeIgniter->run()
#9 {main}
CRITICAL - 2021-06-12 20:11:00 --> Table 'powernum.pana_details' doesn't exist
#0 C:\xampp745\htdocs\powernum\system\Database\MySQLi\Connection.php(314): mysqli->query('INSERT INTO pan...')
#1 C:\xampp745\htdocs\powernum\system\Database\BaseConnection.php(713): CodeIgniter\Database\MySQLi\Connection->execute('INSERT INTO pan...')
#2 C:\xampp745\htdocs\powernum\system\Database\BaseConnection.php(641): CodeIgniter\Database\BaseConnection->simpleQuery('INSERT INTO pan...')
#3 C:\xampp745\htdocs\powernum\app\Models\Madmin\Login_m.php(22): CodeIgniter\Database\BaseConnection->query('INSERT INTO pan...')
#4 C:\xampp745\htdocs\powernum\app\Controllers\Masterlogin_c.php(21): App\Models\Madmin\Login_m->login('a', 'a')
#5 C:\xampp745\htdocs\powernum\system\CodeIgniter.php(936): App\Controllers\Masterlogin_c->index()
#6 C:\xampp745\htdocs\powernum\system\CodeIgniter.php(432): CodeIgniter\CodeIgniter->runController(Object(App\Controllers\Masterlogin_c))
#7 C:\xampp745\htdocs\powernum\system\CodeIgniter.php(333): CodeIgniter\CodeIgniter->handleRequest(NULL, Object(Config\Cache), false)
#8 C:\xampp745\htdocs\powernum\index.php(62): CodeIgniter\CodeIgniter->run()
#9 {main}
