CRITICAL - 2021-09-01 17:18:50 --> Use of undefined constant ABOUT_US_LIBK - assumed 'ABOUT_US_LIBK' (this will throw an Error in a future version of PHP)
#0 C:\xampp745\htdocs\saputara\app\Views\header.php(148): CodeIgniter\Debug\Exceptions->errorHandler(2, 'Use of undefine...', 'C:\\xampp745\\htd...', 148, Array)
#1 C:\xampp745\htdocs\saputara\system\View\View.php(220): include('C:\\xampp745\\htd...')
#2 C:\xampp745\htdocs\saputara\system\View\View.php(222): CodeIgniter\View\View->CodeIgniter\View\{closure}()
#3 C:\xampp745\htdocs\saputara\system\Common.php(1217): CodeIgniter\View\View->render('header', Array, true)
#4 C:\xampp745\htdocs\saputara\system\Common.php(1258): view('header', Array)
#5 C:\xampp745\htdocs\saputara\app\Controllers\Home_c.php(15): front_view('home', Array)
#6 C:\xampp745\htdocs\saputara\system\CodeIgniter.php(936): App\Controllers\Home_c->index()
#7 C:\xampp745\htdocs\saputara\system\CodeIgniter.php(432): CodeIgniter\CodeIgniter->runController(Object(App\Controllers\Home_c))
#8 C:\xampp745\htdocs\saputara\system\CodeIgniter.php(333): CodeIgniter\CodeIgniter->handleRequest(NULL, Object(Config\Cache), false)
#9 C:\xampp745\htdocs\saputara\index.php(65): CodeIgniter\CodeIgniter->run()
#10 {main}
CRITICAL - 2021-09-01 17:27:48 --> Use of undefined constant HOME - assumed 'HOME' (this will throw an Error in a future version of PHP)
#0 C:\xampp745\htdocs\saputara\app\Controllers\Home_c.php(14): CodeIgniter\Debug\Exceptions->errorHandler(2, 'Use of undefine...', 'C:\\xampp745\\htd...', 14, Array)
#1 C:\xampp745\htdocs\saputara\system\CodeIgniter.php(936): App\Controllers\Home_c->index()
#2 C:\xampp745\htdocs\saputara\system\CodeIgniter.php(432): CodeIgniter\CodeIgniter->runController(Object(App\Controllers\Home_c))
#3 C:\xampp745\htdocs\saputara\system\CodeIgniter.php(333): CodeIgniter\CodeIgniter->handleRequest(NULL, Object(Config\Cache), false)
#4 C:\xampp745\htdocs\saputara\index.php(65): CodeIgniter\CodeIgniter->run()
#5 {main}
CRITICAL - 2021-09-01 17:54:01 --> Use of undefined constant ABOUT - assumed 'ABOUT' (this will throw an Error in a future version of PHP)
#0 C:\xampp745\htdocs\saputara\app\Controllers\Home_c.php(18): CodeIgniter\Debug\Exceptions->errorHandler(2, 'Use of undefine...', 'C:\\xampp745\\htd...', 18, Array)
#1 C:\xampp745\htdocs\saputara\system\CodeIgniter.php(936): App\Controllers\Home_c->about()
#2 C:\xampp745\htdocs\saputara\system\CodeIgniter.php(432): CodeIgniter\CodeIgniter->runController(Object(App\Controllers\Home_c))
#3 C:\xampp745\htdocs\saputara\system\CodeIgniter.php(333): CodeIgniter\CodeIgniter->handleRequest(NULL, Object(Config\Cache), false)
#4 C:\xampp745\htdocs\saputara\index.php(65): CodeIgniter\CodeIgniter->run()
#5 {main}
