CRITICAL - 2021-06-26 16:06:19 --> Undefined variable: totalTime
#0 C:\xampp745\htdocs\natraj\system\Debug\Toolbar\Views\toolbar.tpl.php(41): CodeIgniter\Debug\Exceptions->errorHandler(8, 'Undefined varia...', 'C:\\xampp745\\htd...', 41, Array)
#1 C:\xampp745\htdocs\natraj\system\Debug\Toolbar.php(456): include('C:\\xampp745\\htd...')
#2 C:\xampp745\htdocs\natraj\system\Debug\Toolbar.php(413): CodeIgniter\Debug\Toolbar->format(Array, 'html')
#3 C:\xampp745\htdocs\natraj\app\Config\Events.php(52): CodeIgniter\Debug\Toolbar->respond()
#4 [internal function]: CodeIgniter\Events\Events::Config\{closure}()
#5 C:\xampp745\htdocs\natraj\system\Events\Events.php(166): call_user_func(Object(Closure))
#6 C:\xampp745\htdocs\natraj\system\CodeIgniter.php(314): CodeIgniter\Events\Events::trigger('pre_system')
#7 C:\xampp745\htdocs\natraj\index.php(62): CodeIgniter\CodeIgniter->run()
#8 {main}
CRITICAL - 2021-06-26 16:26:23 --> Use of undefined constant ADMIN_USER_LIST_LINK - assumed 'ADMIN_USER_LIST_LINK' (this will throw an Error in a future version of PHP)
#0 C:\xampp745\htdocs\natraj\app\Views\admin\common\sidebar.php(33): CodeIgniter\Debug\Exceptions->errorHandler(2, 'Use of undefine...', 'C:\\xampp745\\htd...', 33, Array)
#1 C:\xampp745\htdocs\natraj\system\View\View.php(220): include('C:\\xampp745\\htd...')
#2 C:\xampp745\htdocs\natraj\system\View\View.php(222): CodeIgniter\View\View->CodeIgniter\View\{closure}()
#3 C:\xampp745\htdocs\natraj\system\Common.php(1217): CodeIgniter\View\View->render('admin/common/si...', Array, true)
#4 C:\xampp745\htdocs\natraj\system\Common.php(1248): view('admin/common/si...', Array)
#5 C:\xampp745\htdocs\natraj\app\Controllers\Admin_c.php(183): master_admin_view('admin/market_li...', Array)
#6 C:\xampp745\htdocs\natraj\system\CodeIgniter.php(936): App\Controllers\Admin_c->market()
#7 C:\xampp745\htdocs\natraj\system\CodeIgniter.php(432): CodeIgniter\CodeIgniter->runController(Object(App\Controllers\Admin_c))
#8 C:\xampp745\htdocs\natraj\system\CodeIgniter.php(333): CodeIgniter\CodeIgniter->handleRequest(NULL, Object(Config\Cache), false)
#9 C:\xampp745\htdocs\natraj\index.php(62): CodeIgniter\CodeIgniter->run()
#10 {main}
CRITICAL - 2021-06-26 16:26:46 --> include(C:\xampp745\htdocs\natraj\app\Views/admin/user_list_js.php): failed to open stream: No such file or directory
#0 C:\xampp745\htdocs\natraj\app\Views\admin\common\footer.php(52): CodeIgniter\Debug\Exceptions->errorHandler(2, 'include(C:\\xamp...', 'C:\\xampp745\\htd...', 52, Array)
#1 C:\xampp745\htdocs\natraj\app\Views\admin\common\footer.php(52): include()
#2 C:\xampp745\htdocs\natraj\system\View\View.php(220): include('C:\\xampp745\\htd...')
#3 C:\xampp745\htdocs\natraj\system\View\View.php(222): CodeIgniter\View\View->CodeIgniter\View\{closure}()
#4 C:\xampp745\htdocs\natraj\system\Common.php(1217): CodeIgniter\View\View->render('admin/common/fo...', Array, true)
#5 C:\xampp745\htdocs\natraj\system\Common.php(1251): view('admin/common/fo...', Array)
#6 C:\xampp745\htdocs\natraj\app\Controllers\Admin_c.php(183): master_admin_view('admin/market_li...', Array)
#7 C:\xampp745\htdocs\natraj\system\CodeIgniter.php(936): App\Controllers\Admin_c->market()
#8 C:\xampp745\htdocs\natraj\system\CodeIgniter.php(432): CodeIgniter\CodeIgniter->runController(Object(App\Controllers\Admin_c))
#9 C:\xampp745\htdocs\natraj\system\CodeIgniter.php(333): CodeIgniter\CodeIgniter->handleRequest(NULL, Object(Config\Cache), false)
#10 C:\xampp745\htdocs\natraj\index.php(62): CodeIgniter\CodeIgniter->run()
#11 {main}
CRITICAL - 2021-06-26 16:27:15 --> Use of undefined constant ADMIN_ADD_USER_LINK - assumed 'ADMIN_ADD_USER_LINK' (this will throw an Error in a future version of PHP)
#0 C:\xampp745\htdocs\natraj\app\Views\admin\agent_list.php(12): CodeIgniter\Debug\Exceptions->errorHandler(2, 'Use of undefine...', 'C:\\xampp745\\htd...', 12, Array)
#1 C:\xampp745\htdocs\natraj\system\View\View.php(220): include('C:\\xampp745\\htd...')
#2 C:\xampp745\htdocs\natraj\system\View\View.php(222): CodeIgniter\View\View->CodeIgniter\View\{closure}()
#3 C:\xampp745\htdocs\natraj\system\Common.php(1217): CodeIgniter\View\View->render('admin/agent_lis...', Array, true)
#4 C:\xampp745\htdocs\natraj\system\Common.php(1250): view('admin/agent_lis...', Array)
#5 C:\xampp745\htdocs\natraj\app\Controllers\Admin_c.php(28): master_admin_view('admin/agent_lis...', Array)
#6 C:\xampp745\htdocs\natraj\system\CodeIgniter.php(936): App\Controllers\Admin_c->index()
#7 C:\xampp745\htdocs\natraj\system\CodeIgniter.php(432): CodeIgniter\CodeIgniter->runController(Object(App\Controllers\Admin_c))
#8 C:\xampp745\htdocs\natraj\system\CodeIgniter.php(333): CodeIgniter\CodeIgniter->handleRequest(NULL, Object(Config\Cache), false)
#9 C:\xampp745\htdocs\natraj\index.php(62): CodeIgniter\CodeIgniter->run()
#10 {main}
CRITICAL - 2021-06-26 18:06:06 --> Use of undefined constant ADMIN_ADD_USER_LINK - assumed 'ADMIN_ADD_USER_LINK' (this will throw an Error in a future version of PHP)
#0 C:\xampp745\htdocs\natraj\app\Views\admin\addagent.php(20): CodeIgniter\Debug\Exceptions->errorHandler(2, 'Use of undefine...', 'C:\\xampp745\\htd...', 20, Array)
#1 C:\xampp745\htdocs\natraj\system\View\View.php(220): include('C:\\xampp745\\htd...')
#2 C:\xampp745\htdocs\natraj\system\View\View.php(222): CodeIgniter\View\View->CodeIgniter\View\{closure}()
#3 C:\xampp745\htdocs\natraj\system\Common.php(1217): CodeIgniter\View\View->render('admin/addagent', Array, true)
#4 C:\xampp745\htdocs\natraj\system\Common.php(1250): view('admin/addagent', Array)
#5 C:\xampp745\htdocs\natraj\app\Controllers\Admin_c.php(102): master_admin_view('admin/addagent', Array)
#6 C:\xampp745\htdocs\natraj\system\CodeIgniter.php(936): App\Controllers\Admin_c->add_agent()
#7 C:\xampp745\htdocs\natraj\system\CodeIgniter.php(432): CodeIgniter\CodeIgniter->runController(Object(App\Controllers\Admin_c))
#8 C:\xampp745\htdocs\natraj\system\CodeIgniter.php(333): CodeIgniter\CodeIgniter->handleRequest(NULL, Object(Config\Cache), false)
#9 C:\xampp745\htdocs\natraj\index.php(62): CodeIgniter\CodeIgniter->run()
#10 {main}
CRITICAL - 2021-06-26 18:06:10 --> Use of undefined constant ADMIN_ADD_USER_LINK - assumed 'ADMIN_ADD_USER_LINK' (this will throw an Error in a future version of PHP)
#0 C:\xampp745\htdocs\natraj\app\Views\admin\addagent.php(20): CodeIgniter\Debug\Exceptions->errorHandler(2, 'Use of undefine...', 'C:\\xampp745\\htd...', 20, Array)
#1 C:\xampp745\htdocs\natraj\system\View\View.php(220): include('C:\\xampp745\\htd...')
#2 C:\xampp745\htdocs\natraj\system\View\View.php(222): CodeIgniter\View\View->CodeIgniter\View\{closure}()
#3 C:\xampp745\htdocs\natraj\system\Common.php(1217): CodeIgniter\View\View->render('admin/addagent', Array, true)
#4 C:\xampp745\htdocs\natraj\system\Common.php(1250): view('admin/addagent', Array)
#5 C:\xampp745\htdocs\natraj\app\Controllers\Admin_c.php(102): master_admin_view('admin/addagent', Array)
#6 C:\xampp745\htdocs\natraj\system\CodeIgniter.php(936): App\Controllers\Admin_c->add_agent()
#7 C:\xampp745\htdocs\natraj\system\CodeIgniter.php(432): CodeIgniter\CodeIgniter->runController(Object(App\Controllers\Admin_c))
#8 C:\xampp745\htdocs\natraj\system\CodeIgniter.php(333): CodeIgniter\CodeIgniter->handleRequest(NULL, Object(Config\Cache), false)
#9 C:\xampp745\htdocs\natraj\index.php(62): CodeIgniter\CodeIgniter->run()
#10 {main}
ERROR - 2021-06-26 18:17:56 --> mysqli_sql_exception: Unknown column 'profile_pic' in 'order clause' in C:\xampp745\htdocs\natraj\system\Database\MySQLi\Connection.php:314
Stack trace:
#0 C:\xampp745\htdocs\natraj\system\Database\MySQLi\Connection.php(314): mysqli->query('SELECT *\nFROM `...')
#1 C:\xampp745\htdocs\natraj\system\Database\BaseConnection.php(713): CodeIgniter\Database\MySQLi\Connection->execute('SELECT *\nFROM `...')
#2 C:\xampp745\htdocs\natraj\system\Database\BaseConnection.php(641): CodeIgniter\Database\BaseConnection->simpleQuery('SELECT *\nFROM `...')
#3 C:\xampp745\htdocs\natraj\system\Database\BaseBuilder.php(1866): CodeIgniter\Database\BaseConnection->query('SELECT *\nFROM `...', Array, false)
#4 C:\xampp745\htdocs\natraj\app\Models\Madmin\Admin_m.php(53): CodeIgniter\Database\BaseBuilder->get()
#5 C:\xampp745\htdocs\natraj\app\Controllers\Admin_c.php(32): App\Models\Madmin\Admin_m->get_datatables()
#6 C:\xampp745\htdocs\natraj\system\CodeIgniter.php(936): App\Controllers\Admin_c->agent_list()
#7 C:\xampp745\htdocs\natraj\system\CodeIgniter.php(432): CodeIgniter\CodeIgniter->runController(Object(App\Controllers\Admin_c))
#8 C:\xampp745\htdocs\natraj\system\CodeIgniter.php(333): CodeIgniter\CodeIgniter->handleRequest(NULL, Object(Config\Cache), false)
#9 C:\xampp745\htdocs\natraj\index.php(62): CodeIgniter\CodeIgniter->run()
#10 {main}
CRITICAL - 2021-06-26 18:17:56 --> Unknown column 'profile_pic' in 'order clause'
#0 C:\xampp745\htdocs\natraj\system\Database\MySQLi\Connection.php(314): mysqli->query('SELECT *\nFROM `...')
#1 C:\xampp745\htdocs\natraj\system\Database\BaseConnection.php(713): CodeIgniter\Database\MySQLi\Connection->execute('SELECT *\nFROM `...')
#2 C:\xampp745\htdocs\natraj\system\Database\BaseConnection.php(641): CodeIgniter\Database\BaseConnection->simpleQuery('SELECT *\nFROM `...')
#3 C:\xampp745\htdocs\natraj\system\Database\BaseBuilder.php(1866): CodeIgniter\Database\BaseConnection->query('SELECT *\nFROM `...', Array, false)
#4 C:\xampp745\htdocs\natraj\app\Models\Madmin\Admin_m.php(53): CodeIgniter\Database\BaseBuilder->get()
#5 C:\xampp745\htdocs\natraj\app\Controllers\Admin_c.php(32): App\Models\Madmin\Admin_m->get_datatables()
#6 C:\xampp745\htdocs\natraj\system\CodeIgniter.php(936): App\Controllers\Admin_c->agent_list()
#7 C:\xampp745\htdocs\natraj\system\CodeIgniter.php(432): CodeIgniter\CodeIgniter->runController(Object(App\Controllers\Admin_c))
#8 C:\xampp745\htdocs\natraj\system\CodeIgniter.php(333): CodeIgniter\CodeIgniter->handleRequest(NULL, Object(Config\Cache), false)
#9 C:\xampp745\htdocs\natraj\index.php(62): CodeIgniter\CodeIgniter->run()
#10 {main}
ERROR - 2021-06-26 18:18:44 --> mysqli_sql_exception: Unknown column 'profile_pic' in 'order clause' in C:\xampp745\htdocs\natraj\system\Database\MySQLi\Connection.php:314
Stack trace:
#0 C:\xampp745\htdocs\natraj\system\Database\MySQLi\Connection.php(314): mysqli->query('SELECT *\nFROM `...')
#1 C:\xampp745\htdocs\natraj\system\Database\BaseConnection.php(713): CodeIgniter\Database\MySQLi\Connection->execute('SELECT *\nFROM `...')
#2 C:\xampp745\htdocs\natraj\system\Database\BaseConnection.php(641): CodeIgniter\Database\BaseConnection->simpleQuery('SELECT *\nFROM `...')
#3 C:\xampp745\htdocs\natraj\system\Database\BaseBuilder.php(1866): CodeIgniter\Database\BaseConnection->query('SELECT *\nFROM `...', Array, false)
#4 C:\xampp745\htdocs\natraj\app\Models\Madmin\Admin_m.php(53): CodeIgniter\Database\BaseBuilder->get()
#5 C:\xampp745\htdocs\natraj\app\Controllers\Admin_c.php(32): App\Models\Madmin\Admin_m->get_datatables()
#6 C:\xampp745\htdocs\natraj\system\CodeIgniter.php(936): App\Controllers\Admin_c->agent_list()
#7 C:\xampp745\htdocs\natraj\system\CodeIgniter.php(432): CodeIgniter\CodeIgniter->runController(Object(App\Controllers\Admin_c))
#8 C:\xampp745\htdocs\natraj\system\CodeIgniter.php(333): CodeIgniter\CodeIgniter->handleRequest(NULL, Object(Config\Cache), false)
#9 C:\xampp745\htdocs\natraj\index.php(62): CodeIgniter\CodeIgniter->run()
#10 {main}
CRITICAL - 2021-06-26 18:18:44 --> Unknown column 'profile_pic' in 'order clause'
#0 C:\xampp745\htdocs\natraj\system\Database\MySQLi\Connection.php(314): mysqli->query('SELECT *\nFROM `...')
#1 C:\xampp745\htdocs\natraj\system\Database\BaseConnection.php(713): CodeIgniter\Database\MySQLi\Connection->execute('SELECT *\nFROM `...')
#2 C:\xampp745\htdocs\natraj\system\Database\BaseConnection.php(641): CodeIgniter\Database\BaseConnection->simpleQuery('SELECT *\nFROM `...')
#3 C:\xampp745\htdocs\natraj\system\Database\BaseBuilder.php(1866): CodeIgniter\Database\BaseConnection->query('SELECT *\nFROM `...', Array, false)
#4 C:\xampp745\htdocs\natraj\app\Models\Madmin\Admin_m.php(53): CodeIgniter\Database\BaseBuilder->get()
#5 C:\xampp745\htdocs\natraj\app\Controllers\Admin_c.php(32): App\Models\Madmin\Admin_m->get_datatables()
#6 C:\xampp745\htdocs\natraj\system\CodeIgniter.php(936): App\Controllers\Admin_c->agent_list()
#7 C:\xampp745\htdocs\natraj\system\CodeIgniter.php(432): CodeIgniter\CodeIgniter->runController(Object(App\Controllers\Admin_c))
#8 C:\xampp745\htdocs\natraj\system\CodeIgniter.php(333): CodeIgniter\CodeIgniter->handleRequest(NULL, Object(Config\Cache), false)
#9 C:\xampp745\htdocs\natraj\index.php(62): CodeIgniter\CodeIgniter->run()
#10 {main}
ERROR - 2021-06-26 18:19:22 --> mysqli_sql_exception: Unknown column 'profile_pic' in 'order clause' in C:\xampp745\htdocs\natraj\system\Database\MySQLi\Connection.php:314
Stack trace:
#0 C:\xampp745\htdocs\natraj\system\Database\MySQLi\Connection.php(314): mysqli->query('SELECT *\nFROM `...')
#1 C:\xampp745\htdocs\natraj\system\Database\BaseConnection.php(713): CodeIgniter\Database\MySQLi\Connection->execute('SELECT *\nFROM `...')
#2 C:\xampp745\htdocs\natraj\system\Database\BaseConnection.php(641): CodeIgniter\Database\BaseConnection->simpleQuery('SELECT *\nFROM `...')
#3 C:\xampp745\htdocs\natraj\system\Database\BaseBuilder.php(1866): CodeIgniter\Database\BaseConnection->query('SELECT *\nFROM `...', Array, false)
#4 C:\xampp745\htdocs\natraj\app\Models\Madmin\Admin_m.php(53): CodeIgniter\Database\BaseBuilder->get()
#5 C:\xampp745\htdocs\natraj\app\Controllers\Admin_c.php(32): App\Models\Madmin\Admin_m->get_datatables()
#6 C:\xampp745\htdocs\natraj\system\CodeIgniter.php(936): App\Controllers\Admin_c->agent_list()
#7 C:\xampp745\htdocs\natraj\system\CodeIgniter.php(432): CodeIgniter\CodeIgniter->runController(Object(App\Controllers\Admin_c))
#8 C:\xampp745\htdocs\natraj\system\CodeIgniter.php(333): CodeIgniter\CodeIgniter->handleRequest(NULL, Object(Config\Cache), false)
#9 C:\xampp745\htdocs\natraj\index.php(62): CodeIgniter\CodeIgniter->run()
#10 {main}
CRITICAL - 2021-06-26 18:19:22 --> Unknown column 'profile_pic' in 'order clause'
#0 C:\xampp745\htdocs\natraj\system\Database\MySQLi\Connection.php(314): mysqli->query('SELECT *\nFROM `...')
#1 C:\xampp745\htdocs\natraj\system\Database\BaseConnection.php(713): CodeIgniter\Database\MySQLi\Connection->execute('SELECT *\nFROM `...')
#2 C:\xampp745\htdocs\natraj\system\Database\BaseConnection.php(641): CodeIgniter\Database\BaseConnection->simpleQuery('SELECT *\nFROM `...')
#3 C:\xampp745\htdocs\natraj\system\Database\BaseBuilder.php(1866): CodeIgniter\Database\BaseConnection->query('SELECT *\nFROM `...', Array, false)
#4 C:\xampp745\htdocs\natraj\app\Models\Madmin\Admin_m.php(53): CodeIgniter\Database\BaseBuilder->get()
#5 C:\xampp745\htdocs\natraj\app\Controllers\Admin_c.php(32): App\Models\Madmin\Admin_m->get_datatables()
#6 C:\xampp745\htdocs\natraj\system\CodeIgniter.php(936): App\Controllers\Admin_c->agent_list()
#7 C:\xampp745\htdocs\natraj\system\CodeIgniter.php(432): CodeIgniter\CodeIgniter->runController(Object(App\Controllers\Admin_c))
#8 C:\xampp745\htdocs\natraj\system\CodeIgniter.php(333): CodeIgniter\CodeIgniter->handleRequest(NULL, Object(Config\Cache), false)
#9 C:\xampp745\htdocs\natraj\index.php(62): CodeIgniter\CodeIgniter->run()
#10 {main}
ERROR - 2021-06-26 18:20:01 --> mysqli_sql_exception: Unknown column 'profile_pic' in 'order clause' in C:\xampp745\htdocs\natraj\system\Database\MySQLi\Connection.php:314
Stack trace:
#0 C:\xampp745\htdocs\natraj\system\Database\MySQLi\Connection.php(314): mysqli->query('SELECT *\nFROM `...')
#1 C:\xampp745\htdocs\natraj\system\Database\BaseConnection.php(713): CodeIgniter\Database\MySQLi\Connection->execute('SELECT *\nFROM `...')
#2 C:\xampp745\htdocs\natraj\system\Database\BaseConnection.php(641): CodeIgniter\Database\BaseConnection->simpleQuery('SELECT *\nFROM `...')
#3 C:\xampp745\htdocs\natraj\system\Database\BaseBuilder.php(1866): CodeIgniter\Database\BaseConnection->query('SELECT *\nFROM `...', Array, false)
#4 C:\xampp745\htdocs\natraj\app\Models\Madmin\Admin_m.php(53): CodeIgniter\Database\BaseBuilder->get()
#5 C:\xampp745\htdocs\natraj\app\Controllers\Admin_c.php(32): App\Models\Madmin\Admin_m->get_datatables()
#6 C:\xampp745\htdocs\natraj\system\CodeIgniter.php(936): App\Controllers\Admin_c->agent_list()
#7 C:\xampp745\htdocs\natraj\system\CodeIgniter.php(432): CodeIgniter\CodeIgniter->runController(Object(App\Controllers\Admin_c))
#8 C:\xampp745\htdocs\natraj\system\CodeIgniter.php(333): CodeIgniter\CodeIgniter->handleRequest(NULL, Object(Config\Cache), false)
#9 C:\xampp745\htdocs\natraj\index.php(62): CodeIgniter\CodeIgniter->run()
#10 {main}
CRITICAL - 2021-06-26 18:20:01 --> Unknown column 'profile_pic' in 'order clause'
#0 C:\xampp745\htdocs\natraj\system\Database\MySQLi\Connection.php(314): mysqli->query('SELECT *\nFROM `...')
#1 C:\xampp745\htdocs\natraj\system\Database\BaseConnection.php(713): CodeIgniter\Database\MySQLi\Connection->execute('SELECT *\nFROM `...')
#2 C:\xampp745\htdocs\natraj\system\Database\BaseConnection.php(641): CodeIgniter\Database\BaseConnection->simpleQuery('SELECT *\nFROM `...')
#3 C:\xampp745\htdocs\natraj\system\Database\BaseBuilder.php(1866): CodeIgniter\Database\BaseConnection->query('SELECT *\nFROM `...', Array, false)
#4 C:\xampp745\htdocs\natraj\app\Models\Madmin\Admin_m.php(53): CodeIgniter\Database\BaseBuilder->get()
#5 C:\xampp745\htdocs\natraj\app\Controllers\Admin_c.php(32): App\Models\Madmin\Admin_m->get_datatables()
#6 C:\xampp745\htdocs\natraj\system\CodeIgniter.php(936): App\Controllers\Admin_c->agent_list()
#7 C:\xampp745\htdocs\natraj\system\CodeIgniter.php(432): CodeIgniter\CodeIgniter->runController(Object(App\Controllers\Admin_c))
#8 C:\xampp745\htdocs\natraj\system\CodeIgniter.php(333): CodeIgniter\CodeIgniter->handleRequest(NULL, Object(Config\Cache), false)
#9 C:\xampp745\htdocs\natraj\index.php(62): CodeIgniter\CodeIgniter->run()
#10 {main}
ERROR - 2021-06-26 18:20:09 --> mysqli_sql_exception: Unknown column 'profile_pic' in 'order clause' in C:\xampp745\htdocs\natraj\system\Database\MySQLi\Connection.php:314
Stack trace:
#0 C:\xampp745\htdocs\natraj\system\Database\MySQLi\Connection.php(314): mysqli->query('SELECT *\nFROM `...')
#1 C:\xampp745\htdocs\natraj\system\Database\BaseConnection.php(713): CodeIgniter\Database\MySQLi\Connection->execute('SELECT *\nFROM `...')
#2 C:\xampp745\htdocs\natraj\system\Database\BaseConnection.php(641): CodeIgniter\Database\BaseConnection->simpleQuery('SELECT *\nFROM `...')
#3 C:\xampp745\htdocs\natraj\system\Database\BaseBuilder.php(1866): CodeIgniter\Database\BaseConnection->query('SELECT *\nFROM `...', Array, false)
#4 C:\xampp745\htdocs\natraj\app\Models\Madmin\Admin_m.php(53): CodeIgniter\Database\BaseBuilder->get()
#5 C:\xampp745\htdocs\natraj\app\Controllers\Admin_c.php(32): App\Models\Madmin\Admin_m->get_datatables()
#6 C:\xampp745\htdocs\natraj\system\CodeIgniter.php(936): App\Controllers\Admin_c->agent_list()
#7 C:\xampp745\htdocs\natraj\system\CodeIgniter.php(432): CodeIgniter\CodeIgniter->runController(Object(App\Controllers\Admin_c))
#8 C:\xampp745\htdocs\natraj\system\CodeIgniter.php(333): CodeIgniter\CodeIgniter->handleRequest(NULL, Object(Config\Cache), false)
#9 C:\xampp745\htdocs\natraj\index.php(62): CodeIgniter\CodeIgniter->run()
#10 {main}
CRITICAL - 2021-06-26 18:20:09 --> Unknown column 'profile_pic' in 'order clause'
#0 C:\xampp745\htdocs\natraj\system\Database\MySQLi\Connection.php(314): mysqli->query('SELECT *\nFROM `...')
#1 C:\xampp745\htdocs\natraj\system\Database\BaseConnection.php(713): CodeIgniter\Database\MySQLi\Connection->execute('SELECT *\nFROM `...')
#2 C:\xampp745\htdocs\natraj\system\Database\BaseConnection.php(641): CodeIgniter\Database\BaseConnection->simpleQuery('SELECT *\nFROM `...')
#3 C:\xampp745\htdocs\natraj\system\Database\BaseBuilder.php(1866): CodeIgniter\Database\BaseConnection->query('SELECT *\nFROM `...', Array, false)
#4 C:\xampp745\htdocs\natraj\app\Models\Madmin\Admin_m.php(53): CodeIgniter\Database\BaseBuilder->get()
#5 C:\xampp745\htdocs\natraj\app\Controllers\Admin_c.php(32): App\Models\Madmin\Admin_m->get_datatables()
#6 C:\xampp745\htdocs\natraj\system\CodeIgniter.php(936): App\Controllers\Admin_c->agent_list()
#7 C:\xampp745\htdocs\natraj\system\CodeIgniter.php(432): CodeIgniter\CodeIgniter->runController(Object(App\Controllers\Admin_c))
#8 C:\xampp745\htdocs\natraj\system\CodeIgniter.php(333): CodeIgniter\CodeIgniter->handleRequest(NULL, Object(Config\Cache), false)
#9 C:\xampp745\htdocs\natraj\index.php(62): CodeIgniter\CodeIgniter->run()
#10 {main}
CRITICAL - 2021-06-26 18:39:28 --> syntax error, unexpected '"' class='btn btn-xs btn-prima' (T_CONSTANT_ENCAPSED_STRING)
#0 C:\xampp745\htdocs\natraj\system\Autoloader\Autoloader.php(265): CodeIgniter\Autoloader\Autoloader->includeFile('C:\\xampp745\\htd...')
#1 C:\xampp745\htdocs\natraj\system\Autoloader\Autoloader.php(228): CodeIgniter\Autoloader\Autoloader->loadInNamespace('App\\Controllers...')
#2 [internal function]: CodeIgniter\Autoloader\Autoloader->loadClass('App\\Controllers...')
#3 [internal function]: spl_autoload_call('App\\Controllers...')
#4 C:\xampp745\htdocs\natraj\system\CodeIgniter.php(893): class_exists('\\App\\Controller...', true)
#5 C:\xampp745\htdocs\natraj\system\CodeIgniter.php(417): CodeIgniter\CodeIgniter->startController()
#6 C:\xampp745\htdocs\natraj\system\CodeIgniter.php(333): CodeIgniter\CodeIgniter->handleRequest(NULL, Object(Config\Cache), false)
#7 C:\xampp745\htdocs\natraj\index.php(62): CodeIgniter\CodeIgniter->run()
#8 {main}
CRITICAL - 2021-06-26 18:39:51 --> syntax error, unexpected '"' class='btn btn-xs btn-prima' (T_CONSTANT_ENCAPSED_STRING)
#0 C:\xampp745\htdocs\natraj\system\Autoloader\Autoloader.php(265): CodeIgniter\Autoloader\Autoloader->includeFile('C:\\xampp745\\htd...')
#1 C:\xampp745\htdocs\natraj\system\Autoloader\Autoloader.php(228): CodeIgniter\Autoloader\Autoloader->loadInNamespace('App\\Controllers...')
#2 [internal function]: CodeIgniter\Autoloader\Autoloader->loadClass('App\\Controllers...')
#3 [internal function]: spl_autoload_call('App\\Controllers...')
#4 C:\xampp745\htdocs\natraj\system\CodeIgniter.php(893): class_exists('\\App\\Controller...', true)
#5 C:\xampp745\htdocs\natraj\system\CodeIgniter.php(417): CodeIgniter\CodeIgniter->startController()
#6 C:\xampp745\htdocs\natraj\system\CodeIgniter.php(333): CodeIgniter\CodeIgniter->handleRequest(NULL, Object(Config\Cache), false)
#7 C:\xampp745\htdocs\natraj\index.php(62): CodeIgniter\CodeIgniter->run()
#8 {main}
