CRITICAL - 2021-06-24 11:54:59 --> Use of undefined constant MASTER_ADMIN_LOGIN_LINK - assumed 'MASTER_ADMIN_LOGIN_LINK' (this will throw an Error in a future version of PHP)
#0 C:\xampp745\htdocs\demo\app\Views\admin\login.php(37): CodeIgniter\Debug\Exceptions->errorHandler(2, 'Use of undefine...', 'C:\\xampp745\\htd...', 37, Array)
#1 C:\xampp745\htdocs\demo\system\View\View.php(220): include('C:\\xampp745\\htd...')
#2 C:\xampp745\htdocs\demo\system\View\View.php(222): CodeIgniter\View\View->CodeIgniter\View\{closure}()
#3 C:\xampp745\htdocs\demo\system\Common.php(1217): CodeIgniter\View\View->render('admin/login', Array, true)
#4 C:\xampp745\htdocs\demo\system\Common.php(1258): view('admin/login', Array)
#5 C:\xampp745\htdocs\demo\app\Controllers\Login_c.php(27): single_page('admin/login', Array)
#6 C:\xampp745\htdocs\demo\system\CodeIgniter.php(936): App\Controllers\Login_c->index()
#7 C:\xampp745\htdocs\demo\system\CodeIgniter.php(432): CodeIgniter\CodeIgniter->runController(Object(App\Controllers\Login_c))
#8 C:\xampp745\htdocs\demo\system\CodeIgniter.php(333): CodeIgniter\CodeIgniter->handleRequest(NULL, Object(Config\Cache), false)
#9 C:\xampp745\htdocs\demo\index.php(62): CodeIgniter\CodeIgniter->run()
#10 {main}
CRITICAL - 2021-06-24 11:56:10 --> include(C:\xampp745\htdocs\demo\app\Views/masteradmin/common/notify.php): failed to open stream: No such file or directory
#0 C:\xampp745\htdocs\demo\app\Views\admin\login.php(87): CodeIgniter\Debug\Exceptions->errorHandler(2, 'include(C:\\xamp...', 'C:\\xampp745\\htd...', 87, Array)
#1 C:\xampp745\htdocs\demo\app\Views\admin\login.php(87): include()
#2 C:\xampp745\htdocs\demo\system\View\View.php(220): include('C:\\xampp745\\htd...')
#3 C:\xampp745\htdocs\demo\system\View\View.php(222): CodeIgniter\View\View->CodeIgniter\View\{closure}()
#4 C:\xampp745\htdocs\demo\system\Common.php(1217): CodeIgniter\View\View->render('admin/login', Array, true)
#5 C:\xampp745\htdocs\demo\system\Common.php(1258): view('admin/login', Array)
#6 C:\xampp745\htdocs\demo\app\Controllers\Login_c.php(27): single_page('admin/login', Array)
#7 C:\xampp745\htdocs\demo\system\CodeIgniter.php(936): App\Controllers\Login_c->index()
#8 C:\xampp745\htdocs\demo\system\CodeIgniter.php(432): CodeIgniter\CodeIgniter->runController(Object(App\Controllers\Login_c))
#9 C:\xampp745\htdocs\demo\system\CodeIgniter.php(333): CodeIgniter\CodeIgniter->handleRequest(NULL, Object(Config\Cache), false)
#10 C:\xampp745\htdocs\demo\index.php(62): CodeIgniter\CodeIgniter->run()
#11 {main}
CRITICAL - 2021-06-24 11:56:59 --> include(C:\xampp745\htdocs\demo\app\Views/masteradmin/user_list_js.php): failed to open stream: No such file or directory
#0 C:\xampp745\htdocs\demo\app\Views\admin\login.php(87): CodeIgniter\Debug\Exceptions->errorHandler(2, 'include(C:\\xamp...', 'C:\\xampp745\\htd...', 87, Array)
#1 C:\xampp745\htdocs\demo\app\Views\admin\login.php(87): include()
#2 C:\xampp745\htdocs\demo\system\View\View.php(220): include('C:\\xampp745\\htd...')
#3 C:\xampp745\htdocs\demo\system\View\View.php(222): CodeIgniter\View\View->CodeIgniter\View\{closure}()
#4 C:\xampp745\htdocs\demo\system\Common.php(1217): CodeIgniter\View\View->render('admin/login', Array, true)
#5 C:\xampp745\htdocs\demo\system\Common.php(1258): view('admin/login', Array)
#6 C:\xampp745\htdocs\demo\app\Controllers\Login_c.php(27): single_page('admin/login', Array)
#7 C:\xampp745\htdocs\demo\system\CodeIgniter.php(936): App\Controllers\Login_c->index()
#8 C:\xampp745\htdocs\demo\system\CodeIgniter.php(432): CodeIgniter\CodeIgniter->runController(Object(App\Controllers\Login_c))
#9 C:\xampp745\htdocs\demo\system\CodeIgniter.php(333): CodeIgniter\CodeIgniter->handleRequest(NULL, Object(Config\Cache), false)
#10 C:\xampp745\htdocs\demo\index.php(62): CodeIgniter\CodeIgniter->run()
#11 {main}
CRITICAL - 2021-06-24 11:57:14 --> Use of undefined constant MASTER_ADMIN_USER_LIST_TITLE - assumed 'MASTER_ADMIN_USER_LIST_TITLE' (this will throw an Error in a future version of PHP)
#0 C:\xampp745\htdocs\demo\app\Views\admin\user_list_js.php(1): CodeIgniter\Debug\Exceptions->errorHandler(2, 'Use of undefine...', 'C:\\xampp745\\htd...', 1, Array)
#1 C:\xampp745\htdocs\demo\app\Views\admin\login.php(87): include('C:\\xampp745\\htd...')
#2 C:\xampp745\htdocs\demo\system\View\View.php(220): include('C:\\xampp745\\htd...')
#3 C:\xampp745\htdocs\demo\system\View\View.php(222): CodeIgniter\View\View->CodeIgniter\View\{closure}()
#4 C:\xampp745\htdocs\demo\system\Common.php(1217): CodeIgniter\View\View->render('admin/login', Array, true)
#5 C:\xampp745\htdocs\demo\system\Common.php(1258): view('admin/login', Array)
#6 C:\xampp745\htdocs\demo\app\Controllers\Login_c.php(27): single_page('admin/login', Array)
#7 C:\xampp745\htdocs\demo\system\CodeIgniter.php(936): App\Controllers\Login_c->index()
#8 C:\xampp745\htdocs\demo\system\CodeIgniter.php(432): CodeIgniter\CodeIgniter->runController(Object(App\Controllers\Login_c))
#9 C:\xampp745\htdocs\demo\system\CodeIgniter.php(333): CodeIgniter\CodeIgniter->handleRequest(NULL, Object(Config\Cache), false)
#10 C:\xampp745\htdocs\demo\index.php(62): CodeIgniter\CodeIgniter->run()
#11 {main}
CRITICAL - 2021-06-24 11:58:13 --> Invalid file: masteradmin/common/header.php
#0 C:\xampp745\htdocs\demo\system\View\View.php(203): CodeIgniter\Exceptions\FrameworkException::forInvalidFile('masteradmin/com...')
#1 C:\xampp745\htdocs\demo\system\Common.php(1217): CodeIgniter\View\View->render('masteradmin/com...', Array, true)
#2 C:\xampp745\htdocs\demo\system\Common.php(1247): view('masteradmin/com...', Array)
#3 C:\xampp745\htdocs\demo\app\Controllers\Admin_c.php(22): master_admin_view('admin/user_list', Array)
#4 C:\xampp745\htdocs\demo\system\CodeIgniter.php(936): App\Controllers\Admin_c->index()
#5 C:\xampp745\htdocs\demo\system\CodeIgniter.php(432): CodeIgniter\CodeIgniter->runController(Object(App\Controllers\Admin_c))
#6 C:\xampp745\htdocs\demo\system\CodeIgniter.php(333): CodeIgniter\CodeIgniter->handleRequest(NULL, Object(Config\Cache), false)
#7 C:\xampp745\htdocs\demo\index.php(62): CodeIgniter\CodeIgniter->run()
#8 {main}
CRITICAL - 2021-06-24 11:58:35 --> include(C:\xampp745\htdocs\demo\app\Views/masteradmin/common/notify.php): failed to open stream: No such file or directory
#0 C:\xampp745\htdocs\demo\app\Views\admin\common\footer.php(34): CodeIgniter\Debug\Exceptions->errorHandler(2, 'include(C:\\xamp...', 'C:\\xampp745\\htd...', 34, Array)
#1 C:\xampp745\htdocs\demo\app\Views\admin\common\footer.php(34): include()
#2 C:\xampp745\htdocs\demo\system\View\View.php(220): include('C:\\xampp745\\htd...')
#3 C:\xampp745\htdocs\demo\system\View\View.php(222): CodeIgniter\View\View->CodeIgniter\View\{closure}()
#4 C:\xampp745\htdocs\demo\system\Common.php(1217): CodeIgniter\View\View->render('admin/common/fo...', Array, true)
#5 C:\xampp745\htdocs\demo\system\Common.php(1251): view('admin/common/fo...', Array)
#6 C:\xampp745\htdocs\demo\app\Controllers\Admin_c.php(22): master_admin_view('admin/user_list', Array)
#7 C:\xampp745\htdocs\demo\system\CodeIgniter.php(936): App\Controllers\Admin_c->index()
#8 C:\xampp745\htdocs\demo\system\CodeIgniter.php(432): CodeIgniter\CodeIgniter->runController(Object(App\Controllers\Admin_c))
#9 C:\xampp745\htdocs\demo\system\CodeIgniter.php(333): CodeIgniter\CodeIgniter->handleRequest(NULL, Object(Config\Cache), false)
#10 C:\xampp745\htdocs\demo\index.php(62): CodeIgniter\CodeIgniter->run()
#11 {main}
CRITICAL - 2021-06-24 11:59:15 --> Undefined property: App\Controllers\Admin_c::$Agent_m
#0 C:\xampp745\htdocs\demo\app\Controllers\Admin_c.php(25): CodeIgniter\Debug\Exceptions->errorHandler(8, 'Undefined prope...', 'C:\\xampp745\\htd...', 25, Array)
#1 C:\xampp745\htdocs\demo\system\CodeIgniter.php(936): App\Controllers\Admin_c->user_list()
#2 C:\xampp745\htdocs\demo\system\CodeIgniter.php(432): CodeIgniter\CodeIgniter->runController(Object(App\Controllers\Admin_c))
#3 C:\xampp745\htdocs\demo\system\CodeIgniter.php(333): CodeIgniter\CodeIgniter->handleRequest(NULL, Object(Config\Cache), false)
#4 C:\xampp745\htdocs\demo\index.php(62): CodeIgniter\CodeIgniter->run()
#5 {main}
CRITICAL - 2021-06-24 11:59:21 --> Undefined property: App\Controllers\Admin_c::$Agent_m
#0 C:\xampp745\htdocs\demo\app\Controllers\Admin_c.php(25): CodeIgniter\Debug\Exceptions->errorHandler(8, 'Undefined prope...', 'C:\\xampp745\\htd...', 25, Array)
#1 C:\xampp745\htdocs\demo\system\CodeIgniter.php(936): App\Controllers\Admin_c->user_list()
#2 C:\xampp745\htdocs\demo\system\CodeIgniter.php(432): CodeIgniter\CodeIgniter->runController(Object(App\Controllers\Admin_c))
#3 C:\xampp745\htdocs\demo\system\CodeIgniter.php(333): CodeIgniter\CodeIgniter->handleRequest(NULL, Object(Config\Cache), false)
#4 C:\xampp745\htdocs\demo\index.php(62): CodeIgniter\CodeIgniter->run()
#5 {main}
CRITICAL - 2021-06-24 11:59:47 --> Undefined variable: buy_button
#0 C:\xampp745\htdocs\demo\app\Controllers\Admin_c.php(36): CodeIgniter\Debug\Exceptions->errorHandler(8, 'Undefined varia...', 'C:\\xampp745\\htd...', 36, Array)
#1 C:\xampp745\htdocs\demo\system\CodeIgniter.php(936): App\Controllers\Admin_c->user_list()
#2 C:\xampp745\htdocs\demo\system\CodeIgniter.php(432): CodeIgniter\CodeIgniter->runController(Object(App\Controllers\Admin_c))
#3 C:\xampp745\htdocs\demo\system\CodeIgniter.php(333): CodeIgniter\CodeIgniter->handleRequest(NULL, Object(Config\Cache), false)
#4 C:\xampp745\htdocs\demo\index.php(62): CodeIgniter\CodeIgniter->run()
#5 {main}
CRITICAL - 2021-06-24 12:01:22 --> Use of undefined constant MASTER_ADMIN_LOGIN_LINK - assumed 'MASTER_ADMIN_LOGIN_LINK' (this will throw an Error in a future version of PHP)
#0 C:\xampp745\htdocs\demo\app\Helpers\functions_helper.php(234): CodeIgniter\Debug\Exceptions->errorHandler(2, 'Use of undefine...', 'C:\\xampp745\\htd...', 234, Array)
#1 C:\xampp745\htdocs\demo\app\Controllers\Admin_c.php(16): sessionCheckAgentAdmin()
#2 C:\xampp745\htdocs\demo\system\CodeIgniter.php(908): App\Controllers\Admin_c->__construct()
#3 C:\xampp745\htdocs\demo\system\CodeIgniter.php(422): CodeIgniter\CodeIgniter->createController()
#4 C:\xampp745\htdocs\demo\system\CodeIgniter.php(333): CodeIgniter\CodeIgniter->handleRequest(NULL, Object(Config\Cache), false)
#5 C:\xampp745\htdocs\demo\index.php(62): CodeIgniter\CodeIgniter->run()
#6 {main}
CRITICAL - 2021-06-24 12:01:29 --> Use of undefined constant MASTER_ADMIN_LOGIN_LINK - assumed 'MASTER_ADMIN_LOGIN_LINK' (this will throw an Error in a future version of PHP)
#0 C:\xampp745\htdocs\demo\app\Helpers\functions_helper.php(234): CodeIgniter\Debug\Exceptions->errorHandler(2, 'Use of undefine...', 'C:\\xampp745\\htd...', 234, Array)
#1 C:\xampp745\htdocs\demo\app\Controllers\Admin_c.php(16): sessionCheckAgentAdmin()
#2 C:\xampp745\htdocs\demo\system\CodeIgniter.php(908): App\Controllers\Admin_c->__construct()
#3 C:\xampp745\htdocs\demo\system\CodeIgniter.php(422): CodeIgniter\CodeIgniter->createController()
#4 C:\xampp745\htdocs\demo\system\CodeIgniter.php(333): CodeIgniter\CodeIgniter->handleRequest(NULL, Object(Config\Cache), false)
#5 C:\xampp745\htdocs\demo\index.php(62): CodeIgniter\CodeIgniter->run()
#6 {main}
CRITICAL - 2021-06-24 12:03:47 --> Call to undefined function App\Controllers\sessionCheckAgentAdmin()
#0 C:\xampp745\htdocs\demo\system\CodeIgniter.php(908): App\Controllers\Admin_c->__construct()
#1 C:\xampp745\htdocs\demo\system\CodeIgniter.php(422): CodeIgniter\CodeIgniter->createController()
#2 C:\xampp745\htdocs\demo\system\CodeIgniter.php(333): CodeIgniter\CodeIgniter->handleRequest(NULL, Object(Config\Cache), false)
#3 C:\xampp745\htdocs\demo\index.php(62): CodeIgniter\CodeIgniter->run()
#4 {main}
CRITICAL - 2021-06-24 12:03:50 --> Call to undefined function App\Controllers\sessionCheckAgentAdmin()
#0 C:\xampp745\htdocs\demo\system\CodeIgniter.php(908): App\Controllers\Admin_c->__construct()
#1 C:\xampp745\htdocs\demo\system\CodeIgniter.php(422): CodeIgniter\CodeIgniter->createController()
#2 C:\xampp745\htdocs\demo\system\CodeIgniter.php(333): CodeIgniter\CodeIgniter->handleRequest(NULL, Object(Config\Cache), false)
#3 C:\xampp745\htdocs\demo\index.php(62): CodeIgniter\CodeIgniter->run()
#4 {main}
ERROR - 2021-06-24 12:29:35 --> mysqli_sql_exception: Unknown column 'user_type' in 'where clause' in C:\xampp745\htdocs\demo\system\Database\MySQLi\Connection.php:314
Stack trace:
#0 C:\xampp745\htdocs\demo\system\Database\MySQLi\Connection.php(314): mysqli->query('SELECT *\nFROM `...')
#1 C:\xampp745\htdocs\demo\system\Database\BaseConnection.php(713): CodeIgniter\Database\MySQLi\Connection->execute('SELECT *\nFROM `...')
#2 C:\xampp745\htdocs\demo\system\Database\BaseConnection.php(641): CodeIgniter\Database\BaseConnection->simpleQuery('SELECT *\nFROM `...')
#3 C:\xampp745\htdocs\demo\system\Database\BaseBuilder.php(1866): CodeIgniter\Database\BaseConnection->query('SELECT *\nFROM `...', Array, false)
#4 C:\xampp745\htdocs\demo\app\Models\Madmin\Admin_m.php(53): CodeIgniter\Database\BaseBuilder->get()
#5 C:\xampp745\htdocs\demo\app\Controllers\Admin_c.php(25): App\Models\Madmin\Admin_m->get_datatables()
#6 C:\xampp745\htdocs\demo\system\CodeIgniter.php(936): App\Controllers\Admin_c->user_list()
#7 C:\xampp745\htdocs\demo\system\CodeIgniter.php(432): CodeIgniter\CodeIgniter->runController(Object(App\Controllers\Admin_c))
#8 C:\xampp745\htdocs\demo\system\CodeIgniter.php(333): CodeIgniter\CodeIgniter->handleRequest(NULL, Object(Config\Cache), false)
#9 C:\xampp745\htdocs\demo\index.php(62): CodeIgniter\CodeIgniter->run()
#10 {main}
CRITICAL - 2021-06-24 12:29:35 --> Unknown column 'user_type' in 'where clause'
#0 C:\xampp745\htdocs\demo\system\Database\MySQLi\Connection.php(314): mysqli->query('SELECT *\nFROM `...')
#1 C:\xampp745\htdocs\demo\system\Database\BaseConnection.php(713): CodeIgniter\Database\MySQLi\Connection->execute('SELECT *\nFROM `...')
#2 C:\xampp745\htdocs\demo\system\Database\BaseConnection.php(641): CodeIgniter\Database\BaseConnection->simpleQuery('SELECT *\nFROM `...')
#3 C:\xampp745\htdocs\demo\system\Database\BaseBuilder.php(1866): CodeIgniter\Database\BaseConnection->query('SELECT *\nFROM `...', Array, false)
#4 C:\xampp745\htdocs\demo\app\Models\Madmin\Admin_m.php(53): CodeIgniter\Database\BaseBuilder->get()
#5 C:\xampp745\htdocs\demo\app\Controllers\Admin_c.php(25): App\Models\Madmin\Admin_m->get_datatables()
#6 C:\xampp745\htdocs\demo\system\CodeIgniter.php(936): App\Controllers\Admin_c->user_list()
#7 C:\xampp745\htdocs\demo\system\CodeIgniter.php(432): CodeIgniter\CodeIgniter->runController(Object(App\Controllers\Admin_c))
#8 C:\xampp745\htdocs\demo\system\CodeIgniter.php(333): CodeIgniter\CodeIgniter->handleRequest(NULL, Object(Config\Cache), false)
#9 C:\xampp745\htdocs\demo\index.php(62): CodeIgniter\CodeIgniter->run()
#10 {main}
ERROR - 2021-06-24 12:29:46 --> mysqli_sql_exception: Unknown column 'user_type' in 'where clause' in C:\xampp745\htdocs\demo\system\Database\MySQLi\Connection.php:314
Stack trace:
#0 C:\xampp745\htdocs\demo\system\Database\MySQLi\Connection.php(314): mysqli->query('SELECT *\nFROM `...')
#1 C:\xampp745\htdocs\demo\system\Database\BaseConnection.php(713): CodeIgniter\Database\MySQLi\Connection->execute('SELECT *\nFROM `...')
#2 C:\xampp745\htdocs\demo\system\Database\BaseConnection.php(641): CodeIgniter\Database\BaseConnection->simpleQuery('SELECT *\nFROM `...')
#3 C:\xampp745\htdocs\demo\system\Database\BaseBuilder.php(1866): CodeIgniter\Database\BaseConnection->query('SELECT *\nFROM `...', Array, false)
#4 C:\xampp745\htdocs\demo\app\Models\Madmin\Admin_m.php(53): CodeIgniter\Database\BaseBuilder->get()
#5 C:\xampp745\htdocs\demo\app\Controllers\Admin_c.php(25): App\Models\Madmin\Admin_m->get_datatables()
#6 C:\xampp745\htdocs\demo\system\CodeIgniter.php(936): App\Controllers\Admin_c->user_list()
#7 C:\xampp745\htdocs\demo\system\CodeIgniter.php(432): CodeIgniter\CodeIgniter->runController(Object(App\Controllers\Admin_c))
#8 C:\xampp745\htdocs\demo\system\CodeIgniter.php(333): CodeIgniter\CodeIgniter->handleRequest(NULL, Object(Config\Cache), false)
#9 C:\xampp745\htdocs\demo\index.php(62): CodeIgniter\CodeIgniter->run()
#10 {main}
CRITICAL - 2021-06-24 12:29:46 --> Unknown column 'user_type' in 'where clause'
#0 C:\xampp745\htdocs\demo\system\Database\MySQLi\Connection.php(314): mysqli->query('SELECT *\nFROM `...')
#1 C:\xampp745\htdocs\demo\system\Database\BaseConnection.php(713): CodeIgniter\Database\MySQLi\Connection->execute('SELECT *\nFROM `...')
#2 C:\xampp745\htdocs\demo\system\Database\BaseConnection.php(641): CodeIgniter\Database\BaseConnection->simpleQuery('SELECT *\nFROM `...')
#3 C:\xampp745\htdocs\demo\system\Database\BaseBuilder.php(1866): CodeIgniter\Database\BaseConnection->query('SELECT *\nFROM `...', Array, false)
#4 C:\xampp745\htdocs\demo\app\Models\Madmin\Admin_m.php(53): CodeIgniter\Database\BaseBuilder->get()
#5 C:\xampp745\htdocs\demo\app\Controllers\Admin_c.php(25): App\Models\Madmin\Admin_m->get_datatables()
#6 C:\xampp745\htdocs\demo\system\CodeIgniter.php(936): App\Controllers\Admin_c->user_list()
#7 C:\xampp745\htdocs\demo\system\CodeIgniter.php(432): CodeIgniter\CodeIgniter->runController(Object(App\Controllers\Admin_c))
#8 C:\xampp745\htdocs\demo\system\CodeIgniter.php(333): CodeIgniter\CodeIgniter->handleRequest(NULL, Object(Config\Cache), false)
#9 C:\xampp745\htdocs\demo\index.php(62): CodeIgniter\CodeIgniter->run()
#10 {main}
ERROR - 2021-06-24 12:32:33 --> mysqli_sql_exception: Unknown column 'user_type' in 'where clause' in C:\xampp745\htdocs\demo\system\Database\MySQLi\Connection.php:314
Stack trace:
#0 C:\xampp745\htdocs\demo\system\Database\MySQLi\Connection.php(314): mysqli->query('SELECT *\nFROM `...')
#1 C:\xampp745\htdocs\demo\system\Database\BaseConnection.php(713): CodeIgniter\Database\MySQLi\Connection->execute('SELECT *\nFROM `...')
#2 C:\xampp745\htdocs\demo\system\Database\BaseConnection.php(641): CodeIgniter\Database\BaseConnection->simpleQuery('SELECT *\nFROM `...')
#3 C:\xampp745\htdocs\demo\system\Database\BaseBuilder.php(1866): CodeIgniter\Database\BaseConnection->query('SELECT *\nFROM `...', Array, false)
#4 C:\xampp745\htdocs\demo\app\Models\Madmin\Admin_m.php(53): CodeIgniter\Database\BaseBuilder->get()
#5 C:\xampp745\htdocs\demo\app\Controllers\Admin_c.php(25): App\Models\Madmin\Admin_m->get_datatables()
#6 C:\xampp745\htdocs\demo\system\CodeIgniter.php(936): App\Controllers\Admin_c->user_list()
#7 C:\xampp745\htdocs\demo\system\CodeIgniter.php(432): CodeIgniter\CodeIgniter->runController(Object(App\Controllers\Admin_c))
#8 C:\xampp745\htdocs\demo\system\CodeIgniter.php(333): CodeIgniter\CodeIgniter->handleRequest(NULL, Object(Config\Cache), false)
#9 C:\xampp745\htdocs\demo\index.php(62): CodeIgniter\CodeIgniter->run()
#10 {main}
CRITICAL - 2021-06-24 12:32:33 --> Unknown column 'user_type' in 'where clause'
#0 C:\xampp745\htdocs\demo\system\Database\MySQLi\Connection.php(314): mysqli->query('SELECT *\nFROM `...')
#1 C:\xampp745\htdocs\demo\system\Database\BaseConnection.php(713): CodeIgniter\Database\MySQLi\Connection->execute('SELECT *\nFROM `...')
#2 C:\xampp745\htdocs\demo\system\Database\BaseConnection.php(641): CodeIgniter\Database\BaseConnection->simpleQuery('SELECT *\nFROM `...')
#3 C:\xampp745\htdocs\demo\system\Database\BaseBuilder.php(1866): CodeIgniter\Database\BaseConnection->query('SELECT *\nFROM `...', Array, false)
#4 C:\xampp745\htdocs\demo\app\Models\Madmin\Admin_m.php(53): CodeIgniter\Database\BaseBuilder->get()
#5 C:\xampp745\htdocs\demo\app\Controllers\Admin_c.php(25): App\Models\Madmin\Admin_m->get_datatables()
#6 C:\xampp745\htdocs\demo\system\CodeIgniter.php(936): App\Controllers\Admin_c->user_list()
#7 C:\xampp745\htdocs\demo\system\CodeIgniter.php(432): CodeIgniter\CodeIgniter->runController(Object(App\Controllers\Admin_c))
#8 C:\xampp745\htdocs\demo\system\CodeIgniter.php(333): CodeIgniter\CodeIgniter->handleRequest(NULL, Object(Config\Cache), false)
#9 C:\xampp745\htdocs\demo\index.php(62): CodeIgniter\CodeIgniter->run()
#10 {main}
ERROR - 2021-06-24 12:49:57 --> mysqli_sql_exception: Unknown column 'refAgent_id' in 'field list' in C:\xampp745\htdocs\demo\system\Database\MySQLi\Connection.php:314
Stack trace:
#0 C:\xampp745\htdocs\demo\system\Database\MySQLi\Connection.php(314): mysqli->query('INSERT INTO `ma...')
#1 C:\xampp745\htdocs\demo\system\Database\BaseConnection.php(713): CodeIgniter\Database\MySQLi\Connection->execute('INSERT INTO `ma...')
#2 C:\xampp745\htdocs\demo\system\Database\BaseConnection.php(641): CodeIgniter\Database\BaseConnection->simpleQuery('INSERT INTO `ma...')
#3 C:\xampp745\htdocs\demo\system\Database\BaseBuilder.php(2263): CodeIgniter\Database\BaseConnection->query('INSERT INTO `ma...', Array, false)
#4 C:\xampp745\htdocs\demo\app\Models\Madmin\Admin_m.php(72): CodeIgniter\Database\BaseBuilder->insert(Array)
#5 C:\xampp745\htdocs\demo\app\Controllers\Admin_c.php(73): App\Models\Madmin\Admin_m->add_user(Array)
#6 C:\xampp745\htdocs\demo\system\CodeIgniter.php(936): App\Controllers\Admin_c->add_user()
#7 C:\xampp745\htdocs\demo\system\CodeIgniter.php(432): CodeIgniter\CodeIgniter->runController(Object(App\Controllers\Admin_c))
#8 C:\xampp745\htdocs\demo\system\CodeIgniter.php(333): CodeIgniter\CodeIgniter->handleRequest(NULL, Object(Config\Cache), false)
#9 C:\xampp745\htdocs\demo\index.php(62): CodeIgniter\CodeIgniter->run()
#10 {main}
CRITICAL - 2021-06-24 12:49:57 --> Unknown column 'refAgent_id' in 'field list'
#0 C:\xampp745\htdocs\demo\system\Database\MySQLi\Connection.php(314): mysqli->query('INSERT INTO `ma...')
#1 C:\xampp745\htdocs\demo\system\Database\BaseConnection.php(713): CodeIgniter\Database\MySQLi\Connection->execute('INSERT INTO `ma...')
#2 C:\xampp745\htdocs\demo\system\Database\BaseConnection.php(641): CodeIgniter\Database\BaseConnection->simpleQuery('INSERT INTO `ma...')
#3 C:\xampp745\htdocs\demo\system\Database\BaseBuilder.php(2263): CodeIgniter\Database\BaseConnection->query('INSERT INTO `ma...', Array, false)
#4 C:\xampp745\htdocs\demo\app\Models\Madmin\Admin_m.php(72): CodeIgniter\Database\BaseBuilder->insert(Array)
#5 C:\xampp745\htdocs\demo\app\Controllers\Admin_c.php(73): App\Models\Madmin\Admin_m->add_user(Array)
#6 C:\xampp745\htdocs\demo\system\CodeIgniter.php(936): App\Controllers\Admin_c->add_user()
#7 C:\xampp745\htdocs\demo\system\CodeIgniter.php(432): CodeIgniter\CodeIgniter->runController(Object(App\Controllers\Admin_c))
#8 C:\xampp745\htdocs\demo\system\CodeIgniter.php(333): CodeIgniter\CodeIgniter->handleRequest(NULL, Object(Config\Cache), false)
#9 C:\xampp745\htdocs\demo\index.php(62): CodeIgniter\CodeIgniter->run()
#10 {main}
CRITICAL - 2021-06-24 12:51:01 --> Undefined offset: 11
#0 C:\xampp745\htdocs\demo\app\Models\Madmin\Admin_m.php(40): CodeIgniter\Debug\Exceptions->errorHandler(8, 'Undefined offse...', 'C:\\xampp745\\htd...', 40, Array)
#1 C:\xampp745\htdocs\demo\app\Models\Madmin\Admin_m.php(50): App\Models\Madmin\Admin_m->_get_datatables_query(Object(CodeIgniter\Database\MySQLi\Builder))
#2 C:\xampp745\htdocs\demo\app\Controllers\Admin_c.php(25): App\Models\Madmin\Admin_m->get_datatables()
#3 C:\xampp745\htdocs\demo\system\CodeIgniter.php(936): App\Controllers\Admin_c->user_list()
#4 C:\xampp745\htdocs\demo\system\CodeIgniter.php(432): CodeIgniter\CodeIgniter->runController(Object(App\Controllers\Admin_c))
#5 C:\xampp745\htdocs\demo\system\CodeIgniter.php(333): CodeIgniter\CodeIgniter->handleRequest(NULL, Object(Config\Cache), false)
#6 C:\xampp745\htdocs\demo\index.php(62): CodeIgniter\CodeIgniter->run()
#7 {main}
CRITICAL - 2021-06-24 13:06:14 --> Call to undefined function form_open()
#0 C:\xampp745\htdocs\demo\system\View\View.php(220): include()
#1 C:\xampp745\htdocs\demo\system\View\View.php(222): CodeIgniter\View\View->CodeIgniter\View\{closure}()
#2 C:\xampp745\htdocs\demo\system\Common.php(1217): CodeIgniter\View\View->render('admin/adduser', Array, true)
#3 C:\xampp745\htdocs\demo\system\Common.php(1250): view('admin/adduser', Array)
#4 C:\xampp745\htdocs\demo\app\Controllers\Admin_c.php(60): master_admin_view('admin/adduser', Array)
#5 C:\xampp745\htdocs\demo\system\CodeIgniter.php(936): App\Controllers\Admin_c->add_user_form()
#6 C:\xampp745\htdocs\demo\system\CodeIgniter.php(432): CodeIgniter\CodeIgniter->runController(Object(App\Controllers\Admin_c))
#7 C:\xampp745\htdocs\demo\system\CodeIgniter.php(333): CodeIgniter\CodeIgniter->handleRequest(NULL, Object(Config\Cache), false)
#8 C:\xampp745\htdocs\demo\index.php(62): CodeIgniter\CodeIgniter->run()
#9 {main}
CRITICAL - 2021-06-24 13:12:53 --> Class 'App\Models\Madmin\FormModel' not found
#0 C:\xampp745\htdocs\demo\system\CodeIgniter.php(936): App\Controllers\Admin_c->add_user()
#1 C:\xampp745\htdocs\demo\system\CodeIgniter.php(432): CodeIgniter\CodeIgniter->runController(Object(App\Controllers\Admin_c))
#2 C:\xampp745\htdocs\demo\system\CodeIgniter.php(333): CodeIgniter\CodeIgniter->handleRequest(NULL, Object(Config\Cache), false)
#3 C:\xampp745\htdocs\demo\index.php(62): CodeIgniter\CodeIgniter->run()
#4 {main}
CRITICAL - 2021-06-24 13:13:46 --> Invalid file: contact_form.php
#0 C:\xampp745\htdocs\demo\system\View\View.php(203): CodeIgniter\Exceptions\FrameworkException::forInvalidFile('contact_form.ph...')
#1 C:\xampp745\htdocs\demo\system\Common.php(1217): CodeIgniter\View\View->render('contact_form', Array, true)
#2 C:\xampp745\htdocs\demo\app\Controllers\Admin_c.php(78): view('contact_form', Array)
#3 C:\xampp745\htdocs\demo\system\CodeIgniter.php(936): App\Controllers\Admin_c->add_user()
#4 C:\xampp745\htdocs\demo\system\CodeIgniter.php(432): CodeIgniter\CodeIgniter->runController(Object(App\Controllers\Admin_c))
#5 C:\xampp745\htdocs\demo\system\CodeIgniter.php(333): CodeIgniter\CodeIgniter->handleRequest(NULL, Object(Config\Cache), false)
#6 C:\xampp745\htdocs\demo\index.php(62): CodeIgniter\CodeIgniter->run()
#7 {main}
CRITICAL - 2021-06-24 13:16:49 --> Invalid file: contact_form.php
#0 C:\xampp745\htdocs\demo\system\View\View.php(203): CodeIgniter\Exceptions\FrameworkException::forInvalidFile('contact_form.ph...')
#1 C:\xampp745\htdocs\demo\system\Common.php(1217): CodeIgniter\View\View->render('contact_form', Array, true)
#2 C:\xampp745\htdocs\demo\app\Controllers\Admin_c.php(78): view('contact_form', Array)
#3 C:\xampp745\htdocs\demo\system\CodeIgniter.php(936): App\Controllers\Admin_c->add_user()
#4 C:\xampp745\htdocs\demo\system\CodeIgniter.php(432): CodeIgniter\CodeIgniter->runController(Object(App\Controllers\Admin_c))
#5 C:\xampp745\htdocs\demo\system\CodeIgniter.php(333): CodeIgniter\CodeIgniter->handleRequest(NULL, Object(Config\Cache), false)
#6 C:\xampp745\htdocs\demo\index.php(62): CodeIgniter\CodeIgniter->run()
#7 {main}
CRITICAL - 2021-06-24 13:17:19 --> Undefined variable: title
#0 C:\xampp745\htdocs\demo\app\Views\admin\common\header.php(11): CodeIgniter\Debug\Exceptions->errorHandler(8, 'Undefined varia...', 'C:\\xampp745\\htd...', 11, Array)
#1 C:\xampp745\htdocs\demo\system\View\View.php(220): include('C:\\xampp745\\htd...')
#2 C:\xampp745\htdocs\demo\system\View\View.php(222): CodeIgniter\View\View->CodeIgniter\View\{closure}()
#3 C:\xampp745\htdocs\demo\system\Common.php(1217): CodeIgniter\View\View->render('admin/common/he...', Array, true)
#4 C:\xampp745\htdocs\demo\system\Common.php(1247): view('admin/common/he...', Array)
#5 C:\xampp745\htdocs\demo\app\Controllers\Admin_c.php(78): master_admin_view('admin/adduser', Array)
#6 C:\xampp745\htdocs\demo\system\CodeIgniter.php(936): App\Controllers\Admin_c->add_user()
#7 C:\xampp745\htdocs\demo\system\CodeIgniter.php(432): CodeIgniter\CodeIgniter->runController(Object(App\Controllers\Admin_c))
#8 C:\xampp745\htdocs\demo\system\CodeIgniter.php(333): CodeIgniter\CodeIgniter->handleRequest(NULL, Object(Config\Cache), false)
#9 C:\xampp745\htdocs\demo\index.php(62): CodeIgniter\CodeIgniter->run()
#10 {main}
CRITICAL - 2021-06-24 13:19:36 --> Undefined variable: title
#0 C:\xampp745\htdocs\demo\app\Views\admin\common\header.php(11): CodeIgniter\Debug\Exceptions->errorHandler(8, 'Undefined varia...', 'C:\\xampp745\\htd...', 11, Array)
#1 C:\xampp745\htdocs\demo\system\View\View.php(220): include('C:\\xampp745\\htd...')
#2 C:\xampp745\htdocs\demo\system\View\View.php(222): CodeIgniter\View\View->CodeIgniter\View\{closure}()
#3 C:\xampp745\htdocs\demo\system\Common.php(1217): CodeIgniter\View\View->render('admin/common/he...', Array, true)
#4 C:\xampp745\htdocs\demo\system\Common.php(1247): view('admin/common/he...', Array)
#5 C:\xampp745\htdocs\demo\app\Controllers\Admin_c.php(78): master_admin_view('admin/adduser', Array)
#6 C:\xampp745\htdocs\demo\system\CodeIgniter.php(936): App\Controllers\Admin_c->add_user()
#7 C:\xampp745\htdocs\demo\system\CodeIgniter.php(432): CodeIgniter\CodeIgniter->runController(Object(App\Controllers\Admin_c))
#8 C:\xampp745\htdocs\demo\system\CodeIgniter.php(333): CodeIgniter\CodeIgniter->handleRequest(NULL, Object(Config\Cache), false)
#9 C:\xampp745\htdocs\demo\index.php(62): CodeIgniter\CodeIgniter->run()
#10 {main}
CRITICAL - 2021-06-24 13:31:45 --> Use of undefined constant ADMIN_ADD_USER_FORM_LINK - assumed 'ADMIN_ADD_USER_FORM_LINK' (this will throw an Error in a future version of PHP)
#0 C:\xampp745\htdocs\demo\app\Views\admin\common\sidebar.php(28): CodeIgniter\Debug\Exceptions->errorHandler(2, 'Use of undefine...', 'C:\\xampp745\\htd...', 28, Array)
#1 C:\xampp745\htdocs\demo\system\View\View.php(220): include('C:\\xampp745\\htd...')
#2 C:\xampp745\htdocs\demo\system\View\View.php(222): CodeIgniter\View\View->CodeIgniter\View\{closure}()
#3 C:\xampp745\htdocs\demo\system\Common.php(1217): CodeIgniter\View\View->render('admin/common/si...', Array, true)
#4 C:\xampp745\htdocs\demo\system\Common.php(1248): view('admin/common/si...', Array)
#5 C:\xampp745\htdocs\demo\app\Controllers\Admin_c.php(91): master_admin_view('admin/adduser', Array)
#6 C:\xampp745\htdocs\demo\system\CodeIgniter.php(936): App\Controllers\Admin_c->add_user()
#7 C:\xampp745\htdocs\demo\system\CodeIgniter.php(432): CodeIgniter\CodeIgniter->runController(Object(App\Controllers\Admin_c))
#8 C:\xampp745\htdocs\demo\system\CodeIgniter.php(333): CodeIgniter\CodeIgniter->handleRequest(NULL, Object(Config\Cache), false)
#9 C:\xampp745\htdocs\demo\index.php(62): CodeIgniter\CodeIgniter->run()
#10 {main}
CRITICAL - 2021-06-24 17:58:45 --> callback_validate_time is not a valid rule.
#0 C:\xampp745\htdocs\natraj\system\Validation\Validation.php(314): CodeIgniter\Validation\Exceptions\ValidationException::forRuleNotFound('callback_valida...')
#1 C:\xampp745\htdocs\natraj\system\Validation\Validation.php(164): CodeIgniter\Validation\Validation->processRules('mon_fri_open', 'mon_fri_open', '06:59', Array, Array)
#2 C:\xampp745\htdocs\natraj\system\Controller.php(181): CodeIgniter\Validation\Validation->run()
#3 C:\xampp745\htdocs\natraj\app\Controllers\Admin_c.php(143): CodeIgniter\Controller->validate(Array)
#4 C:\xampp745\htdocs\natraj\system\CodeIgniter.php(936): App\Controllers\Admin_c->add_market()
#5 C:\xampp745\htdocs\natraj\system\CodeIgniter.php(432): CodeIgniter\CodeIgniter->runController(Object(App\Controllers\Admin_c))
#6 C:\xampp745\htdocs\natraj\system\CodeIgniter.php(333): CodeIgniter\CodeIgniter->handleRequest(NULL, Object(Config\Cache), false)
#7 C:\xampp745\htdocs\natraj\index.php(62): CodeIgniter\CodeIgniter->run()
#8 {main}
CRITICAL - 2021-06-24 18:14:59 --> callback_validate_time is not a valid rule.
#0 C:\xampp745\htdocs\natraj\system\Validation\Validation.php(314): CodeIgniter\Validation\Exceptions\ValidationException::forRuleNotFound('callback_valida...')
#1 C:\xampp745\htdocs\natraj\system\Validation\Validation.php(164): CodeIgniter\Validation\Validation->processRules('mon_fri_open', 'mon_fri_open', '18:14', Array, Array)
#2 C:\xampp745\htdocs\natraj\system\Controller.php(181): CodeIgniter\Validation\Validation->run()
#3 C:\xampp745\htdocs\natraj\app\Controllers\Admin_c.php(143): CodeIgniter\Controller->validate(Array)
#4 C:\xampp745\htdocs\natraj\system\CodeIgniter.php(936): App\Controllers\Admin_c->add_market()
#5 C:\xampp745\htdocs\natraj\system\CodeIgniter.php(432): CodeIgniter\CodeIgniter->runController(Object(App\Controllers\Admin_c))
#6 C:\xampp745\htdocs\natraj\system\CodeIgniter.php(333): CodeIgniter\CodeIgniter->handleRequest(NULL, Object(Config\Cache), false)
#7 C:\xampp745\htdocs\natraj\index.php(62): CodeIgniter\CodeIgniter->run()
#8 {main}
CRITICAL - 2021-06-24 18:15:50 --> Undefined property: App\Controllers\Admin_c::$form_validation
#0 C:\xampp745\htdocs\natraj\app\Controllers\Admin_c.php(146): CodeIgniter\Debug\Exceptions->errorHandler(8, 'Undefined prope...', 'C:\\xampp745\\htd...', 146, Array)
#1 C:\xampp745\htdocs\natraj\system\CodeIgniter.php(936): App\Controllers\Admin_c->add_market()
#2 C:\xampp745\htdocs\natraj\system\CodeIgniter.php(432): CodeIgniter\CodeIgniter->runController(Object(App\Controllers\Admin_c))
#3 C:\xampp745\htdocs\natraj\system\CodeIgniter.php(333): CodeIgniter\CodeIgniter->handleRequest(NULL, Object(Config\Cache), false)
#4 C:\xampp745\htdocs\natraj\index.php(62): CodeIgniter\CodeIgniter->run()
#5 {main}
ERROR - 2021-06-24 18:38:34 --> mysqli_sql_exception: Unknown column 'mon_fri_close' in 'field list' in C:\xampp745\htdocs\natraj\system\Database\MySQLi\Connection.php:314
Stack trace:
#0 C:\xampp745\htdocs\natraj\system\Database\MySQLi\Connection.php(314): mysqli->query('INSERT INTO `ma...')
#1 C:\xampp745\htdocs\natraj\system\Database\BaseConnection.php(713): CodeIgniter\Database\MySQLi\Connection->execute('INSERT INTO `ma...')
#2 C:\xampp745\htdocs\natraj\system\Database\BaseConnection.php(641): CodeIgniter\Database\BaseConnection->simpleQuery('INSERT INTO `ma...')
#3 C:\xampp745\htdocs\natraj\system\Database\BaseBuilder.php(2263): CodeIgniter\Database\BaseConnection->query('INSERT INTO `ma...', Array, false)
#4 C:\xampp745\htdocs\natraj\app\Models\Madmin\Admin_m.php(78): CodeIgniter\Database\BaseBuilder->insert(Array)
#5 C:\xampp745\htdocs\natraj\app\Controllers\Admin_c.php(155): App\Models\Madmin\Admin_m->add_market(Array)
#6 C:\xampp745\htdocs\natraj\system\CodeIgniter.php(936): App\Controllers\Admin_c->add_market()
#7 C:\xampp745\htdocs\natraj\system\CodeIgniter.php(432): CodeIgniter\CodeIgniter->runController(Object(App\Controllers\Admin_c))
#8 C:\xampp745\htdocs\natraj\system\CodeIgniter.php(333): CodeIgniter\CodeIgniter->handleRequest(NULL, Object(Config\Cache), false)
#9 C:\xampp745\htdocs\natraj\index.php(62): CodeIgniter\CodeIgniter->run()
#10 {main}
CRITICAL - 2021-06-24 18:38:34 --> Unknown column 'mon_fri_close' in 'field list'
#0 C:\xampp745\htdocs\natraj\system\Database\MySQLi\Connection.php(314): mysqli->query('INSERT INTO `ma...')
#1 C:\xampp745\htdocs\natraj\system\Database\BaseConnection.php(713): CodeIgniter\Database\MySQLi\Connection->execute('INSERT INTO `ma...')
#2 C:\xampp745\htdocs\natraj\system\Database\BaseConnection.php(641): CodeIgniter\Database\BaseConnection->simpleQuery('INSERT INTO `ma...')
#3 C:\xampp745\htdocs\natraj\system\Database\BaseBuilder.php(2263): CodeIgniter\Database\BaseConnection->query('INSERT INTO `ma...', Array, false)
#4 C:\xampp745\htdocs\natraj\app\Models\Madmin\Admin_m.php(78): CodeIgniter\Database\BaseBuilder->insert(Array)
#5 C:\xampp745\htdocs\natraj\app\Controllers\Admin_c.php(155): App\Models\Madmin\Admin_m->add_market(Array)
#6 C:\xampp745\htdocs\natraj\system\CodeIgniter.php(936): App\Controllers\Admin_c->add_market()
#7 C:\xampp745\htdocs\natraj\system\CodeIgniter.php(432): CodeIgniter\CodeIgniter->runController(Object(App\Controllers\Admin_c))
#8 C:\xampp745\htdocs\natraj\system\CodeIgniter.php(333): CodeIgniter\CodeIgniter->handleRequest(NULL, Object(Config\Cache), false)
#9 C:\xampp745\htdocs\natraj\index.php(62): CodeIgniter\CodeIgniter->run()
#10 {main}
CRITICAL - 2021-06-24 18:42:26 --> Class 'App\Models\Madmin\Market_m' not found
#0 C:\xampp745\htdocs\natraj\system\CodeIgniter.php(908): App\Controllers\Admin_c->__construct()
#1 C:\xampp745\htdocs\natraj\system\CodeIgniter.php(422): CodeIgniter\CodeIgniter->createController()
#2 C:\xampp745\htdocs\natraj\system\CodeIgniter.php(333): CodeIgniter\CodeIgniter->handleRequest(NULL, Object(Config\Cache), false)
#3 C:\xampp745\htdocs\natraj\index.php(62): CodeIgniter\CodeIgniter->run()
#4 {main}
CRITICAL - 2021-06-24 18:55:05 --> Call to undefined function App\Controllers\mysql_real_escape_string()
#0 C:\xampp745\htdocs\natraj\system\CodeIgniter.php(936): App\Controllers\Admin_c->add_market()
#1 C:\xampp745\htdocs\natraj\system\CodeIgniter.php(432): CodeIgniter\CodeIgniter->runController(Object(App\Controllers\Admin_c))
#2 C:\xampp745\htdocs\natraj\system\CodeIgniter.php(333): CodeIgniter\CodeIgniter->handleRequest(NULL, Object(Config\Cache), false)
#3 C:\xampp745\htdocs\natraj\index.php(62): CodeIgniter\CodeIgniter->run()
#4 {main}
