CRITICAL - 2021-07-19 01:00:36 --> unlink(C:\xampp745\htdocs\natraj\writable\debugbar/debugbar_1626626958.json): No such file or directory
#0 [internal function]: CodeIgniter\Debug\Exceptions->errorHandler(2, 'unlink(C:\\xampp...', 'C:\\xampp745\\htd...', 78, Array)
#1 C:\xampp745\htdocs\natraj\system\Debug\Toolbar\Collectors\History.php(78): unlink('C:\\xampp745\\htd...')
#2 C:\xampp745\htdocs\natraj\system\Debug\Toolbar.php(441): CodeIgniter\Debug\Toolbar\Collectors\History->setFiles(1626636632, 20)
#3 C:\xampp745\htdocs\natraj\system\Debug\Toolbar.php(413): CodeIgniter\Debug\Toolbar->format(Array, 'html')
#4 C:\xampp745\htdocs\natraj\app\Config\Events.php(52): CodeIgniter\Debug\Toolbar->respond()
#5 [internal function]: CodeIgniter\Events\Events::Config\{closure}()
#6 C:\xampp745\htdocs\natraj\system\Events\Events.php(166): call_user_func(Object(Closure))
#7 C:\xampp745\htdocs\natraj\system\CodeIgniter.php(314): CodeIgniter\Events\Events::trigger('pre_system')
#8 C:\xampp745\htdocs\natraj\index.php(65): CodeIgniter\CodeIgniter->run()
#9 {main}
CRITICAL - 2021-07-19 01:04:58 --> Undefined index: pana_entry_num
#0 C:\xampp745\htdocs\natraj\app\Controllers\Admin_c.php(306): CodeIgniter\Debug\Exceptions->errorHandler(8, 'Undefined index...', 'C:\\xampp745\\htd...', 306, Array)
#1 C:\xampp745\htdocs\natraj\system\CodeIgniter.php(936): App\Controllers\Admin_c->live()
#2 C:\xampp745\htdocs\natraj\system\CodeIgniter.php(432): CodeIgniter\CodeIgniter->runController(Object(App\Controllers\Admin_c))
#3 C:\xampp745\htdocs\natraj\system\CodeIgniter.php(333): CodeIgniter\CodeIgniter->handleRequest(NULL, Object(Config\Cache), false)
#4 C:\xampp745\htdocs\natraj\index.php(65): CodeIgniter\CodeIgniter->run()
#5 {main}
CRITICAL - 2021-07-19 02:03:28 --> Undefined variable: res
#0 C:\xampp745\htdocs\natraj\app\Controllers\Agent_c.php(854): CodeIgniter\Debug\Exceptions->errorHandler(8, 'Undefined varia...', 'C:\\xampp745\\htd...', 854, Array)
#1 C:\xampp745\htdocs\natraj\system\CodeIgniter.php(936): App\Controllers\Agent_c->add_jodinum()
#2 C:\xampp745\htdocs\natraj\system\CodeIgniter.php(432): CodeIgniter\CodeIgniter->runController(Object(App\Controllers\Agent_c))
#3 C:\xampp745\htdocs\natraj\system\CodeIgniter.php(333): CodeIgniter\CodeIgniter->handleRequest(NULL, Object(Config\Cache), false)
#4 C:\xampp745\htdocs\natraj\index.php(65): CodeIgniter\CodeIgniter->run()
#5 {main}
