CRITICAL - 2021-07-04 07:21:05 --> Trying to access array offset on value of type null
#0 C:\xampp745\htdocs\natraj\app\Controllers\Admin_c.php(364): CodeIgniter\Debug\Exceptions->errorHandler(8, 'Trying to acces...', 'C:\\xampp745\\htd...', 364, Array)
#1 C:\xampp745\htdocs\natraj\system\CodeIgniter.php(936): App\Controllers\Admin_c->vepar_total_ajax()
#2 C:\xampp745\htdocs\natraj\system\CodeIgniter.php(432): CodeIgniter\CodeIgniter->runController(Object(App\Controllers\Admin_c))
#3 C:\xampp745\htdocs\natraj\system\CodeIgniter.php(333): CodeIgniter\CodeIgniter->handleRequest(NULL, Object(Config\Cache), false)
#4 C:\xampp745\htdocs\natraj\index.php(62): CodeIgniter\CodeIgniter->run()
#5 {main}
CRITICAL - 2021-07-04 07:21:06 --> Trying to access array offset on value of type null
#0 C:\xampp745\htdocs\natraj\app\Controllers\Admin_c.php(364): CodeIgniter\Debug\Exceptions->errorHandler(8, 'Trying to acces...', 'C:\\xampp745\\htd...', 364, Array)
#1 C:\xampp745\htdocs\natraj\system\CodeIgniter.php(936): App\Controllers\Admin_c->vepar_total_ajax()
#2 C:\xampp745\htdocs\natraj\system\CodeIgniter.php(432): CodeIgniter\CodeIgniter->runController(Object(App\Controllers\Admin_c))
#3 C:\xampp745\htdocs\natraj\system\CodeIgniter.php(333): CodeIgniter\CodeIgniter->handleRequest(NULL, Object(Config\Cache), false)
#4 C:\xampp745\htdocs\natraj\index.php(62): CodeIgniter\CodeIgniter->run()
#5 {main}
CRITICAL - 2021-07-04 07:21:14 --> Trying to access array offset on value of type null
#0 C:\xampp745\htdocs\natraj\app\Controllers\Admin_c.php(364): CodeIgniter\Debug\Exceptions->errorHandler(8, 'Trying to acces...', 'C:\\xampp745\\htd...', 364, Array)
#1 C:\xampp745\htdocs\natraj\system\CodeIgniter.php(936): App\Controllers\Admin_c->vepar_total_ajax()
#2 C:\xampp745\htdocs\natraj\system\CodeIgniter.php(432): CodeIgniter\CodeIgniter->runController(Object(App\Controllers\Admin_c))
#3 C:\xampp745\htdocs\natraj\system\CodeIgniter.php(333): CodeIgniter\CodeIgniter->handleRequest(NULL, Object(Config\Cache), false)
#4 C:\xampp745\htdocs\natraj\index.php(62): CodeIgniter\CodeIgniter->run()
#5 {main}
CRITICAL - 2021-07-04 07:21:19 --> Trying to access array offset on value of type null
#0 C:\xampp745\htdocs\natraj\app\Controllers\Admin_c.php(364): CodeIgniter\Debug\Exceptions->errorHandler(8, 'Trying to acces...', 'C:\\xampp745\\htd...', 364, Array)
#1 C:\xampp745\htdocs\natraj\system\CodeIgniter.php(936): App\Controllers\Admin_c->vepar_total_ajax()
#2 C:\xampp745\htdocs\natraj\system\CodeIgniter.php(432): CodeIgniter\CodeIgniter->runController(Object(App\Controllers\Admin_c))
#3 C:\xampp745\htdocs\natraj\system\CodeIgniter.php(333): CodeIgniter\CodeIgniter->handleRequest(NULL, Object(Config\Cache), false)
#4 C:\xampp745\htdocs\natraj\index.php(62): CodeIgniter\CodeIgniter->run()
#5 {main}
CRITICAL - 2021-07-04 07:21:31 --> Trying to access array offset on value of type null
#0 C:\xampp745\htdocs\natraj\app\Controllers\Admin_c.php(364): CodeIgniter\Debug\Exceptions->errorHandler(8, 'Trying to acces...', 'C:\\xampp745\\htd...', 364, Array)
#1 C:\xampp745\htdocs\natraj\system\CodeIgniter.php(936): App\Controllers\Admin_c->vepar_total_ajax()
#2 C:\xampp745\htdocs\natraj\system\CodeIgniter.php(432): CodeIgniter\CodeIgniter->runController(Object(App\Controllers\Admin_c))
#3 C:\xampp745\htdocs\natraj\system\CodeIgniter.php(333): CodeIgniter\CodeIgniter->handleRequest(NULL, Object(Config\Cache), false)
#4 C:\xampp745\htdocs\natraj\index.php(62): CodeIgniter\CodeIgniter->run()
#5 {main}
CRITICAL - 2021-07-04 07:21:32 --> Trying to access array offset on value of type null
#0 C:\xampp745\htdocs\natraj\app\Controllers\Admin_c.php(364): CodeIgniter\Debug\Exceptions->errorHandler(8, 'Trying to acces...', 'C:\\xampp745\\htd...', 364, Array)
#1 C:\xampp745\htdocs\natraj\system\CodeIgniter.php(936): App\Controllers\Admin_c->vepar_total_ajax()
#2 C:\xampp745\htdocs\natraj\system\CodeIgniter.php(432): CodeIgniter\CodeIgniter->runController(Object(App\Controllers\Admin_c))
#3 C:\xampp745\htdocs\natraj\system\CodeIgniter.php(333): CodeIgniter\CodeIgniter->handleRequest(NULL, Object(Config\Cache), false)
#4 C:\xampp745\htdocs\natraj\index.php(62): CodeIgniter\CodeIgniter->run()
#5 {main}
CRITICAL - 2021-07-04 07:22:18 --> Trying to access array offset on value of type null
#0 C:\xampp745\htdocs\natraj\app\Controllers\Admin_c.php(364): CodeIgniter\Debug\Exceptions->errorHandler(8, 'Trying to acces...', 'C:\\xampp745\\htd...', 364, Array)
#1 C:\xampp745\htdocs\natraj\system\CodeIgniter.php(936): App\Controllers\Admin_c->vepar_total_ajax()
#2 C:\xampp745\htdocs\natraj\system\CodeIgniter.php(432): CodeIgniter\CodeIgniter->runController(Object(App\Controllers\Admin_c))
#3 C:\xampp745\htdocs\natraj\system\CodeIgniter.php(333): CodeIgniter\CodeIgniter->handleRequest(NULL, Object(Config\Cache), false)
#4 C:\xampp745\htdocs\natraj\index.php(62): CodeIgniter\CodeIgniter->run()
#5 {main}
CRITICAL - 2021-07-04 07:22:32 --> Trying to access array offset on value of type null
#0 C:\xampp745\htdocs\natraj\app\Controllers\Admin_c.php(364): CodeIgniter\Debug\Exceptions->errorHandler(8, 'Trying to acces...', 'C:\\xampp745\\htd...', 364, Array)
#1 C:\xampp745\htdocs\natraj\system\CodeIgniter.php(936): App\Controllers\Admin_c->vepar_total_ajax()
#2 C:\xampp745\htdocs\natraj\system\CodeIgniter.php(432): CodeIgniter\CodeIgniter->runController(Object(App\Controllers\Admin_c))
#3 C:\xampp745\htdocs\natraj\system\CodeIgniter.php(333): CodeIgniter\CodeIgniter->handleRequest(NULL, Object(Config\Cache), false)
#4 C:\xampp745\htdocs\natraj\index.php(62): CodeIgniter\CodeIgniter->run()
#5 {main}
CRITICAL - 2021-07-04 07:23:39 --> Trying to access array offset on value of type null
#0 C:\xampp745\htdocs\natraj\app\Controllers\Admin_c.php(364): CodeIgniter\Debug\Exceptions->errorHandler(8, 'Trying to acces...', 'C:\\xampp745\\htd...', 364, Array)
#1 C:\xampp745\htdocs\natraj\system\CodeIgniter.php(936): App\Controllers\Admin_c->vepar_total_ajax()
#2 C:\xampp745\htdocs\natraj\system\CodeIgniter.php(432): CodeIgniter\CodeIgniter->runController(Object(App\Controllers\Admin_c))
#3 C:\xampp745\htdocs\natraj\system\CodeIgniter.php(333): CodeIgniter\CodeIgniter->handleRequest(NULL, Object(Config\Cache), false)
#4 C:\xampp745\htdocs\natraj\index.php(62): CodeIgniter\CodeIgniter->run()
#5 {main}
CRITICAL - 2021-07-04 08:45:30 --> Maximum execution time of 120 seconds exceeded
#0 [internal function]: CodeIgniter\Debug\Exceptions->shutdownHandler()
#1 {main}
CRITICAL - 2021-07-04 08:45:32 --> Maximum execution time of 120 seconds exceeded
#0 [internal function]: CodeIgniter\Debug\Exceptions->shutdownHandler()
#1 {main}
CRITICAL - 2021-07-04 08:45:35 --> Maximum execution time of 120 seconds exceeded
#0 [internal function]: CodeIgniter\Debug\Exceptions->shutdownHandler()
#1 {main}
CRITICAL - 2021-07-04 08:46:28 --> Maximum execution time of 120 seconds exceeded
#0 [internal function]: CodeIgniter\Debug\Exceptions->shutdownHandler()
#1 {main}
CRITICAL - 2021-07-04 08:55:48 --> Allowed memory size of 536870912 bytes exhausted (tried to allocate 162527912 bytes)
#0 [internal function]: CodeIgniter\Debug\Exceptions->shutdownHandler()
#1 {main}
CRITICAL - 2021-07-04 09:12:57 --> Maximum execution time of 120 seconds exceeded
#0 [internal function]: CodeIgniter\Debug\Exceptions->shutdownHandler()
#1 {main}
CRITICAL - 2021-07-04 09:42:01 --> syntax error, unexpected end of file
#0 C:\xampp745\htdocs\natraj\system\View\View.php(222): CodeIgniter\View\View->CodeIgniter\View\{closure}()
#1 C:\xampp745\htdocs\natraj\system\Common.php(1217): CodeIgniter\View\View->render('admin/live', Array, true)
#2 C:\xampp745\htdocs\natraj\system\Common.php(1250): view('admin/live', Array)
#3 C:\xampp745\htdocs\natraj\app\Controllers\Admin_c.php(394): master_admin_view('admin/live', Array)
#4 C:\xampp745\htdocs\natraj\system\CodeIgniter.php(936): App\Controllers\Admin_c->live()
#5 C:\xampp745\htdocs\natraj\system\CodeIgniter.php(432): CodeIgniter\CodeIgniter->runController(Object(App\Controllers\Admin_c))
#6 C:\xampp745\htdocs\natraj\system\CodeIgniter.php(333): CodeIgniter\CodeIgniter->handleRequest(NULL, Object(Config\Cache), false)
#7 C:\xampp745\htdocs\natraj\index.php(65): CodeIgniter\CodeIgniter->run()
#8 {main}
CRITICAL - 2021-07-04 11:24:59 --> unlink(C:\xampp745\htdocs\natraj\writable\debugbar/debugbar_1625373888.json): No such file or directory
#0 [internal function]: CodeIgniter\Debug\Exceptions->errorHandler(2, 'unlink(C:\\xampp...', 'C:\\xampp745\\htd...', 78, Array)
#1 C:\xampp745\htdocs\natraj\system\Debug\Toolbar\Collectors\History.php(78): unlink('C:\\xampp745\\htd...')
#2 C:\xampp745\htdocs\natraj\system\Debug\Toolbar.php(441): CodeIgniter\Debug\Toolbar\Collectors\History->setFiles(1625378090, 20)
#3 C:\xampp745\htdocs\natraj\system\Debug\Toolbar.php(413): CodeIgniter\Debug\Toolbar->format(Array, 'html')
#4 C:\xampp745\htdocs\natraj\app\Config\Events.php(52): CodeIgniter\Debug\Toolbar->respond()
#5 [internal function]: CodeIgniter\Events\Events::Config\{closure}()
#6 C:\xampp745\htdocs\natraj\system\Events\Events.php(166): call_user_func(Object(Closure))
#7 C:\xampp745\htdocs\natraj\system\CodeIgniter.php(314): CodeIgniter\Events\Events::trigger('pre_system')
#8 C:\xampp745\htdocs\natraj\index.php(65): CodeIgniter\CodeIgniter->run()
#9 {main}
