ERROR - 2021-06-02 11:04:03 --> mysqli_sql_exception: Unknown column 'tckt.refTicket_type_id' in 'on clause' in C:\xampp745\htdocs\powernum\system\Database\MySQLi\Connection.php:314
Stack trace:
#0 C:\xampp745\htdocs\powernum\system\Database\MySQLi\Connection.php(314): mysqli->query('SELECT tck.* FR...')
#1 C:\xampp745\htdocs\powernum\system\Database\BaseConnection.php(713): CodeIgniter\Database\MySQLi\Connection->execute('SELECT tck.* FR...')
#2 C:\xampp745\htdocs\powernum\system\Database\BaseConnection.php(641): CodeIgniter\Database\BaseConnection->simpleQuery('SELECT tck.* FR...')
#3 C:\xampp745\htdocs\powernum\app\Models\Madmin\Ticket_m.php(53): CodeIgniter\Database\BaseConnection->query('SELECT tck.* FR...')
#4 C:\xampp745\htdocs\powernum\app\Controllers\Masteradmin_c.php(28): App\Models\Madmin\Ticket_m->get_total_win('3')
#5 C:\xampp745\htdocs\powernum\system\CodeIgniter.php(936): App\Controllers\Masteradmin_c->dashboard()
#6 C:\xampp745\htdocs\powernum\system\CodeIgniter.php(432): CodeIgniter\CodeIgniter->runController(Object(App\Controllers\Masteradmin_c))
#7 C:\xampp745\htdocs\powernum\system\CodeIgniter.php(333): CodeIgniter\CodeIgniter->handleRequest(NULL, Object(Config\Cache), false)
#8 C:\xampp745\htdocs\powernum\index.php(62): CodeIgniter\CodeIgniter->run()
#9 {main}
CRITICAL - 2021-06-02 11:04:03 --> Unknown column 'tckt.refTicket_type_id' in 'on clause'
#0 C:\xampp745\htdocs\powernum\system\Database\MySQLi\Connection.php(314): mysqli->query('SELECT tck.* FR...')
#1 C:\xampp745\htdocs\powernum\system\Database\BaseConnection.php(713): CodeIgniter\Database\MySQLi\Connection->execute('SELECT tck.* FR...')
#2 C:\xampp745\htdocs\powernum\system\Database\BaseConnection.php(641): CodeIgniter\Database\BaseConnection->simpleQuery('SELECT tck.* FR...')
#3 C:\xampp745\htdocs\powernum\app\Models\Madmin\Ticket_m.php(53): CodeIgniter\Database\BaseConnection->query('SELECT tck.* FR...')
#4 C:\xampp745\htdocs\powernum\app\Controllers\Masteradmin_c.php(28): App\Models\Madmin\Ticket_m->get_total_win('3')
#5 C:\xampp745\htdocs\powernum\system\CodeIgniter.php(936): App\Controllers\Masteradmin_c->dashboard()
#6 C:\xampp745\htdocs\powernum\system\CodeIgniter.php(432): CodeIgniter\CodeIgniter->runController(Object(App\Controllers\Masteradmin_c))
#7 C:\xampp745\htdocs\powernum\system\CodeIgniter.php(333): CodeIgniter\CodeIgniter->handleRequest(NULL, Object(Config\Cache), false)
#8 C:\xampp745\htdocs\powernum\index.php(62): CodeIgniter\CodeIgniter->run()
#9 {main}
ERROR - 2021-06-02 11:06:00 --> mysqli_sql_exception: You have an error in your SQL syntax; check the manual that corresponds to your MariaDB server version for the right syntax to use near 'FROM ticket tck
                                    LEFT JOIN ticket_type tckt' at line 1 in C:\xampp745\htdocs\powernum\system\Database\MySQLi\Connection.php:314
Stack trace:
#0 C:\xampp745\htdocs\powernum\system\Database\MySQLi\Connection.php(314): mysqli->query('SELECT tck.*,pn...')
#1 C:\xampp745\htdocs\powernum\system\Database\BaseConnection.php(713): CodeIgniter\Database\MySQLi\Connection->execute('SELECT tck.*,pn...')
#2 C:\xampp745\htdocs\powernum\system\Database\BaseConnection.php(641): CodeIgniter\Database\BaseConnection->simpleQuery('SELECT tck.*,pn...')
#3 C:\xampp745\htdocs\powernum\app\Models\Madmin\Ticket_m.php(53): CodeIgniter\Database\BaseConnection->query('SELECT tck.*,pn...')
#4 C:\xampp745\htdocs\powernum\app\Controllers\Masteradmin_c.php(28): App\Models\Madmin\Ticket_m->get_total_win('3')
#5 C:\xampp745\htdocs\powernum\system\CodeIgniter.php(936): App\Controllers\Masteradmin_c->dashboard()
#6 C:\xampp745\htdocs\powernum\system\CodeIgniter.php(432): CodeIgniter\CodeIgniter->runController(Object(App\Controllers\Masteradmin_c))
#7 C:\xampp745\htdocs\powernum\system\CodeIgniter.php(333): CodeIgniter\CodeIgniter->handleRequest(NULL, Object(Config\Cache), false)
#8 C:\xampp745\htdocs\powernum\index.php(62): CodeIgniter\CodeIgniter->run()
#9 {main}
CRITICAL - 2021-06-02 11:06:00 --> You have an error in your SQL syntax; check the manual that corresponds to your MariaDB server version for the right syntax to use near 'FROM ticket tck
                                    LEFT JOIN ticket_type tckt' at line 1
#0 C:\xampp745\htdocs\powernum\system\Database\MySQLi\Connection.php(314): mysqli->query('SELECT tck.*,pn...')
#1 C:\xampp745\htdocs\powernum\system\Database\BaseConnection.php(713): CodeIgniter\Database\MySQLi\Connection->execute('SELECT tck.*,pn...')
#2 C:\xampp745\htdocs\powernum\system\Database\BaseConnection.php(641): CodeIgniter\Database\BaseConnection->simpleQuery('SELECT tck.*,pn...')
#3 C:\xampp745\htdocs\powernum\app\Models\Madmin\Ticket_m.php(53): CodeIgniter\Database\BaseConnection->query('SELECT tck.*,pn...')
#4 C:\xampp745\htdocs\powernum\app\Controllers\Masteradmin_c.php(28): App\Models\Madmin\Ticket_m->get_total_win('3')
#5 C:\xampp745\htdocs\powernum\system\CodeIgniter.php(936): App\Controllers\Masteradmin_c->dashboard()
#6 C:\xampp745\htdocs\powernum\system\CodeIgniter.php(432): CodeIgniter\CodeIgniter->runController(Object(App\Controllers\Masteradmin_c))
#7 C:\xampp745\htdocs\powernum\system\CodeIgniter.php(333): CodeIgniter\CodeIgniter->handleRequest(NULL, Object(Config\Cache), false)
#8 C:\xampp745\htdocs\powernum\index.php(62): CodeIgniter\CodeIgniter->run()
#9 {main}
ERROR - 2021-06-02 11:09:46 --> mysqli_sql_exception: Unknown column 'tck.price' in 'field list' in C:\xampp745\htdocs\powernum\system\Database\MySQLi\Connection.php:314
Stack trace:
#0 C:\xampp745\htdocs\powernum\system\Database\MySQLi\Connection.php(314): mysqli->query('SELECT tck.*,tc...')
#1 C:\xampp745\htdocs\powernum\system\Database\BaseConnection.php(713): CodeIgniter\Database\MySQLi\Connection->execute('SELECT tck.*,tc...')
#2 C:\xampp745\htdocs\powernum\system\Database\BaseConnection.php(641): CodeIgniter\Database\BaseConnection->simpleQuery('SELECT tck.*,tc...')
#3 C:\xampp745\htdocs\powernum\app\Models\Madmin\Ticket_m.php(53): CodeIgniter\Database\BaseConnection->query('SELECT tck.*,tc...')
#4 C:\xampp745\htdocs\powernum\app\Controllers\Masteradmin_c.php(28): App\Models\Madmin\Ticket_m->get_total_win('3')
#5 C:\xampp745\htdocs\powernum\system\CodeIgniter.php(936): App\Controllers\Masteradmin_c->dashboard()
#6 C:\xampp745\htdocs\powernum\system\CodeIgniter.php(432): CodeIgniter\CodeIgniter->runController(Object(App\Controllers\Masteradmin_c))
#7 C:\xampp745\htdocs\powernum\system\CodeIgniter.php(333): CodeIgniter\CodeIgniter->handleRequest(NULL, Object(Config\Cache), false)
#8 C:\xampp745\htdocs\powernum\index.php(62): CodeIgniter\CodeIgniter->run()
#9 {main}
CRITICAL - 2021-06-02 11:09:46 --> Unknown column 'tck.price' in 'field list'
#0 C:\xampp745\htdocs\powernum\system\Database\MySQLi\Connection.php(314): mysqli->query('SELECT tck.*,tc...')
#1 C:\xampp745\htdocs\powernum\system\Database\BaseConnection.php(713): CodeIgniter\Database\MySQLi\Connection->execute('SELECT tck.*,tc...')
#2 C:\xampp745\htdocs\powernum\system\Database\BaseConnection.php(641): CodeIgniter\Database\BaseConnection->simpleQuery('SELECT tck.*,tc...')
#3 C:\xampp745\htdocs\powernum\app\Models\Madmin\Ticket_m.php(53): CodeIgniter\Database\BaseConnection->query('SELECT tck.*,tc...')
#4 C:\xampp745\htdocs\powernum\app\Controllers\Masteradmin_c.php(28): App\Models\Madmin\Ticket_m->get_total_win('3')
#5 C:\xampp745\htdocs\powernum\system\CodeIgniter.php(936): App\Controllers\Masteradmin_c->dashboard()
#6 C:\xampp745\htdocs\powernum\system\CodeIgniter.php(432): CodeIgniter\CodeIgniter->runController(Object(App\Controllers\Masteradmin_c))
#7 C:\xampp745\htdocs\powernum\system\CodeIgniter.php(333): CodeIgniter\CodeIgniter->handleRequest(NULL, Object(Config\Cache), false)
#8 C:\xampp745\htdocs\powernum\index.php(62): CodeIgniter\CodeIgniter->run()
#9 {main}
CRITICAL - 2021-06-02 11:32:38 --> implode(): Invalid arguments passed
#0 [internal function]: CodeIgniter\Debug\Exceptions->errorHandler(2, 'implode(): Inva...', 'C:\\xampp745\\htd...', 14, Array)
#1 C:\xampp745\htdocs\powernum\app\Helpers\functions_helper.php(14): implode('-', '1-35-36-40-80')
#2 C:\xampp745\htdocs\powernum\app\Controllers\Masteradmin_c.php(34): calculate_user_wallet('1-35-36-40-80', '26-35-55-70-80', '39', '36', '10')
#3 C:\xampp745\htdocs\powernum\system\CodeIgniter.php(936): App\Controllers\Masteradmin_c->dashboard()
#4 C:\xampp745\htdocs\powernum\system\CodeIgniter.php(432): CodeIgniter\CodeIgniter->runController(Object(App\Controllers\Masteradmin_c))
#5 C:\xampp745\htdocs\powernum\system\CodeIgniter.php(333): CodeIgniter\CodeIgniter->handleRequest(NULL, Object(Config\Cache), false)
#6 C:\xampp745\htdocs\powernum\index.php(62): CodeIgniter\CodeIgniter->run()
#7 {main}
