ERROR - 2022-03-30 17:44:24 --> mysqli_sql_exception: Table 'saputara.saputara_home_slider' doesn't exist in C:\xampp\htdocs\saputaratourism\system\Database\MySQLi\Connection.php:314
Stack trace:
#0 C:\xampp\htdocs\saputaratourism\system\Database\MySQLi\Connection.php(314): mysqli->query('SELECT *\r\n     ...')
#1 C:\xampp\htdocs\saputaratourism\system\Database\BaseConnection.php(713): CodeIgniter\Database\MySQLi\Connection->execute('SELECT *\r\n     ...')
#2 C:\xampp\htdocs\saputaratourism\system\Database\BaseConnection.php(641): CodeIgniter\Database\BaseConnection->simpleQuery('SELECT *\r\n     ...')
#3 C:\xampp\htdocs\saputaratourism\app\Models\Home_model.php(47): CodeIgniter\Database\BaseConnection->query('SELECT *\r\n     ...')
#4 C:\xampp\htdocs\saputaratourism\app\Controllers\Home_c.php(17): App\Models\Home_model->get_home_slider()
#5 C:\xampp\htdocs\saputaratourism\system\CodeIgniter.php(936): App\Controllers\Home_c->index()
#6 C:\xampp\htdocs\saputaratourism\system\CodeIgniter.php(432): CodeIgniter\CodeIgniter->runController(Object(App\Controllers\Home_c))
#7 C:\xampp\htdocs\saputaratourism\system\CodeIgniter.php(333): CodeIgniter\CodeIgniter->handleRequest(NULL, Object(Config\Cache), false)
#8 C:\xampp\htdocs\saputaratourism\index.php(65): CodeIgniter\CodeIgniter->run()
#9 {main}
ERROR - 2022-03-30 17:44:24 --> mysqli_sql_exception: Table 'saputara.saputara_about' doesn't exist in C:\xampp\htdocs\saputaratourism\system\Database\MySQLi\Connection.php:314
Stack trace:
#0 C:\xampp\htdocs\saputaratourism\system\Database\MySQLi\Connection.php(314): mysqli->query('SELECT *\r\n     ...')
#1 C:\xampp\htdocs\saputaratourism\system\Database\BaseConnection.php(713): CodeIgniter\Database\MySQLi\Connection->execute('SELECT *\r\n     ...')
#2 C:\xampp\htdocs\saputaratourism\system\Database\BaseConnection.php(641): CodeIgniter\Database\BaseConnection->simpleQuery('SELECT *\r\n     ...')
#3 C:\xampp\htdocs\saputaratourism\app\Models\Home_model.php(55): CodeIgniter\Database\BaseConnection->query('SELECT *\r\n     ...')
#4 C:\xampp\htdocs\saputaratourism\app\Controllers\Home_c.php(19): App\Models\Home_model->get_saputara_about()
#5 C:\xampp\htdocs\saputaratourism\system\CodeIgniter.php(936): App\Controllers\Home_c->index()
#6 C:\xampp\htdocs\saputaratourism\system\CodeIgniter.php(432): CodeIgniter\CodeIgniter->runController(Object(App\Controllers\Home_c))
#7 C:\xampp\htdocs\saputaratourism\system\CodeIgniter.php(333): CodeIgniter\CodeIgniter->handleRequest(NULL, Object(Config\Cache), false)
#8 C:\xampp\htdocs\saputaratourism\index.php(65): CodeIgniter\CodeIgniter->run()
#9 {main}
CRITICAL - 2022-03-30 17:47:26 --> Use of undefined constant EMPLOYEE_ASSETS_FOLDER - assumed 'EMPLOYEE_ASSETS_FOLDER' (this will throw an Error in a future version of PHP)
#0 C:\xampp\htdocs\saputaratourism\app\Views\admin\login.php(9): CodeIgniter\Debug\Exceptions->errorHandler(2, 'Use of undefine...', 'C:\\xampp\\htdocs...', 9, Array)
#1 C:\xampp\htdocs\saputaratourism\system\View\View.php(220): include('C:\\xampp\\htdocs...')
#2 C:\xampp\htdocs\saputaratourism\system\View\View.php(222): CodeIgniter\View\View->CodeIgniter\View\{closure}()
#3 C:\xampp\htdocs\saputaratourism\system\Common.php(1217): CodeIgniter\View\View->render('admin/login', Array, true)
#4 C:\xampp\htdocs\saputaratourism\system\Common.php(1267): view('admin/login', Array)
#5 C:\xampp\htdocs\saputaratourism\app\Controllers\Admin_login_c.php(37): single_page('admin/login', Array)
#6 C:\xampp\htdocs\saputaratourism\system\CodeIgniter.php(936): App\Controllers\Admin_login_c->index()
#7 C:\xampp\htdocs\saputaratourism\system\CodeIgniter.php(432): CodeIgniter\CodeIgniter->runController(Object(App\Controllers\Admin_login_c))
#8 C:\xampp\htdocs\saputaratourism\system\CodeIgniter.php(333): CodeIgniter\CodeIgniter->handleRequest(NULL, Object(Config\Cache), false)
#9 C:\xampp\htdocs\saputaratourism\index.php(65): CodeIgniter\CodeIgniter->run()
#10 {main}
CRITICAL - 2022-03-30 18:06:44 --> include(C:\xampp\htdocs\saputaratourism\app\ThirdParty/imgresize/lib/ImageResize.php): failed to open stream: No such file or directory
#0 C:\xampp\htdocs\saputaratourism\app\Helpers\functions_helper.php(2): CodeIgniter\Debug\Exceptions->errorHandler(2, 'include(C:\\xamp...', 'C:\\xampp\\htdocs...', 2, Array)
#1 C:\xampp\htdocs\saputaratourism\app\Helpers\functions_helper.php(2): include()
#2 C:\xampp\htdocs\saputaratourism\system\Common.php(698): include_once('C:\\xampp\\htdocs...')
#3 C:\xampp\htdocs\saputaratourism\app\Controllers\Admin_login_c.php(14): helper(Array)
#4 C:\xampp\htdocs\saputaratourism\system\CodeIgniter.php(908): App\Controllers\Admin_login_c->__construct()
#5 C:\xampp\htdocs\saputaratourism\system\CodeIgniter.php(422): CodeIgniter\CodeIgniter->createController()
#6 C:\xampp\htdocs\saputaratourism\system\CodeIgniter.php(333): CodeIgniter\CodeIgniter->handleRequest(NULL, Object(Config\Cache), false)
#7 C:\xampp\htdocs\saputaratourism\index.php(65): CodeIgniter\CodeIgniter->run()
#8 {main}
CRITICAL - 2022-03-30 18:06:49 --> include(C:\xampp\htdocs\saputaratourism\app\ThirdParty/imgresize/lib/ImageResize.php): failed to open stream: No such file or directory
#0 C:\xampp\htdocs\saputaratourism\app\Helpers\functions_helper.php(2): CodeIgniter\Debug\Exceptions->errorHandler(2, 'include(C:\\xamp...', 'C:\\xampp\\htdocs...', 2, Array)
#1 C:\xampp\htdocs\saputaratourism\app\Helpers\functions_helper.php(2): include()
#2 C:\xampp\htdocs\saputaratourism\system\Common.php(698): include_once('C:\\xampp\\htdocs...')
#3 C:\xampp\htdocs\saputaratourism\app\Controllers\Admin_login_c.php(14): helper(Array)
#4 C:\xampp\htdocs\saputaratourism\system\CodeIgniter.php(908): App\Controllers\Admin_login_c->__construct()
#5 C:\xampp\htdocs\saputaratourism\system\CodeIgniter.php(422): CodeIgniter\CodeIgniter->createController()
#6 C:\xampp\htdocs\saputaratourism\system\CodeIgniter.php(333): CodeIgniter\CodeIgniter->handleRequest(NULL, Object(Config\Cache), false)
#7 C:\xampp\htdocs\saputaratourism\index.php(65): CodeIgniter\CodeIgniter->run()
#8 {main}
CRITICAL - 2022-03-30 18:10:48 --> Use of undefined constant ADMIN_VIEW_PROJECT_LINK - assumed 'ADMIN_VIEW_PROJECT_LINK' (this will throw an Error in a future version of PHP)
#0 C:\xampp\htdocs\saputaratourism\app\Views\admin\common\sidebar.php(43): CodeIgniter\Debug\Exceptions->errorHandler(2, 'Use of undefine...', 'C:\\xampp\\htdocs...', 43, Array)
#1 C:\xampp\htdocs\saputaratourism\system\View\View.php(220): include('C:\\xampp\\htdocs...')
#2 C:\xampp\htdocs\saputaratourism\system\View\View.php(222): CodeIgniter\View\View->CodeIgniter\View\{closure}()
#3 C:\xampp\htdocs\saputaratourism\system\Common.php(1217): CodeIgniter\View\View->render('admin/common/si...', Array, true)
#4 C:\xampp\htdocs\saputaratourism\system\Common.php(1259): view('admin/common/si...', Array)
#5 C:\xampp\htdocs\saputaratourism\app\Controllers\Admin_c.php(37): admin_view('admin/dashboard', Array)
#6 C:\xampp\htdocs\saputaratourism\system\CodeIgniter.php(936): App\Controllers\Admin_c->admin_dashboard()
#7 C:\xampp\htdocs\saputaratourism\system\CodeIgniter.php(432): CodeIgniter\CodeIgniter->runController(Object(App\Controllers\Admin_c))
#8 C:\xampp\htdocs\saputaratourism\system\CodeIgniter.php(333): CodeIgniter\CodeIgniter->handleRequest(NULL, Object(Config\Cache), false)
#9 C:\xampp\htdocs\saputaratourism\index.php(65): CodeIgniter\CodeIgniter->run()
#10 {main}
CRITICAL - 2022-03-30 18:14:17 --> Use of undefined constant ADMIN_VIEW_PROJECT_LINK - assumed 'ADMIN_VIEW_PROJECT_LINK' (this will throw an Error in a future version of PHP)
#0 C:\xampp\htdocs\saputaratourism\app\Views\admin\common\sidebar.php(43): CodeIgniter\Debug\Exceptions->errorHandler(2, 'Use of undefine...', 'C:\\xampp\\htdocs...', 43, Array)
#1 C:\xampp\htdocs\saputaratourism\system\View\View.php(220): include('C:\\xampp\\htdocs...')
#2 C:\xampp\htdocs\saputaratourism\system\View\View.php(222): CodeIgniter\View\View->CodeIgniter\View\{closure}()
#3 C:\xampp\htdocs\saputaratourism\system\Common.php(1217): CodeIgniter\View\View->render('admin/common/si...', Array, true)
#4 C:\xampp\htdocs\saputaratourism\system\Common.php(1259): view('admin/common/si...', Array)
#5 C:\xampp\htdocs\saputaratourism\app\Controllers\Admin_c.php(37): admin_view('admin/dashboard', Array)
#6 C:\xampp\htdocs\saputaratourism\system\CodeIgniter.php(936): App\Controllers\Admin_c->admin_dashboard()
#7 C:\xampp\htdocs\saputaratourism\system\CodeIgniter.php(432): CodeIgniter\CodeIgniter->runController(Object(App\Controllers\Admin_c))
#8 C:\xampp\htdocs\saputaratourism\system\CodeIgniter.php(333): CodeIgniter\CodeIgniter->handleRequest(NULL, Object(Config\Cache), false)
#9 C:\xampp\htdocs\saputaratourism\index.php(65): CodeIgniter\CodeIgniter->run()
#10 {main}
CRITICAL - 2022-03-30 18:14:41 --> Use of undefined constant ADMIN_VIEW_PROJECT_LINK - assumed 'ADMIN_VIEW_PROJECT_LINK' (this will throw an Error in a future version of PHP)
#0 C:\xampp\htdocs\saputaratourism\app\Views\admin\common\sidebar.php(43): CodeIgniter\Debug\Exceptions->errorHandler(2, 'Use of undefine...', 'C:\\xampp\\htdocs...', 43, Array)
#1 C:\xampp\htdocs\saputaratourism\system\View\View.php(220): include('C:\\xampp\\htdocs...')
#2 C:\xampp\htdocs\saputaratourism\system\View\View.php(222): CodeIgniter\View\View->CodeIgniter\View\{closure}()
#3 C:\xampp\htdocs\saputaratourism\system\Common.php(1217): CodeIgniter\View\View->render('admin/common/si...', Array, true)
#4 C:\xampp\htdocs\saputaratourism\system\Common.php(1259): view('admin/common/si...', Array)
#5 C:\xampp\htdocs\saputaratourism\app\Controllers\Admin_c.php(37): admin_view('admin/dashboard', Array)
#6 C:\xampp\htdocs\saputaratourism\system\CodeIgniter.php(936): App\Controllers\Admin_c->admin_dashboard()
#7 C:\xampp\htdocs\saputaratourism\system\CodeIgniter.php(432): CodeIgniter\CodeIgniter->runController(Object(App\Controllers\Admin_c))
#8 C:\xampp\htdocs\saputaratourism\system\CodeIgniter.php(333): CodeIgniter\CodeIgniter->handleRequest(NULL, Object(Config\Cache), false)
#9 C:\xampp\htdocs\saputaratourism\index.php(65): CodeIgniter\CodeIgniter->run()
#10 {main}
