CRITICAL - 2021-06-29 10:33:17 --> include(C:\xampp745\htdocs\natraj\app\Views/admin/user_list_js.php): failed to open stream: No such file or directory
#0 C:\xampp745\htdocs\natraj\app\Views\admin\login.php(87): CodeIgniter\Debug\Exceptions->errorHandler(2, 'include(C:\\xamp...', 'C:\\xampp745\\htd...', 87, Array)
#1 C:\xampp745\htdocs\natraj\app\Views\admin\login.php(87): include()
#2 C:\xampp745\htdocs\natraj\system\View\View.php(220): include('C:\\xampp745\\htd...')
#3 C:\xampp745\htdocs\natraj\system\View\View.php(222): CodeIgniter\View\View->CodeIgniter\View\{closure}()
#4 C:\xampp745\htdocs\natraj\system\Common.php(1217): CodeIgniter\View\View->render('admin/login', Array, true)
#5 C:\xampp745\htdocs\natraj\system\Common.php(1258): view('admin/login', Array)
#6 C:\xampp745\htdocs\natraj\app\Controllers\Login_c.php(27): single_page('admin/login', Array)
#7 C:\xampp745\htdocs\natraj\system\CodeIgniter.php(936): App\Controllers\Login_c->index()
#8 C:\xampp745\htdocs\natraj\system\CodeIgniter.php(432): CodeIgniter\CodeIgniter->runController(Object(App\Controllers\Login_c))
#9 C:\xampp745\htdocs\natraj\system\CodeIgniter.php(333): CodeIgniter\CodeIgniter->handleRequest(NULL, Object(Config\Cache), false)
#10 C:\xampp745\htdocs\natraj\index.php(62): CodeIgniter\CodeIgniter->run()
#11 {main}
CRITICAL - 2021-06-29 10:34:00 --> Use of undefined constant ADMIN_USER_LIST_LINK - assumed 'ADMIN_USER_LIST_LINK' (this will throw an Error in a future version of PHP)
#0 C:\xampp745\htdocs\natraj\app\Controllers\Login_c.php(23): CodeIgniter\Debug\Exceptions->errorHandler(2, 'Use of undefine...', 'C:\\xampp745\\htd...', 23, Array)
#1 C:\xampp745\htdocs\natraj\system\CodeIgniter.php(936): App\Controllers\Login_c->index()
#2 C:\xampp745\htdocs\natraj\system\CodeIgniter.php(432): CodeIgniter\CodeIgniter->runController(Object(App\Controllers\Login_c))
#3 C:\xampp745\htdocs\natraj\system\CodeIgniter.php(333): CodeIgniter\CodeIgniter->handleRequest(NULL, Object(Config\Cache), false)
#4 C:\xampp745\htdocs\natraj\index.php(62): CodeIgniter\CodeIgniter->run()
#5 {main}
ERROR - 2021-06-29 10:46:29 --> mysqli_sql_exception: Unknown column 'user_locked_status' in 'where clause' in C:\xampp745\htdocs\natraj\system\Database\MySQLi\Connection.php:314
Stack trace:
#0 C:\xampp745\htdocs\natraj\system\Database\MySQLi\Connection.php(314): mysqli->query('SELECT * FROM `...')
#1 C:\xampp745\htdocs\natraj\system\Database\BaseConnection.php(713): CodeIgniter\Database\MySQLi\Connection->execute('SELECT * FROM `...')
#2 C:\xampp745\htdocs\natraj\system\Database\BaseConnection.php(641): CodeIgniter\Database\BaseConnection->simpleQuery('SELECT * FROM `...')
#3 C:\xampp745\htdocs\natraj\app\Models\Madmin\Login_m.php(17): CodeIgniter\Database\BaseConnection->query('SELECT * FROM `...')
#4 C:\xampp745\htdocs\natraj\app\Controllers\Login_c.php(21): App\Models\Madmin\Login_m->login('9099384773', '202cb962ac59075...')
#5 C:\xampp745\htdocs\natraj\system\CodeIgniter.php(936): App\Controllers\Login_c->index()
#6 C:\xampp745\htdocs\natraj\system\CodeIgniter.php(432): CodeIgniter\CodeIgniter->runController(Object(App\Controllers\Login_c))
#7 C:\xampp745\htdocs\natraj\system\CodeIgniter.php(333): CodeIgniter\CodeIgniter->handleRequest(NULL, Object(Config\Cache), false)
#8 C:\xampp745\htdocs\natraj\index.php(62): CodeIgniter\CodeIgniter->run()
#9 {main}
CRITICAL - 2021-06-29 10:46:29 --> Unknown column 'user_locked_status' in 'where clause'
#0 C:\xampp745\htdocs\natraj\system\Database\MySQLi\Connection.php(314): mysqli->query('SELECT * FROM `...')
#1 C:\xampp745\htdocs\natraj\system\Database\BaseConnection.php(713): CodeIgniter\Database\MySQLi\Connection->execute('SELECT * FROM `...')
#2 C:\xampp745\htdocs\natraj\system\Database\BaseConnection.php(641): CodeIgniter\Database\BaseConnection->simpleQuery('SELECT * FROM `...')
#3 C:\xampp745\htdocs\natraj\app\Models\Madmin\Login_m.php(17): CodeIgniter\Database\BaseConnection->query('SELECT * FROM `...')
#4 C:\xampp745\htdocs\natraj\app\Controllers\Login_c.php(21): App\Models\Madmin\Login_m->login('9099384773', '202cb962ac59075...')
#5 C:\xampp745\htdocs\natraj\system\CodeIgniter.php(936): App\Controllers\Login_c->index()
#6 C:\xampp745\htdocs\natraj\system\CodeIgniter.php(432): CodeIgniter\CodeIgniter->runController(Object(App\Controllers\Login_c))
#7 C:\xampp745\htdocs\natraj\system\CodeIgniter.php(333): CodeIgniter\CodeIgniter->handleRequest(NULL, Object(Config\Cache), false)
#8 C:\xampp745\htdocs\natraj\index.php(62): CodeIgniter\CodeIgniter->run()
#9 {main}
CRITICAL - 2021-06-29 11:19:23 --> Undefined index: admin
#0 C:\xampp745\htdocs\natraj\app\Views\admin\common\sidebar.php(26): CodeIgniter\Debug\Exceptions->errorHandler(8, 'Undefined index...', 'C:\\xampp745\\htd...', 26, Array)
#1 C:\xampp745\htdocs\natraj\system\View\View.php(220): include('C:\\xampp745\\htd...')
#2 C:\xampp745\htdocs\natraj\system\View\View.php(222): CodeIgniter\View\View->CodeIgniter\View\{closure}()
#3 C:\xampp745\htdocs\natraj\system\Common.php(1217): CodeIgniter\View\View->render('admin/common/si...', Array, true)
#4 C:\xampp745\htdocs\natraj\system\Common.php(1248): view('admin/common/si...', Array)
#5 C:\xampp745\htdocs\natraj\app\Controllers\Dashboard_c.php(21): master_admin_view('admin/dashboard', Array)
#6 C:\xampp745\htdocs\natraj\system\CodeIgniter.php(936): App\Controllers\Dashboard_c->index()
#7 C:\xampp745\htdocs\natraj\system\CodeIgniter.php(432): CodeIgniter\CodeIgniter->runController(Object(App\Controllers\Dashboard_c))
#8 C:\xampp745\htdocs\natraj\system\CodeIgniter.php(333): CodeIgniter\CodeIgniter->handleRequest(NULL, Object(Config\Cache), false)
#9 C:\xampp745\htdocs\natraj\index.php(62): CodeIgniter\CodeIgniter->run()
#10 {main}
CRITICAL - 2021-06-29 11:19:40 --> Undefined index: admin
#0 C:\xampp745\htdocs\natraj\app\Views\admin\common\sidebar.php(26): CodeIgniter\Debug\Exceptions->errorHandler(8, 'Undefined index...', 'C:\\xampp745\\htd...', 26, Array)
#1 C:\xampp745\htdocs\natraj\system\View\View.php(220): include('C:\\xampp745\\htd...')
#2 C:\xampp745\htdocs\natraj\system\View\View.php(222): CodeIgniter\View\View->CodeIgniter\View\{closure}()
#3 C:\xampp745\htdocs\natraj\system\Common.php(1217): CodeIgniter\View\View->render('admin/common/si...', Array, true)
#4 C:\xampp745\htdocs\natraj\system\Common.php(1248): view('admin/common/si...', Array)
#5 C:\xampp745\htdocs\natraj\app\Controllers\Dashboard_c.php(21): master_admin_view('admin/dashboard', Array)
#6 C:\xampp745\htdocs\natraj\system\CodeIgniter.php(936): App\Controllers\Dashboard_c->index()
#7 C:\xampp745\htdocs\natraj\system\CodeIgniter.php(432): CodeIgniter\CodeIgniter->runController(Object(App\Controllers\Dashboard_c))
#8 C:\xampp745\htdocs\natraj\system\CodeIgniter.php(333): CodeIgniter\CodeIgniter->handleRequest(NULL, Object(Config\Cache), false)
#9 C:\xampp745\htdocs\natraj\index.php(62): CodeIgniter\CodeIgniter->run()
#10 {main}
CRITICAL - 2021-06-29 11:20:54 --> Undefined index: admin
#0 C:\xampp745\htdocs\natraj\app\Views\admin\common\sidebar.php(26): CodeIgniter\Debug\Exceptions->errorHandler(8, 'Undefined index...', 'C:\\xampp745\\htd...', 26, Array)
#1 C:\xampp745\htdocs\natraj\system\View\View.php(220): include('C:\\xampp745\\htd...')
#2 C:\xampp745\htdocs\natraj\system\View\View.php(222): CodeIgniter\View\View->CodeIgniter\View\{closure}()
#3 C:\xampp745\htdocs\natraj\system\Common.php(1217): CodeIgniter\View\View->render('admin/common/si...', Array, true)
#4 C:\xampp745\htdocs\natraj\system\Common.php(1248): view('admin/common/si...', Array)
#5 C:\xampp745\htdocs\natraj\app\Controllers\Dashboard_c.php(21): master_admin_view('admin/dashboard', Array)
#6 C:\xampp745\htdocs\natraj\system\CodeIgniter.php(936): App\Controllers\Dashboard_c->index()
#7 C:\xampp745\htdocs\natraj\system\CodeIgniter.php(432): CodeIgniter\CodeIgniter->runController(Object(App\Controllers\Dashboard_c))
#8 C:\xampp745\htdocs\natraj\system\CodeIgniter.php(333): CodeIgniter\CodeIgniter->handleRequest(NULL, Object(Config\Cache), false)
#9 C:\xampp745\htdocs\natraj\index.php(62): CodeIgniter\CodeIgniter->run()
#10 {main}
CRITICAL - 2021-06-29 11:21:20 --> Undefined index: admin
#0 C:\xampp745\htdocs\natraj\app\Views\admin\common\sidebar.php(26): CodeIgniter\Debug\Exceptions->errorHandler(8, 'Undefined index...', 'C:\\xampp745\\htd...', 26, Array)
#1 C:\xampp745\htdocs\natraj\system\View\View.php(220): include('C:\\xampp745\\htd...')
#2 C:\xampp745\htdocs\natraj\system\View\View.php(222): CodeIgniter\View\View->CodeIgniter\View\{closure}()
#3 C:\xampp745\htdocs\natraj\system\Common.php(1217): CodeIgniter\View\View->render('admin/common/si...', Array, true)
#4 C:\xampp745\htdocs\natraj\system\Common.php(1248): view('admin/common/si...', Array)
#5 C:\xampp745\htdocs\natraj\app\Controllers\Dashboard_c.php(21): master_admin_view('admin/dashboard', Array)
#6 C:\xampp745\htdocs\natraj\system\CodeIgniter.php(936): App\Controllers\Dashboard_c->index()
#7 C:\xampp745\htdocs\natraj\system\CodeIgniter.php(432): CodeIgniter\CodeIgniter->runController(Object(App\Controllers\Dashboard_c))
#8 C:\xampp745\htdocs\natraj\system\CodeIgniter.php(333): CodeIgniter\CodeIgniter->handleRequest(NULL, Object(Config\Cache), false)
#9 C:\xampp745\htdocs\natraj\index.php(62): CodeIgniter\CodeIgniter->run()
#10 {main}
CRITICAL - 2021-06-29 11:21:36 --> Undefined index: admin
#0 C:\xampp745\htdocs\natraj\app\Views\admin\common\sidebar.php(26): CodeIgniter\Debug\Exceptions->errorHandler(8, 'Undefined index...', 'C:\\xampp745\\htd...', 26, Array)
#1 C:\xampp745\htdocs\natraj\system\View\View.php(220): include('C:\\xampp745\\htd...')
#2 C:\xampp745\htdocs\natraj\system\View\View.php(222): CodeIgniter\View\View->CodeIgniter\View\{closure}()
#3 C:\xampp745\htdocs\natraj\system\Common.php(1217): CodeIgniter\View\View->render('admin/common/si...', Array, true)
#4 C:\xampp745\htdocs\natraj\system\Common.php(1248): view('admin/common/si...', Array)
#5 C:\xampp745\htdocs\natraj\app\Controllers\Dashboard_c.php(21): master_admin_view('admin/dashboard', Array)
#6 C:\xampp745\htdocs\natraj\system\CodeIgniter.php(936): App\Controllers\Dashboard_c->index()
#7 C:\xampp745\htdocs\natraj\system\CodeIgniter.php(432): CodeIgniter\CodeIgniter->runController(Object(App\Controllers\Dashboard_c))
#8 C:\xampp745\htdocs\natraj\system\CodeIgniter.php(333): CodeIgniter\CodeIgniter->handleRequest(NULL, Object(Config\Cache), false)
#9 C:\xampp745\htdocs\natraj\index.php(62): CodeIgniter\CodeIgniter->run()
#10 {main}
CRITICAL - 2021-06-29 11:46:26 --> Undefined index: admin
#0 C:\xampp745\htdocs\natraj\app\Views\admin\common\topnavigation.php(25): CodeIgniter\Debug\Exceptions->errorHandler(8, 'Undefined index...', 'C:\\xampp745\\htd...', 25, Array)
#1 C:\xampp745\htdocs\natraj\system\View\View.php(220): include('C:\\xampp745\\htd...')
#2 C:\xampp745\htdocs\natraj\system\View\View.php(222): CodeIgniter\View\View->CodeIgniter\View\{closure}()
#3 C:\xampp745\htdocs\natraj\system\Common.php(1217): CodeIgniter\View\View->render('admin/common/to...', Array, true)
#4 C:\xampp745\htdocs\natraj\system\Common.php(1249): view('admin/common/to...', Array)
#5 C:\xampp745\htdocs\natraj\app\Controllers\Dashboard_c.php(21): master_admin_view('admin/dashboard', Array)
#6 C:\xampp745\htdocs\natraj\system\CodeIgniter.php(936): App\Controllers\Dashboard_c->index()
#7 C:\xampp745\htdocs\natraj\system\CodeIgniter.php(432): CodeIgniter\CodeIgniter->runController(Object(App\Controllers\Dashboard_c))
#8 C:\xampp745\htdocs\natraj\system\CodeIgniter.php(333): CodeIgniter\CodeIgniter->handleRequest(NULL, Object(Config\Cache), false)
#9 C:\xampp745\htdocs\natraj\index.php(62): CodeIgniter\CodeIgniter->run()
#10 {main}
CRITICAL - 2021-06-29 13:07:27 --> Cannot use object of type stdClass as array
#0 C:\xampp745\htdocs\natraj\system\View\View.php(220): include()
#1 C:\xampp745\htdocs\natraj\system\View\View.php(222): CodeIgniter\View\View->CodeIgniter\View\{closure}()
#2 C:\xampp745\htdocs\natraj\system\Common.php(1217): CodeIgniter\View\View->render('admin/addsingle...', Array, true)
#3 C:\xampp745\htdocs\natraj\system\Common.php(1250): view('admin/addsingle...', Array)
#4 C:\xampp745\htdocs\natraj\app\Controllers\Agent_c.php(102): master_admin_view('admin/addsingle...', Array)
#5 C:\xampp745\htdocs\natraj\system\CodeIgniter.php(936): App\Controllers\Agent_c->add_single_digit()
#6 C:\xampp745\htdocs\natraj\system\CodeIgniter.php(432): CodeIgniter\CodeIgniter->runController(Object(App\Controllers\Agent_c))
#7 C:\xampp745\htdocs\natraj\system\CodeIgniter.php(333): CodeIgniter\CodeIgniter->handleRequest(NULL, Object(Config\Cache), false)
#8 C:\xampp745\htdocs\natraj\index.php(62): CodeIgniter\CodeIgniter->run()
#9 {main}
CRITICAL - 2021-06-29 13:18:11 --> Argument 1 passed to CodeIgniter\Validation\FormatRules::numeric() must be of the type string or null, array given, called in C:\xampp745\htdocs\natraj\system\Validation\Validation.php on line 306
#0 C:\xampp745\htdocs\natraj\system\Validation\Validation.php(306): CodeIgniter\Validation\FormatRules->numeric(Array, NULL)
#1 C:\xampp745\htdocs\natraj\system\Validation\Validation.php(164): CodeIgniter\Validation\Validation->processRules('digit_entry_num', 'digit_entry_num', Array, Array, Array)
#2 C:\xampp745\htdocs\natraj\system\Controller.php(180): CodeIgniter\Validation\Validation->run()
#3 C:\xampp745\htdocs\natraj\app\Controllers\Agent_c.php(77): CodeIgniter\Controller->validate(Array)
#4 C:\xampp745\htdocs\natraj\system\CodeIgniter.php(936): App\Controllers\Agent_c->add_single_digit()
#5 C:\xampp745\htdocs\natraj\system\CodeIgniter.php(432): CodeIgniter\CodeIgniter->runController(Object(App\Controllers\Agent_c))
#6 C:\xampp745\htdocs\natraj\system\CodeIgniter.php(333): CodeIgniter\CodeIgniter->handleRequest(NULL, Object(Config\Cache), false)
#7 C:\xampp745\htdocs\natraj\index.php(62): CodeIgniter\CodeIgniter->run()
#8 {main}
ERROR - 2021-06-29 13:20:56 --> mysqli_sql_exception: Unknown column 'digit_entry_num' in 'field list' in C:\xampp745\htdocs\natraj\system\Database\MySQLi\Connection.php:314
Stack trace:
#0 C:\xampp745\htdocs\natraj\system\Database\MySQLi\Connection.php(314): mysqli->query('INSERT INTO `ar...')
#1 C:\xampp745\htdocs\natraj\system\Database\BaseConnection.php(713): CodeIgniter\Database\MySQLi\Connection->execute('INSERT INTO `ar...')
#2 C:\xampp745\htdocs\natraj\system\Database\BaseConnection.php(641): CodeIgniter\Database\BaseConnection->simpleQuery('INSERT INTO `ar...')
#3 C:\xampp745\htdocs\natraj\system\Database\BaseBuilder.php(2263): CodeIgniter\Database\BaseConnection->query('INSERT INTO `ar...', Array, false)
#4 C:\xampp745\htdocs\natraj\app\Models\Madmin\Area_m.php(69): CodeIgniter\Database\BaseBuilder->insert(Array)
#5 C:\xampp745\htdocs\natraj\app\Controllers\Agent_c.php(90): App\Models\Madmin\Area_m->add_area(Array)
#6 C:\xampp745\htdocs\natraj\system\CodeIgniter.php(936): App\Controllers\Agent_c->add_single_digit()
#7 C:\xampp745\htdocs\natraj\system\CodeIgniter.php(432): CodeIgniter\CodeIgniter->runController(Object(App\Controllers\Agent_c))
#8 C:\xampp745\htdocs\natraj\system\CodeIgniter.php(333): CodeIgniter\CodeIgniter->handleRequest(NULL, Object(Config\Cache), false)
#9 C:\xampp745\htdocs\natraj\index.php(62): CodeIgniter\CodeIgniter->run()
#10 {main}
CRITICAL - 2021-06-29 13:20:56 --> Unknown column 'digit_entry_num' in 'field list'
#0 C:\xampp745\htdocs\natraj\system\Database\MySQLi\Connection.php(314): mysqli->query('INSERT INTO `ar...')
#1 C:\xampp745\htdocs\natraj\system\Database\BaseConnection.php(713): CodeIgniter\Database\MySQLi\Connection->execute('INSERT INTO `ar...')
#2 C:\xampp745\htdocs\natraj\system\Database\BaseConnection.php(641): CodeIgniter\Database\BaseConnection->simpleQuery('INSERT INTO `ar...')
#3 C:\xampp745\htdocs\natraj\system\Database\BaseBuilder.php(2263): CodeIgniter\Database\BaseConnection->query('INSERT INTO `ar...', Array, false)
#4 C:\xampp745\htdocs\natraj\app\Models\Madmin\Area_m.php(69): CodeIgniter\Database\BaseBuilder->insert(Array)
#5 C:\xampp745\htdocs\natraj\app\Controllers\Agent_c.php(90): App\Models\Madmin\Area_m->add_area(Array)
#6 C:\xampp745\htdocs\natraj\system\CodeIgniter.php(936): App\Controllers\Agent_c->add_single_digit()
#7 C:\xampp745\htdocs\natraj\system\CodeIgniter.php(432): CodeIgniter\CodeIgniter->runController(Object(App\Controllers\Agent_c))
#8 C:\xampp745\htdocs\natraj\system\CodeIgniter.php(333): CodeIgniter\CodeIgniter->handleRequest(NULL, Object(Config\Cache), false)
#9 C:\xampp745\htdocs\natraj\index.php(62): CodeIgniter\CodeIgniter->run()
#10 {main}
CRITICAL - 2021-06-29 14:40:17 --> Undefined index: refArea_id
#0 C:\xampp745\htdocs\natraj\app\Controllers\Agent_c.php(154): CodeIgniter\Debug\Exceptions->errorHandler(8, 'Undefined index...', 'C:\\xampp745\\htd...', 154, Array)
#1 C:\xampp745\htdocs\natraj\system\CodeIgniter.php(936): App\Controllers\Agent_c->add_single_pana()
#2 C:\xampp745\htdocs\natraj\system\CodeIgniter.php(432): CodeIgniter\CodeIgniter->runController(Object(App\Controllers\Agent_c))
#3 C:\xampp745\htdocs\natraj\system\CodeIgniter.php(333): CodeIgniter\CodeIgniter->handleRequest(NULL, Object(Config\Cache), false)
#4 C:\xampp745\htdocs\natraj\index.php(62): CodeIgniter\CodeIgniter->run()
#5 {main}
ERROR - 2021-06-29 15:15:44 --> mysqli_sql_exception: Unknown column 'halfsangam_entry_num' in 'field list' in C:\xampp745\htdocs\natraj\system\Database\MySQLi\Connection.php:314
Stack trace:
#0 C:\xampp745\htdocs\natraj\system\Database\MySQLi\Connection.php(314): mysqli->query('INSERT INTO `jo...')
#1 C:\xampp745\htdocs\natraj\system\Database\BaseConnection.php(713): CodeIgniter\Database\MySQLi\Connection->execute('INSERT INTO `jo...')
#2 C:\xampp745\htdocs\natraj\system\Database\BaseConnection.php(641): CodeIgniter\Database\BaseConnection->simpleQuery('INSERT INTO `jo...')
#3 C:\xampp745\htdocs\natraj\system\Database\BaseBuilder.php(2263): CodeIgniter\Database\BaseConnection->query('INSERT INTO `jo...', Array, false)
#4 C:\xampp745\htdocs\natraj\app\Models\Madmin\Area_m.php(84): CodeIgniter\Database\BaseBuilder->insert(Array)
#5 C:\xampp745\htdocs\natraj\app\Controllers\Agent_c.php(253): App\Models\Madmin\Area_m->add_jodi(Array)
#6 C:\xampp745\htdocs\natraj\system\CodeIgniter.php(936): App\Controllers\Agent_c->add_half_sangam()
#7 C:\xampp745\htdocs\natraj\system\CodeIgniter.php(432): CodeIgniter\CodeIgniter->runController(Object(App\Controllers\Agent_c))
#8 C:\xampp745\htdocs\natraj\system\CodeIgniter.php(333): CodeIgniter\CodeIgniter->handleRequest(NULL, Object(Config\Cache), false)
#9 C:\xampp745\htdocs\natraj\index.php(62): CodeIgniter\CodeIgniter->run()
#10 {main}
CRITICAL - 2021-06-29 15:15:44 --> Unknown column 'halfsangam_entry_num' in 'field list'
#0 C:\xampp745\htdocs\natraj\system\Database\MySQLi\Connection.php(314): mysqli->query('INSERT INTO `jo...')
#1 C:\xampp745\htdocs\natraj\system\Database\BaseConnection.php(713): CodeIgniter\Database\MySQLi\Connection->execute('INSERT INTO `jo...')
#2 C:\xampp745\htdocs\natraj\system\Database\BaseConnection.php(641): CodeIgniter\Database\BaseConnection->simpleQuery('INSERT INTO `jo...')
#3 C:\xampp745\htdocs\natraj\system\Database\BaseBuilder.php(2263): CodeIgniter\Database\BaseConnection->query('INSERT INTO `jo...', Array, false)
#4 C:\xampp745\htdocs\natraj\app\Models\Madmin\Area_m.php(84): CodeIgniter\Database\BaseBuilder->insert(Array)
#5 C:\xampp745\htdocs\natraj\app\Controllers\Agent_c.php(253): App\Models\Madmin\Area_m->add_jodi(Array)
#6 C:\xampp745\htdocs\natraj\system\CodeIgniter.php(936): App\Controllers\Agent_c->add_half_sangam()
#7 C:\xampp745\htdocs\natraj\system\CodeIgniter.php(432): CodeIgniter\CodeIgniter->runController(Object(App\Controllers\Agent_c))
#8 C:\xampp745\htdocs\natraj\system\CodeIgniter.php(333): CodeIgniter\CodeIgniter->handleRequest(NULL, Object(Config\Cache), false)
#9 C:\xampp745\htdocs\natraj\index.php(62): CodeIgniter\CodeIgniter->run()
#10 {main}
CRITICAL - 2021-06-29 22:02:49 --> Undefined index: last_login_timestamp
#0 C:\xampp745\htdocs\natraj\app\Helpers\functions_helper.php(57): CodeIgniter\Debug\Exceptions->errorHandler(8, 'Undefined index...', 'C:\\xampp745\\htd...', 57, Array)
#1 C:\xampp745\htdocs\natraj\app\Controllers\Dashboard_c.php(18): auto_logout()
#2 C:\xampp745\htdocs\natraj\system\CodeIgniter.php(908): App\Controllers\Dashboard_c->__construct()
#3 C:\xampp745\htdocs\natraj\system\CodeIgniter.php(422): CodeIgniter\CodeIgniter->createController()
#4 C:\xampp745\htdocs\natraj\system\CodeIgniter.php(333): CodeIgniter\CodeIgniter->handleRequest(NULL, Object(Config\Cache), false)
#5 C:\xampp745\htdocs\natraj\index.php(62): CodeIgniter\CodeIgniter->run()
#6 {main}
CRITICAL - 2021-06-29 22:02:54 --> Undefined index: last_login_timestamp
#0 C:\xampp745\htdocs\natraj\app\Helpers\functions_helper.php(57): CodeIgniter\Debug\Exceptions->errorHandler(8, 'Undefined index...', 'C:\\xampp745\\htd...', 57, Array)
#1 C:\xampp745\htdocs\natraj\app\Controllers\Agent_c.php(20): auto_logout()
#2 C:\xampp745\htdocs\natraj\system\CodeIgniter.php(908): App\Controllers\Agent_c->__construct()
#3 C:\xampp745\htdocs\natraj\system\CodeIgniter.php(422): CodeIgniter\CodeIgniter->createController()
#4 C:\xampp745\htdocs\natraj\system\CodeIgniter.php(333): CodeIgniter\CodeIgniter->handleRequest(NULL, Object(Config\Cache), false)
#5 C:\xampp745\htdocs\natraj\index.php(62): CodeIgniter\CodeIgniter->run()
#6 {main}
CRITICAL - 2021-06-29 22:21:22 --> Use of undefined constant MASTER_ADMIN_PROFILE_LINK - assumed 'MASTER_ADMIN_PROFILE_LINK' (this will throw an Error in a future version of PHP)
#0 C:\xampp745\htdocs\natraj\app\Views\admin\update_profile.php(17): CodeIgniter\Debug\Exceptions->errorHandler(2, 'Use of undefine...', 'C:\\xampp745\\htd...', 17, Array)
#1 C:\xampp745\htdocs\natraj\system\View\View.php(220): include('C:\\xampp745\\htd...')
#2 C:\xampp745\htdocs\natraj\system\View\View.php(222): CodeIgniter\View\View->CodeIgniter\View\{closure}()
#3 C:\xampp745\htdocs\natraj\system\Common.php(1217): CodeIgniter\View\View->render('admin/update_pr...', Array, true)
#4 C:\xampp745\htdocs\natraj\system\Common.php(1250): view('admin/update_pr...', Array)
#5 C:\xampp745\htdocs\natraj\app\Controllers\Common_c.php(41): master_admin_view('admin/update_pr...', Array)
#6 C:\xampp745\htdocs\natraj\system\CodeIgniter.php(936): App\Controllers\Common_c->update_profile()
#7 C:\xampp745\htdocs\natraj\system\CodeIgniter.php(432): CodeIgniter\CodeIgniter->runController(Object(App\Controllers\Common_c))
#8 C:\xampp745\htdocs\natraj\system\CodeIgniter.php(333): CodeIgniter\CodeIgniter->handleRequest(NULL, Object(Config\Cache), false)
#9 C:\xampp745\htdocs\natraj\index.php(62): CodeIgniter\CodeIgniter->run()
#10 {main}
CRITICAL - 2021-06-29 22:21:42 --> Use of undefined constant MASTER_ADMIN_PROFILE_LINK - assumed 'MASTER_ADMIN_PROFILE_LINK' (this will throw an Error in a future version of PHP)
#0 C:\xampp745\htdocs\natraj\app\Views\admin\update_profile.php(17): CodeIgniter\Debug\Exceptions->errorHandler(2, 'Use of undefine...', 'C:\\xampp745\\htd...', 17, Array)
#1 C:\xampp745\htdocs\natraj\system\View\View.php(220): include('C:\\xampp745\\htd...')
#2 C:\xampp745\htdocs\natraj\system\View\View.php(222): CodeIgniter\View\View->CodeIgniter\View\{closure}()
#3 C:\xampp745\htdocs\natraj\system\Common.php(1217): CodeIgniter\View\View->render('admin/update_pr...', Array, true)
#4 C:\xampp745\htdocs\natraj\system\Common.php(1250): view('admin/update_pr...', Array)
#5 C:\xampp745\htdocs\natraj\app\Controllers\Common_c.php(41): master_admin_view('admin/update_pr...', Array)
#6 C:\xampp745\htdocs\natraj\system\CodeIgniter.php(936): App\Controllers\Common_c->update_profile()
#7 C:\xampp745\htdocs\natraj\system\CodeIgniter.php(432): CodeIgniter\CodeIgniter->runController(Object(App\Controllers\Common_c))
#8 C:\xampp745\htdocs\natraj\system\CodeIgniter.php(333): CodeIgniter\CodeIgniter->handleRequest(NULL, Object(Config\Cache), false)
#9 C:\xampp745\htdocs\natraj\index.php(62): CodeIgniter\CodeIgniter->run()
#10 {main}
CRITICAL - 2021-06-29 22:26:35 --> Undefined variable: password
#0 C:\xampp745\htdocs\natraj\app\Models\Madmin\Login_m.php(53): CodeIgniter\Debug\Exceptions->errorHandler(8, 'Undefined varia...', 'C:\\xampp745\\htd...', 53, Array)
#1 C:\xampp745\htdocs\natraj\app\Controllers\Common_c.php(28): App\Models\Madmin\Login_m->update_password(Array)
#2 C:\xampp745\htdocs\natraj\system\CodeIgniter.php(936): App\Controllers\Common_c->update_profile()
#3 C:\xampp745\htdocs\natraj\system\CodeIgniter.php(432): CodeIgniter\CodeIgniter->runController(Object(App\Controllers\Common_c))
#4 C:\xampp745\htdocs\natraj\system\CodeIgniter.php(333): CodeIgniter\CodeIgniter->handleRequest(NULL, Object(Config\Cache), false)
#5 C:\xampp745\htdocs\natraj\index.php(62): CodeIgniter\CodeIgniter->run()
#6 {main}
CRITICAL - 2021-06-29 22:37:18 --> Call to undefined function form_open()
#0 C:\xampp745\htdocs\natraj\system\View\View.php(220): include()
#1 C:\xampp745\htdocs\natraj\system\View\View.php(222): CodeIgniter\View\View->CodeIgniter\View\{closure}()
#2 C:\xampp745\htdocs\natraj\system\Common.php(1217): CodeIgniter\View\View->render('admin/live', Array, true)
#3 C:\xampp745\htdocs\natraj\system\Common.php(1250): view('admin/live', Array)
#4 C:\xampp745\htdocs\natraj\app\Controllers\Admin_c.php(35): master_admin_view('admin/live', Array)
#5 C:\xampp745\htdocs\natraj\system\CodeIgniter.php(936): App\Controllers\Admin_c->live()
#6 C:\xampp745\htdocs\natraj\system\CodeIgniter.php(432): CodeIgniter\CodeIgniter->runController(Object(App\Controllers\Admin_c))
#7 C:\xampp745\htdocs\natraj\system\CodeIgniter.php(333): CodeIgniter\CodeIgniter->handleRequest(NULL, Object(Config\Cache), false)
#8 C:\xampp745\htdocs\natraj\index.php(62): CodeIgniter\CodeIgniter->run()
#9 {main}
ERROR - 2021-06-29 23:02:28 --> mysqli_sql_exception: Unknown column 'pana_entry_price' in 'field list' in C:\xampp745\htdocs\natraj\system\Database\MySQLi\Connection.php:314
Stack trace:
#0 C:\xampp745\htdocs\natraj\system\Database\MySQLi\Connection.php(314): mysqli->query('SELECT SUM(pana...')
#1 C:\xampp745\htdocs\natraj\system\Database\BaseConnection.php(713): CodeIgniter\Database\MySQLi\Connection->execute('SELECT SUM(pana...')
#2 C:\xampp745\htdocs\natraj\system\Database\BaseConnection.php(641): CodeIgniter\Database\BaseConnection->simpleQuery('SELECT SUM(pana...')
#3 C:\xampp745\htdocs\natraj\app\Models\Madmin\Market_m.php(89): CodeIgniter\Database\BaseConnection->query('SELECT SUM(pana...')
#4 C:\xampp745\htdocs\natraj\app\Controllers\Admin_c.php(37): App\Models\Madmin\Market_m->get_open_pana_result('OPEN')
#5 C:\xampp745\htdocs\natraj\system\CodeIgniter.php(936): App\Controllers\Admin_c->live()
#6 C:\xampp745\htdocs\natraj\system\CodeIgniter.php(432): CodeIgniter\CodeIgniter->runController(Object(App\Controllers\Admin_c))
#7 C:\xampp745\htdocs\natraj\system\CodeIgniter.php(333): CodeIgniter\CodeIgniter->handleRequest(NULL, Object(Config\Cache), false)
#8 C:\xampp745\htdocs\natraj\index.php(62): CodeIgniter\CodeIgniter->run()
#9 {main}
CRITICAL - 2021-06-29 23:02:28 --> Unknown column 'pana_entry_price' in 'field list'
#0 C:\xampp745\htdocs\natraj\system\Database\MySQLi\Connection.php(314): mysqli->query('SELECT SUM(pana...')
#1 C:\xampp745\htdocs\natraj\system\Database\BaseConnection.php(713): CodeIgniter\Database\MySQLi\Connection->execute('SELECT SUM(pana...')
#2 C:\xampp745\htdocs\natraj\system\Database\BaseConnection.php(641): CodeIgniter\Database\BaseConnection->simpleQuery('SELECT SUM(pana...')
#3 C:\xampp745\htdocs\natraj\app\Models\Madmin\Market_m.php(89): CodeIgniter\Database\BaseConnection->query('SELECT SUM(pana...')
#4 C:\xampp745\htdocs\natraj\app\Controllers\Admin_c.php(37): App\Models\Madmin\Market_m->get_open_pana_result('OPEN')
#5 C:\xampp745\htdocs\natraj\system\CodeIgniter.php(936): App\Controllers\Admin_c->live()
#6 C:\xampp745\htdocs\natraj\system\CodeIgniter.php(432): CodeIgniter\CodeIgniter->runController(Object(App\Controllers\Admin_c))
#7 C:\xampp745\htdocs\natraj\system\CodeIgniter.php(333): CodeIgniter\CodeIgniter->handleRequest(NULL, Object(Config\Cache), false)
#8 C:\xampp745\htdocs\natraj\index.php(62): CodeIgniter\CodeIgniter->run()
#9 {main}
ERROR - 2021-06-29 23:03:48 --> mysqli_sql_exception: Unknown column 'pana_entry_price' in 'field list' in C:\xampp745\htdocs\natraj\system\Database\MySQLi\Connection.php:314
Stack trace:
#0 C:\xampp745\htdocs\natraj\system\Database\MySQLi\Connection.php(314): mysqli->query('SELECT SUM(pana...')
#1 C:\xampp745\htdocs\natraj\system\Database\BaseConnection.php(713): CodeIgniter\Database\MySQLi\Connection->execute('SELECT SUM(pana...')
#2 C:\xampp745\htdocs\natraj\system\Database\BaseConnection.php(641): CodeIgniter\Database\BaseConnection->simpleQuery('SELECT SUM(pana...')
#3 C:\xampp745\htdocs\natraj\app\Models\Madmin\Market_m.php(90): CodeIgniter\Database\BaseConnection->query('SELECT SUM(pana...')
#4 C:\xampp745\htdocs\natraj\app\Controllers\Admin_c.php(37): App\Models\Madmin\Market_m->get_open_pana_result('OPEN')
#5 C:\xampp745\htdocs\natraj\system\CodeIgniter.php(936): App\Controllers\Admin_c->live()
#6 C:\xampp745\htdocs\natraj\system\CodeIgniter.php(432): CodeIgniter\CodeIgniter->runController(Object(App\Controllers\Admin_c))
#7 C:\xampp745\htdocs\natraj\system\CodeIgniter.php(333): CodeIgniter\CodeIgniter->handleRequest(NULL, Object(Config\Cache), false)
#8 C:\xampp745\htdocs\natraj\index.php(62): CodeIgniter\CodeIgniter->run()
#9 {main}
CRITICAL - 2021-06-29 23:03:48 --> Unknown column 'pana_entry_price' in 'field list'
#0 C:\xampp745\htdocs\natraj\system\Database\MySQLi\Connection.php(314): mysqli->query('SELECT SUM(pana...')
#1 C:\xampp745\htdocs\natraj\system\Database\BaseConnection.php(713): CodeIgniter\Database\MySQLi\Connection->execute('SELECT SUM(pana...')
#2 C:\xampp745\htdocs\natraj\system\Database\BaseConnection.php(641): CodeIgniter\Database\BaseConnection->simpleQuery('SELECT SUM(pana...')
#3 C:\xampp745\htdocs\natraj\app\Models\Madmin\Market_m.php(90): CodeIgniter\Database\BaseConnection->query('SELECT SUM(pana...')
#4 C:\xampp745\htdocs\natraj\app\Controllers\Admin_c.php(37): App\Models\Madmin\Market_m->get_open_pana_result('OPEN')
#5 C:\xampp745\htdocs\natraj\system\CodeIgniter.php(936): App\Controllers\Admin_c->live()
#6 C:\xampp745\htdocs\natraj\system\CodeIgniter.php(432): CodeIgniter\CodeIgniter->runController(Object(App\Controllers\Admin_c))
#7 C:\xampp745\htdocs\natraj\system\CodeIgniter.php(333): CodeIgniter\CodeIgniter->handleRequest(NULL, Object(Config\Cache), false)
#8 C:\xampp745\htdocs\natraj\index.php(62): CodeIgniter\CodeIgniter->run()
#9 {main}
ERROR - 2021-06-29 23:03:49 --> mysqli_sql_exception: Unknown column 'pana_entry_price' in 'field list' in C:\xampp745\htdocs\natraj\system\Database\MySQLi\Connection.php:314
Stack trace:
#0 C:\xampp745\htdocs\natraj\system\Database\MySQLi\Connection.php(314): mysqli->query('SELECT SUM(pana...')
#1 C:\xampp745\htdocs\natraj\system\Database\BaseConnection.php(713): CodeIgniter\Database\MySQLi\Connection->execute('SELECT SUM(pana...')
#2 C:\xampp745\htdocs\natraj\system\Database\BaseConnection.php(641): CodeIgniter\Database\BaseConnection->simpleQuery('SELECT SUM(pana...')
#3 C:\xampp745\htdocs\natraj\app\Models\Madmin\Market_m.php(90): CodeIgniter\Database\BaseConnection->query('SELECT SUM(pana...')
#4 C:\xampp745\htdocs\natraj\app\Controllers\Admin_c.php(37): App\Models\Madmin\Market_m->get_open_pana_result('OPEN')
#5 C:\xampp745\htdocs\natraj\system\CodeIgniter.php(936): App\Controllers\Admin_c->live()
#6 C:\xampp745\htdocs\natraj\system\CodeIgniter.php(432): CodeIgniter\CodeIgniter->runController(Object(App\Controllers\Admin_c))
#7 C:\xampp745\htdocs\natraj\system\CodeIgniter.php(333): CodeIgniter\CodeIgniter->handleRequest(NULL, Object(Config\Cache), false)
#8 C:\xampp745\htdocs\natraj\index.php(62): CodeIgniter\CodeIgniter->run()
#9 {main}
CRITICAL - 2021-06-29 23:03:49 --> Unknown column 'pana_entry_price' in 'field list'
#0 C:\xampp745\htdocs\natraj\system\Database\MySQLi\Connection.php(314): mysqli->query('SELECT SUM(pana...')
#1 C:\xampp745\htdocs\natraj\system\Database\BaseConnection.php(713): CodeIgniter\Database\MySQLi\Connection->execute('SELECT SUM(pana...')
#2 C:\xampp745\htdocs\natraj\system\Database\BaseConnection.php(641): CodeIgniter\Database\BaseConnection->simpleQuery('SELECT SUM(pana...')
#3 C:\xampp745\htdocs\natraj\app\Models\Madmin\Market_m.php(90): CodeIgniter\Database\BaseConnection->query('SELECT SUM(pana...')
#4 C:\xampp745\htdocs\natraj\app\Controllers\Admin_c.php(37): App\Models\Madmin\Market_m->get_open_pana_result('OPEN')
#5 C:\xampp745\htdocs\natraj\system\CodeIgniter.php(936): App\Controllers\Admin_c->live()
#6 C:\xampp745\htdocs\natraj\system\CodeIgniter.php(432): CodeIgniter\CodeIgniter->runController(Object(App\Controllers\Admin_c))
#7 C:\xampp745\htdocs\natraj\system\CodeIgniter.php(333): CodeIgniter\CodeIgniter->handleRequest(NULL, Object(Config\Cache), false)
#8 C:\xampp745\htdocs\natraj\index.php(62): CodeIgniter\CodeIgniter->run()
#9 {main}
