CRITICAL - 2021-07-09 15:59:39 --> str_split() expects parameter 1 to be string, array given
#0 [internal function]: CodeIgniter\Debug\Exceptions->errorHandler(2, 'str_split() exp...', 'C:\\xampp745\\htd...', 219, Array)
#1 C:\xampp745\htdocs\natraj\app\Controllers\Agent_c.php(219): str_split(Array)
#2 C:\xampp745\htdocs\natraj\system\CodeIgniter.php(936): App\Controllers\Agent_c->add_motor()
#3 C:\xampp745\htdocs\natraj\system\CodeIgniter.php(432): CodeIgniter\CodeIgniter->runController(Object(App\Controllers\Agent_c))
#4 C:\xampp745\htdocs\natraj\system\CodeIgniter.php(333): CodeIgniter\CodeIgniter->handleRequest(NULL, Object(Config\Cache), false)
#5 C:\xampp745\htdocs\natraj\index.php(65): CodeIgniter\CodeIgniter->run()
#6 {main}
CRITICAL - 2021-07-09 16:43:09 --> Array to string conversion
#0 C:\xampp745\htdocs\natraj\app\Controllers\Agent_c.php(306): CodeIgniter\Debug\Exceptions->errorHandler(8, 'Array to string...', 'C:\\xampp745\\htd...', 306, Array)
#1 C:\xampp745\htdocs\natraj\system\CodeIgniter.php(936): App\Controllers\Agent_c->add_ken()
#2 C:\xampp745\htdocs\natraj\system\CodeIgniter.php(432): CodeIgniter\CodeIgniter->runController(Object(App\Controllers\Agent_c))
#3 C:\xampp745\htdocs\natraj\system\CodeIgniter.php(333): CodeIgniter\CodeIgniter->handleRequest(NULL, Object(Config\Cache), false)
#4 C:\xampp745\htdocs\natraj\index.php(65): CodeIgniter\CodeIgniter->run()
#5 {main}
CRITICAL - 2021-07-09 17:06:27 --> Undefined variable: res
#0 C:\xampp745\htdocs\natraj\app\Controllers\Agent_c.php(365): CodeIgniter\Debug\Exceptions->errorHandler(8, 'Undefined varia...', 'C:\\xampp745\\htd...', 365, Array)
#1 C:\xampp745\htdocs\natraj\system\CodeIgniter.php(936): App\Controllers\Agent_c->add_ken()
#2 C:\xampp745\htdocs\natraj\system\CodeIgniter.php(432): CodeIgniter\CodeIgniter->runController(Object(App\Controllers\Agent_c))
#3 C:\xampp745\htdocs\natraj\system\CodeIgniter.php(333): CodeIgniter\CodeIgniter->handleRequest(NULL, Object(Config\Cache), false)
#4 C:\xampp745\htdocs\natraj\index.php(65): CodeIgniter\CodeIgniter->run()
#5 {main}
CRITICAL - 2021-07-09 17:07:26 --> Undefined variable: res
#0 C:\xampp745\htdocs\natraj\app\Controllers\Agent_c.php(365): CodeIgniter\Debug\Exceptions->errorHandler(8, 'Undefined varia...', 'C:\\xampp745\\htd...', 365, Array)
#1 C:\xampp745\htdocs\natraj\system\CodeIgniter.php(936): App\Controllers\Agent_c->add_ken()
#2 C:\xampp745\htdocs\natraj\system\CodeIgniter.php(432): CodeIgniter\CodeIgniter->runController(Object(App\Controllers\Agent_c))
#3 C:\xampp745\htdocs\natraj\system\CodeIgniter.php(333): CodeIgniter\CodeIgniter->handleRequest(NULL, Object(Config\Cache), false)
#4 C:\xampp745\htdocs\natraj\index.php(65): CodeIgniter\CodeIgniter->run()
#5 {main}
